TpTrace Verbose: 0 : 29888, 1, 2023/05/12, 02:23:36.196, 2618940888928, vstest.console.dll, Version: 17.5.0-release-20221220-01 Current process architecture: X64
TpTrace Verbose: 0 : 29888, 1, 2023/05/12, 02:23:36.197, 2618940901279, vstest.console.dll, Runtime location: C:\Program Files\dotnet\shared\Microsoft.NETCore.App\7.0.5
TpTrace Verbose: 0 : 29888, 1, 2023/05/12, 02:23:36.199, 2618940924927, vstest.console.dll, ArtifactProcessingPostProcessModeProcessorExecutor.Initialize: ArtifactProcessingMode.Collect
TpTrace Verbose: 0 : 29888, 1, 2023/05/12, 02:23:36.200, 2618940925870, vstest.console.dll, TestSessionCorrelationIdProcessorModeProcessorExecutor.Initialize: TestSessionCorrelationId '11940_53d79a7f-0c1b-4f8c-9086-c14a721dcf5e'
TpTrace Information: 0 : 29888, 1, 2023/05/12, 02:23:36.205, 2618940978984, vstest.console.dll, FilePatternParser: The given file C:\Users\p4t0s\Desktop\eventRadar\eventRadarUnitTests\bin\Debug\net7.0\fine-code-coverage\build-output\eventRadarUnitTests.dll is a full path.
TpTrace Verbose: 0 : 29888, 1, 2023/05/12, 02:23:36.210, 2618941028228, vstest.console.dll, TestPluginCache.DiscoverTestExtensions: finding test extensions in assemblies ends with: RuntimeProvider.dll TPluginInfo: Microsoft.VisualStudio.TestPlatform.Common.ExtensionFramework.Utilities.TestRuntimePluginInformation TExtension: Microsoft.VisualStudio.TestPlatform.ObjectModel.Host.ITestRuntimeProvider
TpTrace Verbose: 0 : 29888, 1, 2023/05/12, 02:23:36.210, 2618941031259, vstest.console.dll, TestPluginCache.GetExtensionPaths: Filtered extension paths: 
TpTrace Verbose: 0 : 29888, 1, 2023/05/12, 02:23:36.210, 2618941031869, vstest.console.dll, TestPluginCache.GetExtensionPaths: Added default extension paths: C:\Program Files\dotnet\sdk\7.0.203\Extensions\Microsoft.Diagnostics.NETCore.Client.dll
C:\Program Files\dotnet\sdk\7.0.203\Extensions\Microsoft.TestPlatform.Extensions.BlameDataCollector.dll
C:\Program Files\dotnet\sdk\7.0.203\Extensions\Microsoft.TestPlatform.Extensions.EventLogCollector.dll
C:\Program Files\dotnet\sdk\7.0.203\Extensions\Microsoft.TestPlatform.TestHostRuntimeProvider.dll
C:\Program Files\dotnet\sdk\7.0.203\Extensions\Microsoft.VisualStudio.TestPlatform.Extensions.Html.TestLogger.dll
C:\Program Files\dotnet\sdk\7.0.203\Extensions\Microsoft.VisualStudio.TestPlatform.Extensions.Trx.TestLogger.dll
TpTrace Verbose: 0 : 29888, 1, 2023/05/12, 02:23:36.210, 2618941032091, vstest.console.dll, TestPluginCache.GetExtensionPaths: Added unfilterableExtensionPaths: 
TpTrace Information: 0 : 29888, 1, 2023/05/12, 02:23:36.211, 2618941036368, vstest.console.dll, AssemblyResolver.ctor: Creating AssemblyResolver with searchDirectories C:\Program Files\dotnet\sdk\7.0.203\Extensions,C:\Program Files\dotnet\sdk\7.0.203
TpTrace Verbose: 0 : 29888, 1, 2023/05/12, 02:23:36.212, 2618941046221, vstest.console.dll, TestPluginCache.DiscoverTestExtensions: Discovering the extensions using extension path.
TpTrace Verbose: 0 : 29888, 1, 2023/05/12, 02:23:36.212, 2618941047015, vstest.console.dll, TestPluginCache.GetExtensionPaths: Filtered extension paths: 
TpTrace Verbose: 0 : 29888, 1, 2023/05/12, 02:23:36.212, 2618941047616, vstest.console.dll, TestPluginCache.GetExtensionPaths: Added default extension paths: C:\Program Files\dotnet\sdk\7.0.203\Extensions\Microsoft.Diagnostics.NETCore.Client.dll
C:\Program Files\dotnet\sdk\7.0.203\Extensions\Microsoft.TestPlatform.Extensions.BlameDataCollector.dll
C:\Program Files\dotnet\sdk\7.0.203\Extensions\Microsoft.TestPlatform.Extensions.EventLogCollector.dll
C:\Program Files\dotnet\sdk\7.0.203\Extensions\Microsoft.TestPlatform.TestHostRuntimeProvider.dll
C:\Program Files\dotnet\sdk\7.0.203\Extensions\Microsoft.VisualStudio.TestPlatform.Extensions.Html.TestLogger.dll
C:\Program Files\dotnet\sdk\7.0.203\Extensions\Microsoft.VisualStudio.TestPlatform.Extensions.Trx.TestLogger.dll
TpTrace Verbose: 0 : 29888, 1, 2023/05/12, 02:23:36.212, 2618941047843, vstest.console.dll, TestPluginCache.GetExtensionPaths: Added unfilterableExtensionPaths: 
TpTrace Verbose: 0 : 29888, 1, 2023/05/12, 02:23:36.212, 2618941048688, vstest.console.dll, TestPluginCache.DiscoverTestExtensions: Discovering the extensions using allExtensionPaths: C:\Program Files\dotnet\sdk\7.0.203\Extensions\Microsoft.Diagnostics.NETCore.Client.dll
C:\Program Files\dotnet\sdk\7.0.203\Extensions\Microsoft.TestPlatform.Extensions.BlameDataCollector.dll
C:\Program Files\dotnet\sdk\7.0.203\Extensions\Microsoft.TestPlatform.Extensions.EventLogCollector.dll
C:\Program Files\dotnet\sdk\7.0.203\Extensions\Microsoft.TestPlatform.TestHostRuntimeProvider.dll
C:\Program Files\dotnet\sdk\7.0.203\Extensions\Microsoft.VisualStudio.TestPlatform.Extensions.Html.TestLogger.dll
C:\Program Files\dotnet\sdk\7.0.203\Extensions\Microsoft.VisualStudio.TestPlatform.Extensions.Trx.TestLogger.dll
TpTrace Information: 0 : 29888, 1, 2023/05/12, 02:23:36.212, 2618941050286, vstest.console.dll, AssemblyResolver.AddSearchDirectories: Adding more searchDirectories C:\Program Files\dotnet\sdk\7.0.203\Extensions,C:\Program Files\dotnet\sdk\7.0.203
TpTrace Information: 0 : 29888, 1, 2023/05/12, 02:23:36.212, 2618941051027, vstest.console.dll, AssemblyResolver.AddSearchDirectories: Adding more searchDirectories C:\Program Files\dotnet\sdk\7.0.203\Extensions,C:\Program Files\dotnet\sdk\7.0.203
TpTrace Information: 0 : 29888, 1, 2023/05/12, 02:23:36.212, 2618941051332, vstest.console.dll, AssemblyResolver.AddSearchDirectories: Adding more searchDirectories C:\Program Files\dotnet\sdk\7.0.203\Extensions,C:\Program Files\dotnet\sdk\7.0.203
TpTrace Information: 0 : 29888, 1, 2023/05/12, 02:23:36.212, 2618941051593, vstest.console.dll, AssemblyResolver.AddSearchDirectories: Adding more searchDirectories C:\Program Files\dotnet\sdk\7.0.203\Extensions,C:\Program Files\dotnet\sdk\7.0.203
TpTrace Information: 0 : 29888, 1, 2023/05/12, 02:23:36.212, 2618941051877, vstest.console.dll, AssemblyResolver.AddSearchDirectories: Adding more searchDirectories C:\Program Files\dotnet\sdk\7.0.203\Extensions,C:\Program Files\dotnet\sdk\7.0.203
TpTrace Information: 0 : 29888, 1, 2023/05/12, 02:23:36.212, 2618941052258, vstest.console.dll, AssemblyResolver.AddSearchDirectories: Adding more searchDirectories C:\Program Files\dotnet\sdk\7.0.203\Extensions,C:\Program Files\dotnet\sdk\7.0.203
TpTrace Information: 0 : 29888, 1, 2023/05/12, 02:23:36.212, 2618941055465, vstest.console.dll, AssemblyResolver.OnResolve: Microsoft.Diagnostics.NETCore.Client: Resolving assembly.
TpTrace Information: 0 : 29888, 1, 2023/05/12, 02:23:36.213, 2618941056215, vstest.console.dll, AssemblyResolver.OnResolve: Microsoft.Diagnostics.NETCore.Client: Searching in: 'C:\Program Files\dotnet\sdk\7.0.203\Extensions'.
TpTrace Information: 0 : 29888, 1, 2023/05/12, 02:23:36.218, 2618941108400, vstest.console.dll, AssemblyResolver.OnResolve: Microsoft.Diagnostics.NETCore.Client: Loading assembly 'C:\Program Files\dotnet\sdk\7.0.203\Extensions\Microsoft.Diagnostics.NETCore.Client.dll'.
TpTrace Information: 0 : 29888, 1, 2023/05/12, 02:23:36.218, 2618941114085, vstest.console.dll, AssemblyResolver.OnResolve: Resolved assembly: Microsoft.Diagnostics.NETCore.Client, from path: C:\Program Files\dotnet\sdk\7.0.203\Extensions\Microsoft.Diagnostics.NETCore.Client.dll
TpTrace Verbose: 0 : 29888, 1, 2023/05/12, 02:23:36.220, 2618941125825, vstest.console.dll, MetadataReaderExtensionsHelper: Discovering extensions inside assembly 'Microsoft.Diagnostics.NETCore.Client, Version=0.2.6.42401, Culture=neutral, PublicKeyToken=31bf3856ad364e35' file path 'C:\Program Files\dotnet\sdk\7.0.203\Extensions\Microsoft.Diagnostics.NETCore.Client.dll'
TpTrace Information: 0 : 29888, 1, 2023/05/12, 02:23:36.223, 2618941157621, vstest.console.dll, AssemblyResolver.OnResolve: Microsoft.Bcl.AsyncInterfaces: Resolving assembly.
TpTrace Information: 0 : 29888, 1, 2023/05/12, 02:23:36.223, 2618941158173, vstest.console.dll, AssemblyResolver.OnResolve: Microsoft.Bcl.AsyncInterfaces: Searching in: 'C:\Program Files\dotnet\sdk\7.0.203\Extensions'.
TpTrace Information: 0 : 29888, 1, 2023/05/12, 02:23:36.223, 2618941158714, vstest.console.dll, AssemblyResolver.OnResolve: Microsoft.Bcl.AsyncInterfaces: Assembly path does not exist: 'C:\Program Files\dotnet\sdk\7.0.203\Extensions\Microsoft.Bcl.AsyncInterfaces.dll', returning.
TpTrace Information: 0 : 29888, 1, 2023/05/12, 02:23:36.223, 2618941159496, vstest.console.dll, AssemblyResolver.OnResolve: Microsoft.Bcl.AsyncInterfaces: Assembly path does not exist: 'C:\Program Files\dotnet\sdk\7.0.203\Extensions\Microsoft.Bcl.AsyncInterfaces.exe', returning.
TpTrace Information: 0 : 29888, 1, 2023/05/12, 02:23:36.223, 2618941159727, vstest.console.dll, AssemblyResolver.OnResolve: Microsoft.Bcl.AsyncInterfaces: Searching in: 'C:\Program Files\dotnet\sdk\7.0.203'.
TpTrace Information: 0 : 29888, 1, 2023/05/12, 02:23:36.223, 2618941160040, vstest.console.dll, AssemblyResolver.OnResolve: Microsoft.Bcl.AsyncInterfaces: Assembly path does not exist: 'C:\Program Files\dotnet\sdk\7.0.203\Microsoft.Bcl.AsyncInterfaces.dll', returning.
TpTrace Information: 0 : 29888, 1, 2023/05/12, 02:23:36.223, 2618941160308, vstest.console.dll, AssemblyResolver.OnResolve: Microsoft.Bcl.AsyncInterfaces: Assembly path does not exist: 'C:\Program Files\dotnet\sdk\7.0.203\Microsoft.Bcl.AsyncInterfaces.exe', returning.
TpTrace Information: 0 : 29888, 1, 2023/05/12, 02:23:36.223, 2618941160506, vstest.console.dll, AssemblyResolver.OnResolve: Microsoft.Bcl.AsyncInterfaces: Failed to load assembly.
TpTrace Verbose: 0 : 29888, 1, 2023/05/12, 02:23:36.223, 2618941160712, vstest.console.dll, CurrentDomainAssemblyResolve: Resolving assembly 'Microsoft.Bcl.AsyncInterfaces'.
TpTrace Information: 0 : 29888, 1, 2023/05/12, 02:23:36.223, 2618941161050, vstest.console.dll, AssemblyResolver.OnResolve: Microsoft.Bcl.AsyncInterfaces: Resolving assembly.
TpTrace Information: 0 : 29888, 1, 2023/05/12, 02:23:36.223, 2618941161275, vstest.console.dll, AssemblyResolver.OnResolve: Microsoft.Bcl.AsyncInterfaces: Resolved from cache.
TpTrace Verbose: 0 : 29888, 1, 2023/05/12, 02:23:36.223, 2618941161421, vstest.console.dll, CurrentDomainAssemblyResolve: Resolving assembly 'Microsoft.Bcl.AsyncInterfaces'.
TpTrace Verbose: 0 : 29888, 1, 2023/05/12, 02:23:36.223, 2618941161600, vstest.console.dll, CurrentDomainAssemblyResolve: Failed to resolve assembly 'Microsoft.Bcl.AsyncInterfaces'.
TpTrace Verbose: 0 : 29888, 1, 2023/05/12, 02:23:36.223, 2618941165546, vstest.console.dll, CurrentDomainAssemblyResolve: Failed to resolve assembly 'Microsoft.Bcl.AsyncInterfaces'.
TpTrace Warning: 0 : 29888, 1, 2023/05/12, 02:23:36.228, 2618941213173, vstest.console.dll, TestPluginDiscoverer: Failed to get types from assembly 'Microsoft.Diagnostics.NETCore.Client, Version=0.2.6.42401, Culture=neutral, PublicKeyToken=31bf3856ad364e35'. Error: System.Reflection.ReflectionTypeLoadException: Unable to load one or more of the requested types.
Could not load file or assembly 'Microsoft.Bcl.AsyncInterfaces, Version=1.0.0.0, Culture=neutral, PublicKeyToken=cc7b13ffcd2ddd51'. The system cannot find the file specified.
   at System.Reflection.RuntimeModule.GetTypes(RuntimeModule module)
   at System.Reflection.Assembly.GetTypes()
   at Microsoft.VisualStudio.TestPlatform.Common.ExtensionFramework.TestPluginDiscoverer.GetTestExtensionsFromAssembly[TPluginInfo,TExtension](Assembly assembly, Dictionary`2 pluginInfos, String filePath)
System.IO.FileNotFoundException: Could not load file or assembly 'Microsoft.Bcl.AsyncInterfaces, Version=1.0.0.0, Culture=neutral, PublicKeyToken=cc7b13ffcd2ddd51'. The system cannot find the file specified.
File name: 'Microsoft.Bcl.AsyncInterfaces, Version=1.0.0.0, Culture=neutral, PublicKeyToken=cc7b13ffcd2ddd51'
 ---> System.IO.FileNotFoundException: Could not load file or assembly 'Microsoft.Bcl.AsyncInterfaces, Culture=neutral, PublicKeyToken=null'. The system cannot find the file specified.
File name: 'Microsoft.Bcl.AsyncInterfaces, Culture=neutral, PublicKeyToken=null'
   at System.Reflection.RuntimeAssembly.InternalLoad(AssemblyName assemblyName, StackCrawlMark& stackMark, AssemblyLoadContext assemblyLoadContext, RuntimeAssembly requestingAssembly, Boolean throwOnFileNotFound)
   at System.Reflection.Assembly.Load(AssemblyName assemblyRef)
   at Microsoft.VisualStudio.TestPlatform.Common.ExtensionFramework.TestPluginCache.CurrentDomainAssemblyResolve(Object sender, AssemblyResolveEventArgs args)
   at System.Runtime.Loader.AssemblyLoadContext.GetFirstResolvedAssemblyFromResolvingEvent(AssemblyName assemblyName)
   at System.Runtime.Loader.AssemblyLoadContext.ResolveUsingEvent(AssemblyName assemblyName)
   at System.Runtime.Loader.AssemblyLoadContext.ResolveUsingResolvingEvent(IntPtr gchManagedAssemblyLoadContext, AssemblyName assemblyName)
TpTrace Warning: 0 : 29888, 1, 2023/05/12, 02:23:36.229, 2618941215965, vstest.console.dll, LoaderExceptions: System.IO.FileNotFoundException: Could not load file or assembly 'Microsoft.Bcl.AsyncInterfaces, Version=1.0.0.0, Culture=neutral, PublicKeyToken=cc7b13ffcd2ddd51'. The system cannot find the file specified.
File name: 'Microsoft.Bcl.AsyncInterfaces, Version=1.0.0.0, Culture=neutral, PublicKeyToken=cc7b13ffcd2ddd51'
 ---> System.IO.FileNotFoundException: Could not load file or assembly 'Microsoft.Bcl.AsyncInterfaces, Culture=neutral, PublicKeyToken=null'. The system cannot find the file specified.
File name: 'Microsoft.Bcl.AsyncInterfaces, Culture=neutral, PublicKeyToken=null'
   at System.Reflection.RuntimeAssembly.InternalLoad(AssemblyName assemblyName, StackCrawlMark& stackMark, AssemblyLoadContext assemblyLoadContext, RuntimeAssembly requestingAssembly, Boolean throwOnFileNotFound)
   at System.Reflection.Assembly.Load(AssemblyName assemblyRef)
   at Microsoft.VisualStudio.TestPlatform.Common.ExtensionFramework.TestPluginCache.CurrentDomainAssemblyResolve(Object sender, AssemblyResolveEventArgs args)
   at System.Runtime.Loader.AssemblyLoadContext.GetFirstResolvedAssemblyFromResolvingEvent(AssemblyName assemblyName)
   at System.Runtime.Loader.AssemblyLoadContext.ResolveUsingEvent(AssemblyName assemblyName)
   at System.Runtime.Loader.AssemblyLoadContext.ResolveUsingResolvingEvent(IntPtr gchManagedAssemblyLoadContext, AssemblyName assemblyName)
TpTrace Information: 0 : 29888, 1, 2023/05/12, 02:23:36.229, 2618941217125, vstest.console.dll, AssemblyResolver.OnResolve: Microsoft.TestPlatform.Extensions.BlameDataCollector: Resolving assembly.
TpTrace Information: 0 : 29888, 1, 2023/05/12, 02:23:36.229, 2618941217431, vstest.console.dll, AssemblyResolver.OnResolve: Microsoft.TestPlatform.Extensions.BlameDataCollector: Searching in: 'C:\Program Files\dotnet\sdk\7.0.203\Extensions'.
TpTrace Information: 0 : 29888, 1, 2023/05/12, 02:23:36.229, 2618941220985, vstest.console.dll, AssemblyResolver.OnResolve: Microsoft.TestPlatform.Extensions.BlameDataCollector: Loading assembly 'C:\Program Files\dotnet\sdk\7.0.203\Extensions\Microsoft.TestPlatform.Extensions.BlameDataCollector.dll'.
TpTrace Information: 0 : 29888, 1, 2023/05/12, 02:23:36.229, 2618941225093, vstest.console.dll, AssemblyResolver.OnResolve: Resolved assembly: Microsoft.TestPlatform.Extensions.BlameDataCollector, from path: C:\Program Files\dotnet\sdk\7.0.203\Extensions\Microsoft.TestPlatform.Extensions.BlameDataCollector.dll
TpTrace Verbose: 0 : 29888, 1, 2023/05/12, 02:23:36.230, 2618941225626, vstest.console.dll, MetadataReaderExtensionsHelper: Discovering extensions inside assembly 'Microsoft.TestPlatform.Extensions.BlameDataCollector, Version=15.0.0.0, Culture=neutral, PublicKeyToken=b03f5f7f11d50a3a' file path 'C:\Program Files\dotnet\sdk\7.0.203\Extensions\Microsoft.TestPlatform.Extensions.BlameDataCollector.dll'
TpTrace Information: 0 : 29888, 1, 2023/05/12, 02:23:36.231, 2618941235757, vstest.console.dll, AssemblyResolver.OnResolve: Microsoft.TestPlatform.Extensions.EventLogCollector: Resolving assembly.
TpTrace Information: 0 : 29888, 1, 2023/05/12, 02:23:36.231, 2618941236136, vstest.console.dll, AssemblyResolver.OnResolve: Microsoft.TestPlatform.Extensions.EventLogCollector: Searching in: 'C:\Program Files\dotnet\sdk\7.0.203\Extensions'.
TpTrace Information: 0 : 29888, 1, 2023/05/12, 02:23:36.231, 2618941238701, vstest.console.dll, AssemblyResolver.OnResolve: Microsoft.TestPlatform.Extensions.EventLogCollector: Loading assembly 'C:\Program Files\dotnet\sdk\7.0.203\Extensions\Microsoft.TestPlatform.Extensions.EventLogCollector.dll'.
TpTrace Information: 0 : 29888, 1, 2023/05/12, 02:23:36.231, 2618941241984, vstest.console.dll, AssemblyResolver.OnResolve: Resolved assembly: Microsoft.TestPlatform.Extensions.EventLogCollector, from path: C:\Program Files\dotnet\sdk\7.0.203\Extensions\Microsoft.TestPlatform.Extensions.EventLogCollector.dll
TpTrace Verbose: 0 : 29888, 1, 2023/05/12, 02:23:36.231, 2618941242428, vstest.console.dll, MetadataReaderExtensionsHelper: Discovering extensions inside assembly 'Microsoft.TestPlatform.Extensions.EventLogCollector, Version=15.0.0.0, Culture=neutral, PublicKeyToken=b03f5f7f11d50a3a' file path 'C:\Program Files\dotnet\sdk\7.0.203\Extensions\Microsoft.TestPlatform.Extensions.EventLogCollector.dll'
TpTrace Information: 0 : 29888, 1, 2023/05/12, 02:23:36.233, 2618941256162, vstest.console.dll, AssemblyResolver.OnResolve: Microsoft.TestPlatform.TestHostRuntimeProvider: Resolving assembly.
TpTrace Information: 0 : 29888, 1, 2023/05/12, 02:23:36.233, 2618941256537, vstest.console.dll, AssemblyResolver.OnResolve: Microsoft.TestPlatform.TestHostRuntimeProvider: Searching in: 'C:\Program Files\dotnet\sdk\7.0.203\Extensions'.
TpTrace Information: 0 : 29888, 1, 2023/05/12, 02:23:36.233, 2618941258987, vstest.console.dll, AssemblyResolver.OnResolve: Microsoft.TestPlatform.TestHostRuntimeProvider: Loading assembly 'C:\Program Files\dotnet\sdk\7.0.203\Extensions\Microsoft.TestPlatform.TestHostRuntimeProvider.dll'.
TpTrace Information: 0 : 29888, 1, 2023/05/12, 02:23:36.233, 2618941262389, vstest.console.dll, AssemblyResolver.OnResolve: Resolved assembly: Microsoft.TestPlatform.TestHostRuntimeProvider, from path: C:\Program Files\dotnet\sdk\7.0.203\Extensions\Microsoft.TestPlatform.TestHostRuntimeProvider.dll
TpTrace Verbose: 0 : 29888, 1, 2023/05/12, 02:23:36.233, 2618941262818, vstest.console.dll, MetadataReaderExtensionsHelper: Discovering extensions inside assembly 'Microsoft.TestPlatform.TestHostRuntimeProvider, Version=15.0.0.0, Culture=neutral, PublicKeyToken=b03f5f7f11d50a3a' file path 'C:\Program Files\dotnet\sdk\7.0.203\Extensions\Microsoft.TestPlatform.TestHostRuntimeProvider.dll'
TpTrace Information: 0 : 29888, 1, 2023/05/12, 02:23:36.235, 2618941276444, vstest.console.dll, GetTestExtensionFromType: Register extension with identifier data 'HostProvider://DefaultTestHost' and type 'Microsoft.VisualStudio.TestPlatform.CrossPlatEngine.Hosting.DefaultTestHostManager, Microsoft.TestPlatform.TestHostRuntimeProvider, Version=15.0.0.0, Culture=neutral, PublicKeyToken=b03f5f7f11d50a3a' inside file 'C:\Program Files\dotnet\sdk\7.0.203\Extensions\Microsoft.TestPlatform.TestHostRuntimeProvider.dll'
TpTrace Information: 0 : 29888, 1, 2023/05/12, 02:23:36.235, 2618941278559, vstest.console.dll, GetTestExtensionFromType: Register extension with identifier data 'HostProvider://DotnetTestHost' and type 'Microsoft.VisualStudio.TestPlatform.CrossPlatEngine.Hosting.DotnetTestHostManager, Microsoft.TestPlatform.TestHostRuntimeProvider, Version=15.0.0.0, Culture=neutral, PublicKeyToken=b03f5f7f11d50a3a' inside file 'C:\Program Files\dotnet\sdk\7.0.203\Extensions\Microsoft.TestPlatform.TestHostRuntimeProvider.dll'
TpTrace Information: 0 : 29888, 1, 2023/05/12, 02:23:36.235, 2618941279224, vstest.console.dll, AssemblyResolver.OnResolve: Microsoft.VisualStudio.TestPlatform.Extensions.Html.TestLogger: Resolving assembly.
TpTrace Information: 0 : 29888, 1, 2023/05/12, 02:23:36.235, 2618941279850, vstest.console.dll, AssemblyResolver.OnResolve: Microsoft.VisualStudio.TestPlatform.Extensions.Html.TestLogger: Searching in: 'C:\Program Files\dotnet\sdk\7.0.203\Extensions'.
TpTrace Information: 0 : 29888, 1, 2023/05/12, 02:23:36.235, 2618941283728, vstest.console.dll, AssemblyResolver.OnResolve: Microsoft.VisualStudio.TestPlatform.Extensions.Html.TestLogger: Loading assembly 'C:\Program Files\dotnet\sdk\7.0.203\Extensions\Microsoft.VisualStudio.TestPlatform.Extensions.Html.TestLogger.dll'.
TpTrace Information: 0 : 29888, 1, 2023/05/12, 02:23:36.236, 2618941289962, vstest.console.dll, AssemblyResolver.OnResolve: Resolved assembly: Microsoft.VisualStudio.TestPlatform.Extensions.Html.TestLogger, from path: C:\Program Files\dotnet\sdk\7.0.203\Extensions\Microsoft.VisualStudio.TestPlatform.Extensions.Html.TestLogger.dll
TpTrace Verbose: 0 : 29888, 1, 2023/05/12, 02:23:36.236, 2618941290655, vstest.console.dll, MetadataReaderExtensionsHelper: Discovering extensions inside assembly 'Microsoft.VisualStudio.TestPlatform.Extensions.Html.TestLogger, Version=15.0.0.0, Culture=neutral, PublicKeyToken=b03f5f7f11d50a3a' file path 'C:\Program Files\dotnet\sdk\7.0.203\Extensions\Microsoft.VisualStudio.TestPlatform.Extensions.Html.TestLogger.dll'
TpTrace Information: 0 : 29888, 1, 2023/05/12, 02:23:36.237, 2618941298531, vstest.console.dll, AssemblyResolver.OnResolve: Microsoft.VisualStudio.TestPlatform.Extensions.Trx.TestLogger: Resolving assembly.
TpTrace Information: 0 : 29888, 1, 2023/05/12, 02:23:36.237, 2618941299042, vstest.console.dll, AssemblyResolver.OnResolve: Microsoft.VisualStudio.TestPlatform.Extensions.Trx.TestLogger: Searching in: 'C:\Program Files\dotnet\sdk\7.0.203\Extensions'.
TpTrace Information: 0 : 29888, 1, 2023/05/12, 02:23:36.237, 2618941302653, vstest.console.dll, AssemblyResolver.OnResolve: Microsoft.VisualStudio.TestPlatform.Extensions.Trx.TestLogger: Loading assembly 'C:\Program Files\dotnet\sdk\7.0.203\Extensions\Microsoft.VisualStudio.TestPlatform.Extensions.Trx.TestLogger.dll'.
TpTrace Information: 0 : 29888, 1, 2023/05/12, 02:23:36.238, 2618941307919, vstest.console.dll, AssemblyResolver.OnResolve: Resolved assembly: Microsoft.VisualStudio.TestPlatform.Extensions.Trx.TestLogger, from path: C:\Program Files\dotnet\sdk\7.0.203\Extensions\Microsoft.VisualStudio.TestPlatform.Extensions.Trx.TestLogger.dll
TpTrace Verbose: 0 : 29888, 1, 2023/05/12, 02:23:36.238, 2618941308538, vstest.console.dll, MetadataReaderExtensionsHelper: Discovering extensions inside assembly 'Microsoft.VisualStudio.TestPlatform.Extensions.Trx.TestLogger, Version=15.0.0.0, Culture=neutral, PublicKeyToken=b03f5f7f11d50a3a' file path 'C:\Program Files\dotnet\sdk\7.0.203\Extensions\Microsoft.VisualStudio.TestPlatform.Extensions.Trx.TestLogger.dll'
TpTrace Verbose: 0 : 29888, 1, 2023/05/12, 02:23:36.239, 2618941318971, vstest.console.dll, TestPluginCache: Discovered the extensions using extension path ''.
TpTrace Verbose: 0 : 29888, 1, 2023/05/12, 02:23:36.239, 2618941319585, vstest.console.dll, TestPluginCache: Discoverers are ''.
TpTrace Verbose: 0 : 29888, 1, 2023/05/12, 02:23:36.239, 2618941319902, vstest.console.dll, TestPluginCache: Executors are ''.
TpTrace Verbose: 0 : 29888, 1, 2023/05/12, 02:23:36.239, 2618941320115, vstest.console.dll, TestPluginCache: Executors2 are ''.
TpTrace Verbose: 0 : 29888, 1, 2023/05/12, 02:23:36.239, 2618941320252, vstest.console.dll, TestPluginCache: Setting providers are ''.
TpTrace Verbose: 0 : 29888, 1, 2023/05/12, 02:23:36.239, 2618941320392, vstest.console.dll, TestPluginCache: Loggers are ''.
TpTrace Verbose: 0 : 29888, 1, 2023/05/12, 02:23:36.239, 2618941321442, vstest.console.dll, TestPluginCache: TestHosts are 'HostProvider://DefaultTestHost,HostProvider://DotnetTestHost'.
TpTrace Verbose: 0 : 29888, 1, 2023/05/12, 02:23:36.239, 2618941321736, vstest.console.dll, TestPluginCache: DataCollectors are ''.
TpTrace Information: 0 : 29888, 1, 2023/05/12, 02:23:36.248, 2618941406183, vstest.console.dll, RunTestsArgumentProcessor:Execute: Test run is starting.
TpTrace Verbose: 0 : 29888, 1, 2023/05/12, 02:23:36.248, 2618941407066, vstest.console.dll, RunTestsArgumentProcessor:Execute: Queuing Test run.
TpTrace Information: 0 : 29888, 1, 2023/05/12, 02:23:36.248, 2618941409056, vstest.console.dll, TestRequestManager.RunTests: run tests started.
TpTrace Information: 0 : 29888, 1, 2023/05/12, 02:23:36.249, 2618941417669, vstest.console.dll, AssemblyMetadataProvider.GetFrameworkName: Determined framework:'.NETCoreApp,Version=v7.0' for source: 'C:\Users\p4t0s\Desktop\eventRadar\eventRadarUnitTests\bin\Debug\net7.0\fine-code-coverage\build-output\eventRadarUnitTests.dll'
TpTrace Information: 0 : 29888, 1, 2023/05/12, 02:23:36.249, 2618941419131, vstest.console.dll, Determined framework for all sources: .NETCoreApp,Version=v7.0
TpTrace Verbose: 0 : 29888, 1, 2023/05/12, 02:23:36.249, 2618941422280, vstest.console.dll, TestRequestManager.UpdateRunSettingsIfRequired: Default architecture: X64 IsDefaultTargetArchitecture: True, Current process architecture: X64 OperatingSystem: Windows.
TpTrace Information: 0 : 29888, 1, 2023/05/12, 02:23:36.250, 2618941435241, vstest.console.dll, AssemblyMetadataProvider.GetArchitecture: Determined architecture:AnyCPU info for assembly: C:\Users\p4t0s\Desktop\eventRadar\eventRadarUnitTests\bin\Debug\net7.0\fine-code-coverage\build-output\eventRadarUnitTests.dll
TpTrace Information: 0 : 29888, 1, 2023/05/12, 02:23:36.251, 2618941435785, vstest.console.dll, Determined platform for source 'C:\Users\p4t0s\Desktop\eventRadar\eventRadarUnitTests\bin\Debug\net7.0\fine-code-coverage\build-output\eventRadarUnitTests.dll' was AnyCPU and it will use the default plaform X64.
TpTrace Information: 0 : 29888, 1, 2023/05/12, 02:23:36.251, 2618941436054, vstest.console.dll, None of the sources provided any runnable platform, using the default platform: X64
TpTrace Information: 0 : 29888, 1, 2023/05/12, 02:23:36.251, 2618941436856, vstest.console.dll, Platform was updated to 'X64'.
TpTrace Information: 0 : 29888, 1, 2023/05/12, 02:23:36.253, 2618941460510, vstest.console.dll, InferRunSettingsHelper.IsTestSettingsEnabled: Unable to navigate to RunSettings/MSTest. Current node: RunSettings
TpTrace Information: 0 : 29888, 1, 2023/05/12, 02:23:36.253, 2618941464834, vstest.console.dll, AssemblyResolver.OnResolve: Microsoft.VisualStudio.TestPlatform.Fakes: Resolving assembly.
TpTrace Information: 0 : 29888, 1, 2023/05/12, 02:23:36.253, 2618941465217, vstest.console.dll, AssemblyResolver.OnResolve: Microsoft.VisualStudio.TestPlatform.Fakes: Searching in: 'C:\Program Files\dotnet\sdk\7.0.203\Extensions'.
TpTrace Information: 0 : 29888, 1, 2023/05/12, 02:23:36.254, 2618941465695, vstest.console.dll, AssemblyResolver.OnResolve: Microsoft.VisualStudio.TestPlatform.Fakes: Assembly path does not exist: 'C:\Program Files\dotnet\sdk\7.0.203\Extensions\Microsoft.VisualStudio.TestPlatform.Fakes.dll', returning.
TpTrace Information: 0 : 29888, 1, 2023/05/12, 02:23:36.254, 2618941466046, vstest.console.dll, AssemblyResolver.OnResolve: Microsoft.VisualStudio.TestPlatform.Fakes: Assembly path does not exist: 'C:\Program Files\dotnet\sdk\7.0.203\Extensions\Microsoft.VisualStudio.TestPlatform.Fakes.exe', returning.
TpTrace Information: 0 : 29888, 1, 2023/05/12, 02:23:36.254, 2618941466221, vstest.console.dll, AssemblyResolver.OnResolve: Microsoft.VisualStudio.TestPlatform.Fakes: Searching in: 'C:\Program Files\dotnet\sdk\7.0.203'.
TpTrace Information: 0 : 29888, 1, 2023/05/12, 02:23:36.254, 2618941466537, vstest.console.dll, AssemblyResolver.OnResolve: Microsoft.VisualStudio.TestPlatform.Fakes: Assembly path does not exist: 'C:\Program Files\dotnet\sdk\7.0.203\Microsoft.VisualStudio.TestPlatform.Fakes.dll', returning.
TpTrace Information: 0 : 29888, 1, 2023/05/12, 02:23:36.254, 2618941466817, vstest.console.dll, AssemblyResolver.OnResolve: Microsoft.VisualStudio.TestPlatform.Fakes: Assembly path does not exist: 'C:\Program Files\dotnet\sdk\7.0.203\Microsoft.VisualStudio.TestPlatform.Fakes.exe', returning.
TpTrace Information: 0 : 29888, 1, 2023/05/12, 02:23:36.254, 2618941467055, vstest.console.dll, AssemblyResolver.OnResolve: Microsoft.VisualStudio.TestPlatform.Fakes: Failed to load assembly.
TpTrace Information: 0 : 29888, 1, 2023/05/12, 02:23:36.254, 2618941468732, vstest.console.dll, Failed to load assembly Microsoft.VisualStudio.TestPlatform.Fakes, Version=17.0.0.0, Culture=neutral. Reason:System.IO.FileNotFoundException: Could not load file or assembly 'Microsoft.VisualStudio.TestPlatform.Fakes, Version=17.0.0.0, Culture=neutral, PublicKeyToken=null'. The system cannot find the file specified.
File name: 'Microsoft.VisualStudio.TestPlatform.Fakes, Version=17.0.0.0, Culture=neutral, PublicKeyToken=null'
   at System.Reflection.RuntimeAssembly.InternalLoad(AssemblyName assemblyName, StackCrawlMark& stackMark, AssemblyLoadContext assemblyLoadContext, RuntimeAssembly requestingAssembly, Boolean throwOnFileNotFound)
   at System.Reflection.Assembly.Load(AssemblyName assemblyRef)
   at Microsoft.VisualStudio.TestPlatform.Common.Utilities.FakesUtilities.LoadTestPlatformAssembly()
TpTrace Verbose: 0 : 29888, 1, 2023/05/12, 02:23:36.256, 2618941490977, vstest.console.dll, TestPluginCache.DiscoverTestExtensions: finding test extensions in assemblies ends with: TestLogger.dll TPluginInfo: Microsoft.VisualStudio.TestPlatform.Common.ExtensionFramework.Utilities.TestLoggerPluginInformation TExtension: Microsoft.VisualStudio.TestPlatform.ObjectModel.Client.ITestLogger
TpTrace Verbose: 0 : 29888, 1, 2023/05/12, 02:23:36.256, 2618941491541, vstest.console.dll, TestPluginCache.GetExtensionPaths: Filtered extension paths: 
TpTrace Verbose: 0 : 29888, 1, 2023/05/12, 02:23:36.256, 2618941491770, vstest.console.dll, TestPluginCache.GetExtensionPaths: Added default extension paths: C:\Program Files\dotnet\sdk\7.0.203\Extensions\Microsoft.Diagnostics.NETCore.Client.dll
C:\Program Files\dotnet\sdk\7.0.203\Extensions\Microsoft.TestPlatform.Extensions.BlameDataCollector.dll
C:\Program Files\dotnet\sdk\7.0.203\Extensions\Microsoft.TestPlatform.Extensions.EventLogCollector.dll
C:\Program Files\dotnet\sdk\7.0.203\Extensions\Microsoft.TestPlatform.TestHostRuntimeProvider.dll
C:\Program Files\dotnet\sdk\7.0.203\Extensions\Microsoft.VisualStudio.TestPlatform.Extensions.Html.TestLogger.dll
C:\Program Files\dotnet\sdk\7.0.203\Extensions\Microsoft.VisualStudio.TestPlatform.Extensions.Trx.TestLogger.dll
TpTrace Verbose: 0 : 29888, 1, 2023/05/12, 02:23:36.256, 2618941491951, vstest.console.dll, TestPluginCache.GetExtensionPaths: Added unfilterableExtensionPaths: 
TpTrace Information: 0 : 29888, 1, 2023/05/12, 02:23:36.256, 2618941492676, vstest.console.dll, AssemblyResolver.AddSearchDirectories: Adding more searchDirectories C:\Program Files\dotnet\sdk\7.0.203\Extensions,C:\Program Files\dotnet\sdk\7.0.203
TpTrace Verbose: 0 : 29888, 1, 2023/05/12, 02:23:36.256, 2618941492951, vstest.console.dll, TestPluginCache.DiscoverTestExtensions: Discovering the extensions using extension path.
TpTrace Verbose: 0 : 29888, 1, 2023/05/12, 02:23:36.256, 2618941493139, vstest.console.dll, TestPluginCache.GetExtensionPaths: Filtered extension paths: 
TpTrace Verbose: 0 : 29888, 1, 2023/05/12, 02:23:36.256, 2618941493336, vstest.console.dll, TestPluginCache.GetExtensionPaths: Added default extension paths: C:\Program Files\dotnet\sdk\7.0.203\Extensions\Microsoft.Diagnostics.NETCore.Client.dll
C:\Program Files\dotnet\sdk\7.0.203\Extensions\Microsoft.TestPlatform.Extensions.BlameDataCollector.dll
C:\Program Files\dotnet\sdk\7.0.203\Extensions\Microsoft.TestPlatform.Extensions.EventLogCollector.dll
C:\Program Files\dotnet\sdk\7.0.203\Extensions\Microsoft.TestPlatform.TestHostRuntimeProvider.dll
C:\Program Files\dotnet\sdk\7.0.203\Extensions\Microsoft.VisualStudio.TestPlatform.Extensions.Html.TestLogger.dll
C:\Program Files\dotnet\sdk\7.0.203\Extensions\Microsoft.VisualStudio.TestPlatform.Extensions.Trx.TestLogger.dll
TpTrace Verbose: 0 : 29888, 1, 2023/05/12, 02:23:36.256, 2618941493496, vstest.console.dll, TestPluginCache.GetExtensionPaths: Added unfilterableExtensionPaths: 
TpTrace Verbose: 0 : 29888, 1, 2023/05/12, 02:23:36.256, 2618941493691, vstest.console.dll, TestPluginCache.DiscoverTestExtensions: Discovering the extensions using allExtensionPaths: C:\Program Files\dotnet\sdk\7.0.203\Extensions\Microsoft.Diagnostics.NETCore.Client.dll
C:\Program Files\dotnet\sdk\7.0.203\Extensions\Microsoft.TestPlatform.Extensions.BlameDataCollector.dll
C:\Program Files\dotnet\sdk\7.0.203\Extensions\Microsoft.TestPlatform.Extensions.EventLogCollector.dll
C:\Program Files\dotnet\sdk\7.0.203\Extensions\Microsoft.TestPlatform.TestHostRuntimeProvider.dll
C:\Program Files\dotnet\sdk\7.0.203\Extensions\Microsoft.VisualStudio.TestPlatform.Extensions.Html.TestLogger.dll
C:\Program Files\dotnet\sdk\7.0.203\Extensions\Microsoft.VisualStudio.TestPlatform.Extensions.Trx.TestLogger.dll
TpTrace Information: 0 : 29888, 1, 2023/05/12, 02:23:36.256, 2618941494338, vstest.console.dll, AssemblyResolver.AddSearchDirectories: Adding more searchDirectories C:\Program Files\dotnet\sdk\7.0.203\Extensions,C:\Program Files\dotnet\sdk\7.0.203
TpTrace Information: 0 : 29888, 1, 2023/05/12, 02:23:36.256, 2618941494618, vstest.console.dll, AssemblyResolver.AddSearchDirectories: Adding more searchDirectories C:\Program Files\dotnet\sdk\7.0.203\Extensions,C:\Program Files\dotnet\sdk\7.0.203
TpTrace Information: 0 : 29888, 1, 2023/05/12, 02:23:36.256, 2618941494790, vstest.console.dll, AssemblyResolver.AddSearchDirectories: Adding more searchDirectories C:\Program Files\dotnet\sdk\7.0.203\Extensions,C:\Program Files\dotnet\sdk\7.0.203
TpTrace Information: 0 : 29888, 1, 2023/05/12, 02:23:36.256, 2618941494943, vstest.console.dll, AssemblyResolver.AddSearchDirectories: Adding more searchDirectories C:\Program Files\dotnet\sdk\7.0.203\Extensions,C:\Program Files\dotnet\sdk\7.0.203
TpTrace Information: 0 : 29888, 1, 2023/05/12, 02:23:36.256, 2618941495152, vstest.console.dll, AssemblyResolver.AddSearchDirectories: Adding more searchDirectories C:\Program Files\dotnet\sdk\7.0.203\Extensions,C:\Program Files\dotnet\sdk\7.0.203
TpTrace Information: 0 : 29888, 1, 2023/05/12, 02:23:36.256, 2618941495319, vstest.console.dll, AssemblyResolver.AddSearchDirectories: Adding more searchDirectories C:\Program Files\dotnet\sdk\7.0.203\Extensions,C:\Program Files\dotnet\sdk\7.0.203
TpTrace Verbose: 0 : 29888, 1, 2023/05/12, 02:23:36.257, 2618941495895, vstest.console.dll, MetadataReaderExtensionsHelper: Discovering extensions inside assembly 'Microsoft.Diagnostics.NETCore.Client, Version=0.2.6.42401, Culture=neutral, PublicKeyToken=31bf3856ad364e35' file path 'C:\Program Files\dotnet\sdk\7.0.203\Extensions\Microsoft.Diagnostics.NETCore.Client.dll'
TpTrace Information: 0 : 29888, 1, 2023/05/12, 02:23:36.257, 2618941503291, vstest.console.dll, AssemblyResolver.OnResolve: Microsoft.Bcl.AsyncInterfaces: Resolving assembly.
TpTrace Information: 0 : 29888, 1, 2023/05/12, 02:23:36.257, 2618941503734, vstest.console.dll, AssemblyResolver.OnResolve: Microsoft.Bcl.AsyncInterfaces: Resolved from cache.
TpTrace Verbose: 0 : 29888, 1, 2023/05/12, 02:23:36.257, 2618941503906, vstest.console.dll, CurrentDomainAssemblyResolve: Resolving assembly 'Microsoft.Bcl.AsyncInterfaces'.
TpTrace Information: 0 : 29888, 1, 2023/05/12, 02:23:36.257, 2618941504202, vstest.console.dll, AssemblyResolver.OnResolve: Microsoft.Bcl.AsyncInterfaces: Resolving assembly.
TpTrace Information: 0 : 29888, 1, 2023/05/12, 02:23:36.257, 2618941504367, vstest.console.dll, AssemblyResolver.OnResolve: Microsoft.Bcl.AsyncInterfaces: Resolved from cache.
TpTrace Verbose: 0 : 29888, 1, 2023/05/12, 02:23:36.257, 2618941504503, vstest.console.dll, CurrentDomainAssemblyResolve: Resolving assembly 'Microsoft.Bcl.AsyncInterfaces'.
TpTrace Verbose: 0 : 29888, 1, 2023/05/12, 02:23:36.257, 2618941504633, vstest.console.dll, CurrentDomainAssemblyResolve: Failed to resolve assembly 'Microsoft.Bcl.AsyncInterfaces'.
TpTrace Verbose: 0 : 29888, 1, 2023/05/12, 02:23:36.257, 2618941505542, vstest.console.dll, CurrentDomainAssemblyResolve: Failed to resolve assembly 'Microsoft.Bcl.AsyncInterfaces'.
TpTrace Warning: 0 : 29888, 1, 2023/05/12, 02:23:36.258, 2618941507739, vstest.console.dll, TestPluginDiscoverer: Failed to get types from assembly 'Microsoft.Diagnostics.NETCore.Client, Version=0.2.6.42401, Culture=neutral, PublicKeyToken=31bf3856ad364e35'. Error: System.Reflection.ReflectionTypeLoadException: Unable to load one or more of the requested types.
Could not load file or assembly 'Microsoft.Bcl.AsyncInterfaces, Version=1.0.0.0, Culture=neutral, PublicKeyToken=cc7b13ffcd2ddd51'. The system cannot find the file specified.
   at System.Reflection.RuntimeModule.GetTypes(RuntimeModule module)
   at System.Reflection.Assembly.GetTypes()
   at Microsoft.VisualStudio.TestPlatform.Common.ExtensionFramework.TestPluginDiscoverer.GetTestExtensionsFromAssembly[TPluginInfo,TExtension](Assembly assembly, Dictionary`2 pluginInfos, String filePath)
System.IO.FileNotFoundException: Could not load file or assembly 'Microsoft.Bcl.AsyncInterfaces, Version=1.0.0.0, Culture=neutral, PublicKeyToken=cc7b13ffcd2ddd51'. The system cannot find the file specified.
File name: 'Microsoft.Bcl.AsyncInterfaces, Version=1.0.0.0, Culture=neutral, PublicKeyToken=cc7b13ffcd2ddd51'
 ---> System.IO.FileNotFoundException: Could not load file or assembly 'Microsoft.Bcl.AsyncInterfaces, Culture=neutral, PublicKeyToken=null'. The system cannot find the file specified.
File name: 'Microsoft.Bcl.AsyncInterfaces, Culture=neutral, PublicKeyToken=null'
   at System.Reflection.RuntimeAssembly.InternalLoad(AssemblyName assemblyName, StackCrawlMark& stackMark, AssemblyLoadContext assemblyLoadContext, RuntimeAssembly requestingAssembly, Boolean throwOnFileNotFound)
   at System.Reflection.Assembly.Load(AssemblyName assemblyRef)
   at Microsoft.VisualStudio.TestPlatform.Common.ExtensionFramework.TestPluginCache.CurrentDomainAssemblyResolve(Object sender, AssemblyResolveEventArgs args)
   at System.Runtime.Loader.AssemblyLoadContext.GetFirstResolvedAssemblyFromResolvingEvent(AssemblyName assemblyName)
   at System.Runtime.Loader.AssemblyLoadContext.ResolveUsingEvent(AssemblyName assemblyName)
   at System.Runtime.Loader.AssemblyLoadContext.ResolveUsingResolvingEvent(IntPtr gchManagedAssemblyLoadContext, AssemblyName assemblyName)
TpTrace Warning: 0 : 29888, 1, 2023/05/12, 02:23:36.258, 2618941508739, vstest.console.dll, LoaderExceptions: System.IO.FileNotFoundException: Could not load file or assembly 'Microsoft.Bcl.AsyncInterfaces, Version=1.0.0.0, Culture=neutral, PublicKeyToken=cc7b13ffcd2ddd51'. The system cannot find the file specified.
File name: 'Microsoft.Bcl.AsyncInterfaces, Version=1.0.0.0, Culture=neutral, PublicKeyToken=cc7b13ffcd2ddd51'
 ---> System.IO.FileNotFoundException: Could not load file or assembly 'Microsoft.Bcl.AsyncInterfaces, Culture=neutral, PublicKeyToken=null'. The system cannot find the file specified.
File name: 'Microsoft.Bcl.AsyncInterfaces, Culture=neutral, PublicKeyToken=null'
   at System.Reflection.RuntimeAssembly.InternalLoad(AssemblyName assemblyName, StackCrawlMark& stackMark, AssemblyLoadContext assemblyLoadContext, RuntimeAssembly requestingAssembly, Boolean throwOnFileNotFound)
   at System.Reflection.Assembly.Load(AssemblyName assemblyRef)
   at Microsoft.VisualStudio.TestPlatform.Common.ExtensionFramework.TestPluginCache.CurrentDomainAssemblyResolve(Object sender, AssemblyResolveEventArgs args)
   at System.Runtime.Loader.AssemblyLoadContext.GetFirstResolvedAssemblyFromResolvingEvent(AssemblyName assemblyName)
   at System.Runtime.Loader.AssemblyLoadContext.ResolveUsingEvent(AssemblyName assemblyName)
   at System.Runtime.Loader.AssemblyLoadContext.ResolveUsingResolvingEvent(IntPtr gchManagedAssemblyLoadContext, AssemblyName assemblyName)
TpTrace Verbose: 0 : 29888, 1, 2023/05/12, 02:23:36.258, 2618941509211, vstest.console.dll, MetadataReaderExtensionsHelper: Discovering extensions inside assembly 'Microsoft.TestPlatform.Extensions.BlameDataCollector, Version=15.0.0.0, Culture=neutral, PublicKeyToken=b03f5f7f11d50a3a' file path 'C:\Program Files\dotnet\sdk\7.0.203\Extensions\Microsoft.TestPlatform.Extensions.BlameDataCollector.dll'
TpTrace Information: 0 : 29888, 1, 2023/05/12, 02:23:36.258, 2618941513190, vstest.console.dll, GetTestExtensionFromType: Register extension with identifier data 'logger://Microsoft/TestPlatform/Extensions/Blame/v1' and type 'Microsoft.TestPlatform.Extensions.BlameDataCollector.BlameLogger, Microsoft.TestPlatform.Extensions.BlameDataCollector, Version=15.0.0.0, Culture=neutral, PublicKeyToken=b03f5f7f11d50a3a' inside file 'C:\Program Files\dotnet\sdk\7.0.203\Extensions\Microsoft.TestPlatform.Extensions.BlameDataCollector.dll'
TpTrace Verbose: 0 : 29888, 1, 2023/05/12, 02:23:36.258, 2618941513625, vstest.console.dll, MetadataReaderExtensionsHelper: Discovering extensions inside assembly 'Microsoft.TestPlatform.Extensions.EventLogCollector, Version=15.0.0.0, Culture=neutral, PublicKeyToken=b03f5f7f11d50a3a' file path 'C:\Program Files\dotnet\sdk\7.0.203\Extensions\Microsoft.TestPlatform.Extensions.EventLogCollector.dll'
TpTrace Verbose: 0 : 29888, 1, 2023/05/12, 02:23:36.259, 2618941516405, vstest.console.dll, MetadataReaderExtensionsHelper: Discovering extensions inside assembly 'Microsoft.TestPlatform.TestHostRuntimeProvider, Version=15.0.0.0, Culture=neutral, PublicKeyToken=b03f5f7f11d50a3a' file path 'C:\Program Files\dotnet\sdk\7.0.203\Extensions\Microsoft.TestPlatform.TestHostRuntimeProvider.dll'
TpTrace Verbose: 0 : 29888, 1, 2023/05/12, 02:23:36.259, 2618941519600, vstest.console.dll, MetadataReaderExtensionsHelper: Discovering extensions inside assembly 'Microsoft.VisualStudio.TestPlatform.Extensions.Html.TestLogger, Version=15.0.0.0, Culture=neutral, PublicKeyToken=b03f5f7f11d50a3a' file path 'C:\Program Files\dotnet\sdk\7.0.203\Extensions\Microsoft.VisualStudio.TestPlatform.Extensions.Html.TestLogger.dll'
TpTrace Information: 0 : 29888, 1, 2023/05/12, 02:23:36.259, 2618941524090, vstest.console.dll, GetTestExtensionFromType: Register extension with identifier data 'logger://Microsoft/TestPlatform/HtmlLogger/v1' and type 'Microsoft.VisualStudio.TestPlatform.Extensions.HtmlLogger.HtmlLogger, Microsoft.VisualStudio.TestPlatform.Extensions.Html.TestLogger, Version=15.0.0.0, Culture=neutral, PublicKeyToken=b03f5f7f11d50a3a' inside file 'C:\Program Files\dotnet\sdk\7.0.203\Extensions\Microsoft.VisualStudio.TestPlatform.Extensions.Html.TestLogger.dll'
TpTrace Verbose: 0 : 29888, 1, 2023/05/12, 02:23:36.259, 2618941524559, vstest.console.dll, MetadataReaderExtensionsHelper: Discovering extensions inside assembly 'Microsoft.VisualStudio.TestPlatform.Extensions.Trx.TestLogger, Version=15.0.0.0, Culture=neutral, PublicKeyToken=b03f5f7f11d50a3a' file path 'C:\Program Files\dotnet\sdk\7.0.203\Extensions\Microsoft.VisualStudio.TestPlatform.Extensions.Trx.TestLogger.dll'
TpTrace Information: 0 : 29888, 1, 2023/05/12, 02:23:36.260, 2618941527864, vstest.console.dll, GetTestExtensionFromType: Register extension with identifier data 'logger://Microsoft/TestPlatform/TrxLogger/v1' and type 'Microsoft.VisualStudio.TestPlatform.Extensions.TrxLogger.TrxLogger, Microsoft.VisualStudio.TestPlatform.Extensions.Trx.TestLogger, Version=15.0.0.0, Culture=neutral, PublicKeyToken=b03f5f7f11d50a3a' inside file 'C:\Program Files\dotnet\sdk\7.0.203\Extensions\Microsoft.VisualStudio.TestPlatform.Extensions.Trx.TestLogger.dll'
TpTrace Verbose: 0 : 29888, 1, 2023/05/12, 02:23:36.260, 2618941528470, vstest.console.dll, TestPluginCache: Discovered the extensions using extension path ''.
TpTrace Verbose: 0 : 29888, 1, 2023/05/12, 02:23:36.260, 2618941528684, vstest.console.dll, TestPluginCache: Discoverers are ''.
TpTrace Verbose: 0 : 29888, 1, 2023/05/12, 02:23:36.260, 2618941528832, vstest.console.dll, TestPluginCache: Executors are ''.
TpTrace Verbose: 0 : 29888, 1, 2023/05/12, 02:23:36.260, 2618941528970, vstest.console.dll, TestPluginCache: Executors2 are ''.
TpTrace Verbose: 0 : 29888, 1, 2023/05/12, 02:23:36.260, 2618941529095, vstest.console.dll, TestPluginCache: Setting providers are ''.
TpTrace Verbose: 0 : 29888, 1, 2023/05/12, 02:23:36.260, 2618941529479, vstest.console.dll, TestPluginCache: Loggers are 'logger://Microsoft/TestPlatform/Extensions/Blame/v1,logger://Microsoft/TestPlatform/HtmlLogger/v1,logger://Microsoft/TestPlatform/TrxLogger/v1'.
TpTrace Verbose: 0 : 29888, 1, 2023/05/12, 02:23:36.260, 2618941529746, vstest.console.dll, TestPluginCache: TestHosts are 'HostProvider://DefaultTestHost,HostProvider://DotnetTestHost'.
TpTrace Verbose: 0 : 29888, 1, 2023/05/12, 02:23:36.260, 2618941529897, vstest.console.dll, TestPluginCache: DataCollectors are ''.
TpTrace Information: 0 : 29888, 1, 2023/05/12, 02:23:36.260, 2618941535153, vstest.console.dll, TestPluginManager.CreateTestExtension: Attempting to load test extension: Microsoft.TestPlatform.Extensions.BlameDataCollector.BlameLogger
TpTrace Verbose: 0 : 29888, 1, 2023/05/12, 02:23:36.265, 2618941585095, vstest.console.dll, TestEngine: Initializing Parallel Execution as MaxCpuCount is set to: 1
TpTrace Information: 0 : 29888, 1, 2023/05/12, 02:23:36.267, 2618941599577, vstest.console.dll, TestPluginManager.CreateTestExtension: Attempting to load test extension: Microsoft.VisualStudio.TestPlatform.CrossPlatEngine.Hosting.DefaultTestHostManager
TpTrace Information: 0 : 29888, 1, 2023/05/12, 02:23:36.267, 2618941605022, vstest.console.dll, TestPluginManager.CreateTestExtension: Attempting to load test extension: Microsoft.VisualStudio.TestPlatform.CrossPlatEngine.Hosting.DotnetTestHostManager
TpTrace Information: 0 : 29888, 1, 2023/05/12, 02:23:36.268, 2618941609415, vstest.console.dll, InferRunSettingsHelper.IsTestSettingsEnabled: Unable to navigate to RunSettings/MSTest. Current node: RunSettings
TpTrace Verbose: 0 : 29888, 1, 2023/05/12, 02:23:36.271, 2618941636867, vstest.console.dll, TestEngine.GetExecutionManager: Chosen execution manager 'Microsoft.VisualStudio.TestPlatform.CrossPlatEngine.Client.Parallel.ParallelProxyExecutionManager, Microsoft.TestPlatform.CrossPlatEngine, Version=15.0.0.0, Culture=neutral, PublicKeyToken=b03f5f7f11d50a3a' ParallelLevel '1'.
TpTrace Verbose: 0 : 29888, 1, 2023/05/12, 02:23:36.271, 2618941637854, vstest.console.dll, TestRunRequest.ExecuteAsync: Creating test run request.
TpTrace Verbose: 0 : 29888, 1, 2023/05/12, 02:23:36.271, 2618941639398, vstest.console.dll, TestRunRequest.ExecuteAsync: Starting.
TpTrace Information: 0 : 29888, 1, 2023/05/12, 02:23:36.271, 2618941641263, vstest.console.dll, TestRunRequest.ExecuteAsync: Starting run with settings:TestRunCriteria:
   KeepAlive=False,FrequencyOfRunStatsChangeEvent=10,RunStatsChangeEventTimeout=00:00:01.5000000,TestCaseFilter=,TestExecutorLauncher=
   Settingsxml=<RunSettings>
  <RunConfiguration>
    <ResultsDirectory>C:\Users\p4t0s\Desktop\eventRadar\eventRadarUnitTests\bin\Debug\net7.0\fine-code-coverage\coverage-tool-output</ResultsDirectory>
    <TargetPlatform>X64</TargetPlatform>
    <TargetFrameworkVersion>.NETCoreApp,Version=v7.0</TargetFrameworkVersion>
    <DesignMode>False</DesignMode>
    <CollectSourceInformation>False</CollectSourceInformation>
  </RunConfiguration>
  <LoggerRunSettings>
    <Loggers>
      <Logger friendlyName="blame" enabled="True" />
      <Logger friendlyName="Console" uri="logger://microsoft/TestPlatform/ConsoleLogger/v1" assemblyQualifiedName="Microsoft.VisualStudio.TestPlatform.CommandLine.Internal.ConsoleLogger, vstest.console, Version=15.0.0.0, Culture=neutral, PublicKeyToken=b03f5f7f11d50a3a" codeBase="C:\Program Files\dotnet\sdk\7.0.203\vstest.console.dll" enabled="True" />
    </Loggers>
  </LoggerRunSettings>
  <DataCollectionRunSettings>
    <DataCollectors>
      <DataCollector friendlyName="blame" enabled="True">
        <Configuration>
          <ResultsDirectory>C:\Users\p4t0s\Desktop\eventRadar\eventRadarUnitTests\bin\Debug\net7.0\fine-code-coverage\coverage-tool-output</ResultsDirectory>
        </Configuration>
      </DataCollector>
    </DataCollectors>
  </DataCollectionRunSettings>
</RunSettings>

TpTrace Verbose: 0 : 29888, 1, 2023/05/12, 02:23:36.271, 2618941641636, vstest.console.dll, TestRunRequest.ExecuteAsync: Wait for the first run request is over.
TpTrace Verbose: 0 : 29888, 1, 2023/05/12, 02:23:36.271, 2618941643439, vstest.console.dll, MulticastDelegateUtilities.SafeInvoke: TestRun.TestRunStart: Invoking callbacks was skipped because there are no subscribers.
TpTrace Verbose: 0 : 29888, 4, 2023/05/12, 02:23:36.271, 2618941644859, vstest.console.dll, MulticastDelegateUtilities.SafeInvoke: InternalTestLoggerEvents.SendTestRunStart: Invoking callback 1/1 for Microsoft.VisualStudio.TestPlatform.CommandLine.Internal.ConsoleLogger., took 0 ms.
TpTrace Verbose: 0 : 29888, 1, 2023/05/12, 02:23:36.272, 2618941651053, vstest.console.dll, ParallelProxyExecutionManager: Start execution. Total sources: 1
TpTrace Verbose: 0 : 29888, 1, 2023/05/12, 02:23:36.273, 2618941661031, vstest.console.dll, TestRequestSender is acting as server.
TpTrace Verbose: 0 : 29888, 1, 2023/05/12, 02:23:36.274, 2618941670124, vstest.console.dll, DataCollectionRequestSender.InitializeCommunication : Initialize communication. 
TpTrace Information: 0 : 29888, 1, 2023/05/12, 02:23:36.277, 2618941697923, vstest.console.dll, Listening on Endpoint : 127.0.0.1:63770
TpTrace Verbose: 0 : 29888, 1, 2023/05/12, 02:23:36.282, 2618941753602, vstest.console.dll, DotnetDataCollectionLauncher: Adding  --runtimeconfig "C:\Program Files\dotnet\sdk\7.0.203\datacollector.runtimeconfig.json" in args
TpTrace Verbose: 0 : 29888, 1, 2023/05/12, 02:23:36.282, 2618941754371, vstest.console.dll, DotnetDataCollectionLauncher: Adding  --depsfile "C:\Program Files\dotnet\sdk\7.0.203\datacollector.deps.json" in args
TpTrace Verbose: 0 : 29888, 1, 2023/05/12, 02:23:36.283, 2618941755678, vstest.console.dll, DotnetDataCollectionLauncher: Full path of dotnet.exe is C:\Program Files\dotnet\dotnet.exe
TpTrace Information: 0 : 29888, 1, 2023/05/12, 02:23:36.288, 2618941806180, vstest.console.dll, ProxyDataCollectionManager.Initialize: Launched datacollector processId: 30208 port: 63770
TpTrace Information: 0 : 29888, 1, 2023/05/12, 02:23:36.288, 2618941807388, vstest.console.dll, ProxyDataCollectionManager.Initialize: waiting for connection with timeout: 90 seconds
TpTrace Verbose: 0 : 29888, 1, 2023/05/12, 02:23:36.288, 2618941808101, vstest.console.dll, DataCollectionRequestSender.WaitForRequestHandlerConnection : Waiting for connection with timeout: 90000
TpTrace Information: 0 : 29888, 7, 2023/05/12, 02:23:36.387, 2618942798116, vstest.console.dll, Using the buffer size of 16384 bytes
TpTrace Verbose: 0 : 29888, 1, 2023/05/12, 02:23:36.387, 2618942798284, vstest.console.dll, SocketCommunicationManager.WaitForClientConnection took: 98 ms, with 90000 ms timeout, and finished with True.
TpTrace Information: 0 : 29888, 7, 2023/05/12, 02:23:36.387, 2618942799023, vstest.console.dll, Accepted Client request and set the flag
TpTrace Verbose: 0 : 29888, 1, 2023/05/12, 02:23:36.387, 2618942799766, vstest.console.dll, ProxyDataCollectionManager.InvokeDataCollectionServiceAction: Starting.
TpTrace Information: 0 : 29888, 1, 2023/05/12, 02:23:36.387, 2618942800193, vstest.console.dll, ProxyDataCollectionManager.BeforeTestRunStart: Get environment variable and port for datacollector processId: 30208 port: 63770
TpTrace Verbose: 0 : 29888, 1, 2023/05/12, 02:23:36.387, 2618942800859, vstest.console.dll, DataCollectionRequestSender.SendBeforeTestRunStartAndGetResult: Send BeforeTestRunStart message with settingsXml <RunSettings><RunConfiguration><ResultsDirectory>C:\Users\p4t0s\Desktop\eventRadar\eventRadarUnitTests\bin\Debug\net7.0\fine-code-coverage\coverage-tool-output</ResultsDirectory><TargetPlatform>X64</TargetPlatform><TargetFrameworkVersion>.NETCoreApp,Version=v7.0</TargetFrameworkVersion><DesignMode>False</DesignMode><CollectSourceInformation>False</CollectSourceInformation><TestAdaptersPaths>C:\Program Files\dotnet\sdk\7.0.203\Extensions</TestAdaptersPaths></RunConfiguration><LoggerRunSettings><Loggers><Logger friendlyName="blame" enabled="True" /><Logger friendlyName="Console" uri="logger://microsoft/TestPlatform/ConsoleLogger/v1" assemblyQualifiedName="Microsoft.VisualStudio.TestPlatform.CommandLine.Internal.ConsoleLogger, vstest.console, Version=15.0.0.0, Culture=neutral, PublicKeyToken=b03f5f7f11d50a3a" codeBase="C:\Program Files\dotnet\sdk\7.0.203\vstest.console.dll" enabled="True" /></Loggers></LoggerRunSettings><DataCollectionRunSettings><DataCollectors><DataCollector friendlyName="blame" enabled="True"><Configuration><ResultsDirectory>C:\Users\p4t0s\Desktop\eventRadar\eventRadarUnitTests\bin\Debug\net7.0\fine-code-coverage\coverage-tool-output</ResultsDirectory></Configuration></DataCollector></DataCollectors></DataCollectionRunSettings></RunSettings> and sources System.Collections.Generic.List`1[System.String]: 
TpTrace Verbose: 0 : 29888, 1, 2023/05/12, 02:23:36.442, 2618943355085, vstest.console.dll, DataCollectionRequestSender.SendBeforeTestRunStartAndGetResult: Received message: (DataCollection.SendMessage) -> {"MessageType":"DataCollection.SendMessage","Payload":{"FriendlyName":null,"Uri":null,"TestCaseId":"00000000-0000-0000-0000-000000000000","Message":"Logging DataCollector Diagnostics in file: C:\\Users\\p4t0s\\Desktop\\eventRadar\\eventRadarUnitTests\\bin\\Debug\\net7.0\\fine-code-coverage\\coverage-tool-output\\diagnostics.datacollector.23-05-12_02-23-36_28256_1.log","Level":0}}
TpTrace Verbose: 0 : 29888, 1, 2023/05/12, 02:23:36.497, 2618943899050, vstest.console.dll, DataCollectionRequestSender.SendBeforeTestRunStartAndGetResult: Received message: (DataCollection.BeforeTestRunStartResult) -> {"MessageType":"DataCollection.BeforeTestRunStartResult","Payload":{"EnvironmentVariables":{},"DataCollectionEventsPort":63772}}
TpTrace Information: 0 : 29888, 1, 2023/05/12, 02:23:36.500, 2618943933524, vstest.console.dll, ProxyDataCollectionManager.BeforeTestRunStart: SendBeforeTestRunStartAndGetResult successful, env variable from datacollector:   and testhost port: 63772
TpTrace Information: 0 : 29888, 1, 2023/05/12, 02:23:36.500, 2618943934091, vstest.console.dll, ProxyDataCollectionManager.InvokeDataCollectionServiceAction: Completed.
TpTrace Verbose: 0 : 29888, 7, 2023/05/12, 02:23:36.500, 2618943934857, vstest.console.dll, ParallelProxyExecutionManager: Execution started. Started clients: 1
TpTrace Verbose: 0 : 29888, 1, 2023/05/12, 02:23:36.500, 2618943935008, vstest.console.dll, ProxyParallelExecutionManager: No sources available for execution.
TpTrace Information: 0 : 29888, 1, 2023/05/12, 02:23:36.500, 2618943935566, vstest.console.dll, TestRunRequest.ExecuteAsync: Started.
TpTrace Verbose: 0 : 29888, 1, 2023/05/12, 02:23:36.501, 2618943936042, vstest.console.dll, TestRunRequest.WaitForCompletion: Waiting with timeout -1.
TpTrace Verbose: 0 : 29888, 7, 2023/05/12, 02:23:36.501, 2618943936796, vstest.console.dll, TestRunRequest:SendTestRunMessage: Starting.
TpTrace Verbose: 0 : 29888, 7, 2023/05/12, 02:23:36.501, 2618943937816, vstest.console.dll, MulticastDelegateUtilities.SafeInvoke: TestRun.LogMessages: Invoking callback 1/1 for Microsoft.VisualStudio.TestPlatform.CommandLine.TestRunResultAggregator., took 0 ms.
TpTrace Information: 0 : 29888, 7, 2023/05/12, 02:23:36.501, 2618943938064, vstest.console.dll, TestRunRequest:SendTestRunMessage: Completed.
TpTrace Verbose: 0 : 29888, 4, 2023/05/12, 02:23:36.501, 2618943938860, vstest.console.dll, MulticastDelegateUtilities.SafeInvoke: InternalTestLoggerEvents.SendTestRunMessage: Invoking callback 1/1 for Microsoft.VisualStudio.TestPlatform.CommandLine.Internal.ConsoleLogger., took 0 ms.
TpTrace Verbose: 0 : 29888, 7, 2023/05/12, 02:23:36.501, 2618943939218, vstest.console.dll, ProxyExecutionManager: Test host is always Lazy initialize.
TpTrace Verbose: 0 : 29888, 7, 2023/05/12, 02:23:36.501, 2618943940757, vstest.console.dll, TestRequestSender.InitializeCommunication: initialize communication. 
TpTrace Information: 0 : 29888, 7, 2023/05/12, 02:23:36.501, 2618943944615, vstest.console.dll, SocketServer.Start: Listening on endpoint : 127.0.0.1:63773
TpTrace Verbose: 0 : 29888, 7, 2023/05/12, 02:23:36.502, 2618943950306, vstest.console.dll, DotnetTestHostmanager.GetTestHostProcessStartInfo: Platform environment 'X64' target architecture 'X64' framework '.NETCoreApp,Version=v7.0' OS 'Windows'
TpTrace Verbose: 0 : 29888, 7, 2023/05/12, 02:23:36.502, 2618943951541, vstest.console.dll, DotnetTestHostmanager: Adding  --runtimeconfig "C:\Users\p4t0s\Desktop\eventRadar\eventRadarUnitTests\bin\Debug\net7.0\fine-code-coverage\build-output\eventRadarUnitTests.runtimeconfig.json" in args
TpTrace Verbose: 0 : 29888, 7, 2023/05/12, 02:23:36.502, 2618943952166, vstest.console.dll, DotnetTestHostmanager: Adding  --depsfile "C:\Users\p4t0s\Desktop\eventRadar\eventRadarUnitTests\bin\Debug\net7.0\fine-code-coverage\build-output\eventRadarUnitTests.deps.json" in args
TpTrace Verbose: 0 : 29888, 7, 2023/05/12, 02:23:36.502, 2618943953178, vstest.console.dll, DotnetTestHostmanager.IsWinOnArm: Current PROCESSOR_ARCHITECTURE from environment variable 'AMD64'
TpTrace Verbose: 0 : 29888, 7, 2023/05/12, 02:23:36.502, 2618943953613, vstest.console.dll, DotnetTestHostmanager.IsWinOnArm: Is Windows on ARM 'False'
TpTrace Verbose: 0 : 29888, 7, 2023/05/12, 02:23:36.502, 2618943954084, vstest.console.dll, DotnetTestHostManager: testhost.exe found at path: C:\Users\p4t0s\Desktop\eventRadar\eventRadarUnitTests\bin\Debug\net7.0\fine-code-coverage\build-output\testhost.exe
TpTrace Verbose: 0 : 29888, 7, 2023/05/12, 02:23:36.502, 2618943954327, vstest.console.dll, DotnetTestHostmanager: Full path of host exe is C:\Users\p4t0s\Desktop\eventRadar\eventRadarUnitTests\bin\Debug\net7.0\fine-code-coverage\build-output\testhost.exe
TpTrace Verbose: 0 : 29888, 7, 2023/05/12, 02:23:36.502, 2618943955104, vstest.console.dll, DotnetTestHostmanager.LaunchTestHostAsync: Found 'VSTEST_WINAPPHOST_DOTNET_ROOT' in env variables, value 'C:\Program Files\dotnet', forwarding to 'DOTNET_ROOT'
TpTrace Verbose: 0 : 29888, 7, 2023/05/12, 02:23:36.503, 2618943956215, vstest.console.dll, DotnetTestHostManager: Starting process 'C:\Users\p4t0s\Desktop\eventRadar\eventRadarUnitTests\bin\Debug\net7.0\fine-code-coverage\build-output\testhost.exe' with command line ' --runtimeconfig "C:\Users\p4t0s\Desktop\eventRadar\eventRadarUnitTests\bin\Debug\net7.0\fine-code-coverage\build-output\eventRadarUnitTests.runtimeconfig.json" --depsfile "C:\Users\p4t0s\Desktop\eventRadar\eventRadarUnitTests\bin\Debug\net7.0\fine-code-coverage\build-output\eventRadarUnitTests.deps.json" --port 63773 --endpoint 127.0.0.1:063773 --role client --parentprocessid 29888 --diag "C:\Users\p4t0s\Desktop\eventRadar\eventRadarUnitTests\bin\Debug\net7.0\fine-code-coverage\coverage-tool-output\diagnostics.host.23-05-12_02-23-36_50216_7.log" --tracelevel 4 --datacollectionport 63772 --telemetryoptedin false'
TpTrace Verbose: 0 : 29888, 7, 2023/05/12, 02:23:36.508, 2618944009500, vstest.console.dll, MulticastDelegateUtilities.SafeInvoke: HostProviderEvents.OnHostLaunched: Invoking callback 1/2 for Microsoft.VisualStudio.TestPlatform.CrossPlatEngine.Client.ProxyExecutionManagerWithDataCollection., took 1 ms.
TpTrace Verbose: 0 : 29888, 7, 2023/05/12, 02:23:36.508, 2618944011415, vstest.console.dll, Test Runtime launched
TpTrace Verbose: 0 : 29888, 7, 2023/05/12, 02:23:36.508, 2618944011982, vstest.console.dll, MulticastDelegateUtilities.SafeInvoke: HostProviderEvents.OnHostLaunched: Invoking callback 2/2 for Microsoft.VisualStudio.TestPlatform.CrossPlatEngine.Client.ProxyOperationManager., took 0 ms.
TpTrace Verbose: 0 : 29888, 7, 2023/05/12, 02:23:36.508, 2618944013127, vstest.console.dll, TestRequestSender.WaitForRequestHandlerConnection: waiting for connection with timeout: 90000.
TpTrace Verbose: 0 : 29888, 7, 2023/05/12, 02:23:36.618, 2618945112930, vstest.console.dll, TestRequestSender.WaitForRequestHandlerConnection: waiting took 109 ms, with timeout 90000 ms, and result 0, which is success.
TpTrace Verbose: 0 : 29888, 12, 2023/05/12, 02:23:36.618, 2618945112929, vstest.console.dll, MulticastDelegateUtilities.SafeInvoke: SocketServer: ClientConnected: Invoking callback 1/1 for Microsoft.VisualStudio.TestPlatform.CommunicationUtilities.TestRequestSender., took 0 ms.
TpTrace Verbose: 0 : 29888, 12, 2023/05/12, 02:23:36.618, 2618945114112, vstest.console.dll, SocketServer.OnClientConnected: Client connected for endPoint: 127.0.0.1:63773, starting MessageLoopAsync:
TpTrace Verbose: 0 : 29888, 12, 2023/05/12, 02:23:36.618, 2618945115455, vstest.console.dll, TcpClientExtensions.MessageLoopAsync: Polling on remoteEndPoint: 127.0.0.1:63774 localEndPoint: 127.0.0.1:63773
TpTrace Verbose: 0 : 29888, 7, 2023/05/12, 02:23:36.619, 2618945119372, vstest.console.dll, TestRequestSender.CheckVersionWithTestHost: Sending check version message: {"MessageType":"ProtocolVersion","Payload":7}
TpTrace Verbose: 0 : 29888, 12, 2023/05/12, 02:23:36.704, 2618945966450, vstest.console.dll, TcpClientExtensions.MessageLoopAsync: NotifyDataAvailable remoteEndPoint: 127.0.0.1:63774 localEndPoint: 127.0.0.1:63773
TpTrace Verbose: 0 : 29888, 12, 2023/05/12, 02:23:36.704, 2618945968825, vstest.console.dll, TestRequestSender.CheckVersionWithTestHost: onMessageReceived received message: (ProtocolVersion) -> {"MessageType":"ProtocolVersion","Payload":7}
TpTrace Verbose: 0 : 29888, 12, 2023/05/12, 02:23:36.704, 2618945974804, vstest.console.dll, MulticastDelegateUtilities.SafeInvoke: LengthPrefixCommunicationChannel: MessageReceived: Invoking callback 1/1 for Microsoft.VisualStudio.TestPlatform.CommunicationUtilities.TestRequestSender+<>c__DisplayClass29_0., took 0 ms.
TpTrace Verbose: 0 : 29888, 7, 2023/05/12, 02:23:36.704, 2618945975466, vstest.console.dll, TestPluginCache.GetExtensionPaths: Filtered extension paths: 
TpTrace Verbose: 0 : 29888, 12, 2023/05/12, 02:23:36.704, 2618945975498, vstest.console.dll, TcpClientExtensions.MessageLoopAsync: Polling on remoteEndPoint: 127.0.0.1:63774 localEndPoint: 127.0.0.1:63773
TpTrace Verbose: 0 : 29888, 7, 2023/05/12, 02:23:36.705, 2618945975997, vstest.console.dll, TestPluginCache.GetExtensionPaths: Added default extension paths: C:\Program Files\dotnet\sdk\7.0.203\Extensions\Microsoft.Diagnostics.NETCore.Client.dll
C:\Program Files\dotnet\sdk\7.0.203\Extensions\Microsoft.TestPlatform.Extensions.BlameDataCollector.dll
C:\Program Files\dotnet\sdk\7.0.203\Extensions\Microsoft.TestPlatform.Extensions.EventLogCollector.dll
C:\Program Files\dotnet\sdk\7.0.203\Extensions\Microsoft.TestPlatform.TestHostRuntimeProvider.dll
C:\Program Files\dotnet\sdk\7.0.203\Extensions\Microsoft.VisualStudio.TestPlatform.Extensions.Html.TestLogger.dll
C:\Program Files\dotnet\sdk\7.0.203\Extensions\Microsoft.VisualStudio.TestPlatform.Extensions.Trx.TestLogger.dll
TpTrace Verbose: 0 : 29888, 7, 2023/05/12, 02:23:36.705, 2618945976912, vstest.console.dll, TestPluginCache.GetExtensionPaths: Added unfilterableExtensionPaths: 
TpTrace Verbose: 0 : 29888, 7, 2023/05/12, 02:23:36.707, 2618946000629, vstest.console.dll, TestRequestSender.InitializeExecution: Sending initialize execution with message: {"Version":7,"MessageType":"TestExecution.Initialize","Payload":["C:\\Users\\p4t0s\\Desktop\\eventRadar\\eventRadarUnitTests\\bin\\Debug\\net7.0\\fine-code-coverage\\build-output\\Microsoft.VisualStudio.TestPlatform.MSTest.TestAdapter.dll"]}
TpTrace Warning: 0 : 29888, 7, 2023/05/12, 02:23:36.707, 2618946005042, vstest.console.dll, InferRunSettingsHelper.MakeRunsettingsCompatible: Removing the following settings: TargetPlatform from RunSettings file. To use those settings please move to latest version of Microsoft.NET.Test.Sdk
TpTrace Verbose: 0 : 29888, 12, 2023/05/12, 02:23:36.708, 2618946015105, vstest.console.dll, TcpClientExtensions.MessageLoopAsync: NotifyDataAvailable remoteEndPoint: 127.0.0.1:63774 localEndPoint: 127.0.0.1:63773
TpTrace Verbose: 0 : 29888, 12, 2023/05/12, 02:23:36.709, 2618946017215, vstest.console.dll, TestRequestSender.OnExecutionMessageReceived: Received message: {"Version":7,"MessageType":"TestSession.Message","Payload":{"MessageLevel":0,"Message":"Logging TestHost Diagnostics in file: C:\\Users\\p4t0s\\Desktop\\eventRadar\\eventRadarUnitTests\\bin\\Debug\\net7.0\\fine-code-coverage\\coverage-tool-output\\diagnostics.host.23-05-12_02-23-36_50216_7.log"}}
TpTrace Verbose: 0 : 29888, 12, 2023/05/12, 02:23:36.710, 2618946033831, vstest.console.dll, TestRunRequest:SendTestRunMessage: Starting.
TpTrace Verbose: 0 : 29888, 12, 2023/05/12, 02:23:36.710, 2618946034593, vstest.console.dll, MulticastDelegateUtilities.SafeInvoke: TestRun.LogMessages: Invoking callback 1/1 for Microsoft.VisualStudio.TestPlatform.CommandLine.TestRunResultAggregator., took 0 ms.
TpTrace Verbose: 0 : 29888, 4, 2023/05/12, 02:23:36.710, 2618946034767, vstest.console.dll, MulticastDelegateUtilities.SafeInvoke: InternalTestLoggerEvents.SendTestRunMessage: Invoking callback 1/1 for Microsoft.VisualStudio.TestPlatform.CommandLine.Internal.ConsoleLogger., took 0 ms.
TpTrace Information: 0 : 29888, 12, 2023/05/12, 02:23:36.710, 2618946034815, vstest.console.dll, TestRunRequest:SendTestRunMessage: Completed.
TpTrace Verbose: 0 : 29888, 12, 2023/05/12, 02:23:36.711, 2618946035938, vstest.console.dll, MulticastDelegateUtilities.SafeInvoke: LengthPrefixCommunicationChannel: MessageReceived: Invoking callback 1/1 for Microsoft.VisualStudio.TestPlatform.CommunicationUtilities.TestRequestSender+<>c__DisplayClass34_0., took 1 ms.
TpTrace Verbose: 0 : 29888, 12, 2023/05/12, 02:23:36.711, 2618946036157, vstest.console.dll, TcpClientExtensions.MessageLoopAsync: Polling on remoteEndPoint: 127.0.0.1:63774 localEndPoint: 127.0.0.1:63773
TpTrace Verbose: 0 : 29888, 7, 2023/05/12, 02:23:36.712, 2618946053801, vstest.console.dll, TestRequestSender.StartTestRun: Sending test run with message: {"Version":7,"MessageType":"TestExecution.StartWithSources","Payload":{"AdapterSourceMap":{"_none_":["C:\\Users\\p4t0s\\Desktop\\eventRadar\\eventRadarUnitTests\\bin\\Debug\\net7.0\\fine-code-coverage\\build-output\\eventRadarUnitTests.dll"]},"RunSettings":"<RunSettings>\r\n  <RunConfiguration>\r\n    <ResultsDirectory>C:\\Users\\p4t0s\\Desktop\\eventRadar\\eventRadarUnitTests\\bin\\Debug\\net7.0\\fine-code-coverage\\coverage-tool-output</ResultsDirectory>\r\n    <TargetFrameworkVersion>.NETCoreApp,Version=v7.0</TargetFrameworkVersion>\r\n    <DesignMode>False</DesignMode>\r\n    <CollectSourceInformation>False</CollectSourceInformation>\r\n  </RunConfiguration>\r\n  <LoggerRunSettings>\r\n    <Loggers>\r\n      <Logger friendlyName=\"blame\" enabled=\"True\" />\r\n      <Logger friendlyName=\"Console\" uri=\"logger://microsoft/TestPlatform/ConsoleLogger/v1\" assemblyQualifiedName=\"Microsoft.VisualStudio.TestPlatform.CommandLine.Internal.ConsoleLogger, vstest.console, Version=15.0.0.0, Culture=neutral, PublicKeyToken=b03f5f7f11d50a3a\" codeBase=\"C:\\Program Files\\dotnet\\sdk\\7.0.203\\vstest.console.dll\" enabled=\"True\" />\r\n    </Loggers>\r\n  </LoggerRunSettings>\r\n  <DataCollectionRunSettings>\r\n    <DataCollectors>\r\n      <DataCollector friendlyName=\"blame\" enabled=\"True\">\r\n        <Configuration>\r\n          <ResultsDirectory>C:\\Users\\p4t0s\\Desktop\\eventRadar\\eventRadarUnitTests\\bin\\Debug\\net7.0\\fine-code-coverage\\coverage-tool-output</ResultsDirectory>\r\n        </Configuration>\r\n      </DataCollector>\r\n    </DataCollectors>\r\n  </DataCollectionRunSettings>\r\n</RunSettings>","TestExecutionContext":{"FrequencyOfRunStatsChangeEvent":10,"RunStatsChangeEventTimeout":"00:00:01.5000000","InIsolation":false,"KeepAlive":false,"AreTestCaseLevelEventsRequired":false,"IsDebug":false,"TestCaseFilter":null,"FilterOptions":null},"Package":null}}
TpTrace Verbose: 0 : 29888, 12, 2023/05/12, 02:23:37.085, 2618949781610, vstest.console.dll, TcpClientExtensions.MessageLoopAsync: NotifyDataAvailable remoteEndPoint: 127.0.0.1:63774 localEndPoint: 127.0.0.1:63773
TpTrace Verbose: 0 : 29888, 12, 2023/05/12, 02:23:37.086, 2618949786253, vstest.console.dll, TestRequestSender.OnExecutionMessageReceived: Received message: {"Version":7,"MessageType":"TestExecution.StatsChange","Payload":{"NewTestResults":[{"TestCase":{"Id":"e146c37b-c851-5b27-6f01-261603372ac7","FullyQualifiedName":"eventRadarUnitTests.BlacklistedPageControllerTests.GetMany_ReturnsBlacklistedPageDtos","DisplayName":"GetMany_ReturnsBlacklistedPageDtos","ExecutorUri":"executor://MSTestAdapter/v2","Source":"C:\\Users\\p4t0s\\Desktop\\eventRadar\\eventRadarUnitTests\\bin\\Debug\\net7.0\\fine-code-coverage\\build-output\\eventRadarUnitTests.dll","CodeFilePath":null,"LineNumber":-1,"Properties":[{"Key":{"Id":"TestCase.ManagedType","Label":"ManagedType","Category":"","Description":"","Attributes":1,"ValueType":"System.String"},"Value":"eventRadarUnitTests.BlacklistedPageControllerTests"},{"Key":{"Id":"TestCase.ManagedMethod","Label":"ManagedMethod","Category":"","Description":"","Attributes":1,"ValueType":"System.String"},"Value":"GetMany_ReturnsBlacklistedPageDtos"},{"Key":{"Id":"MSTestDiscoverer.TestClassName","Label":"ClassName","Category":"","Description":"","Attributes":1,"ValueType":"System.String"},"Value":"eventRadarUnitTests.BlacklistedPageControllerTests"},{"Key":{"Id":"TestCase.Hierarchy","Label":"Hierarchy","Category":"","Description":"","Attributes":2,"ValueType":"System.String[]"},"Value":["eventRadarUnitTests","BlacklistedPageControllerTests"]},{"Key":{"Id":"TestObject.Traits","Label":"Traits","Category":"","Description":"","Attributes":5,"ValueType":"System.Collections.Generic.KeyValuePair`2[[System.String],[System.String]][]"},"Value":[]}]},"Attachments":[],"Outcome":1,"ErrorMessage":null,"ErrorStackTrace":null,"DisplayName":"GetMany_ReturnsBlacklistedPageDtos","Messages":[],"ComputerName":null,"Duration":"00:00:00.0536346","StartTime":"2023-05-12T02:23:36.8902779+03:00","EndTime":"2023-05-12T02:23:36.9522035+03:00","Properties":[{"Key":{"Id":"ExecutionId","Label":"ExecutionId","Category":"","Description":"","Attributes":1,"ValueType":"System.Guid"},"Value":"00000000-0000-0000-0000-000000000000"},{"Key":{"Id":"ParentExecId","Label":"ParentExecId","Category":"","Description":"","Attributes":1,"ValueType":"System.Guid"},"Value":"00000000-0000-0000-0000-000000000000"},{"Key":{"Id":"InnerResultsCount","Label":"InnerResultsCount","Category":"","Description":"","Attributes":1,"ValueType":"System.Int32"},"Value":0}]},{"TestCase":{"Id":"0dff4d29-8aa5-0769-07ef-85a58cbdee2c","FullyQualifiedName":"eventRadarUnitTests.BlacklistedPageControllerTests.Get_ReturnsNotFoundResult_WhenBlacklistedPageDoesNotExist","DisplayName":"Get_ReturnsNotFoundResult_WhenBlacklistedPageDoesNotExist","ExecutorUri":"executor://MSTestAdapter/v2","Source":"C:\\Users\\p4t0s\\Desktop\\eventRadar\\eventRadarUnitTests\\bin\\Debug\\net7.0\\fine-code-coverage\\build-output\\eventRadarUnitTests.dll","CodeFilePath":null,"LineNumber":-1,"Properties":[{"Key":{"Id":"TestCase.ManagedType","Label":"ManagedType","Category":"","Description":"","Attributes":1,"ValueType":"System.String"},"Value":"eventRadarUnitTests.BlacklistedPageControllerTests"},{"Key":{"Id":"TestCase.ManagedMethod","Label":"ManagedMethod","Category":"","Description":"","Attributes":1,"ValueType":"System.String"},"Value":"Get_ReturnsNotFoundResult_WhenBlacklistedPageDoesNotExist"},{"Key":{"Id":"MSTestDiscoverer.TestClassName","Label":"ClassName","Category":"","Description":"","Attributes":1,"ValueType":"System.String"},"Value":"eventRadarUnitTests.BlacklistedPageControllerTests"},{"Key":{"Id":"TestCase.Hierarchy","Label":"Hierarchy","Category":"","Description":"","Attributes":2,"ValueType":"System.String[]"},"Value":["eventRadarUnitTests","BlacklistedPageControllerTests"]},{"Key":{"Id":"TestObject.Traits","Label":"Traits","Category":"","Description":"","Attributes":5,"ValueType":"System.Collections.Generic.KeyValuePair`2[[System.String],[System.String]][]"},"Value":[]}]},"Attachments":[],"Outcome":1,"ErrorMessage":null,"ErrorStackTrace":null,"DisplayName":"Get_ReturnsNotFoundResult_WhenBlacklistedPageDoesNotExist","Messages":[],"ComputerName":null,"Duration":"00:00:00.0083138","StartTime":"2023-05-12T02:23:36.9689185+03:00","EndTime":"2023-05-12T02:23:36.9775683+03:00","Properties":[{"Key":{"Id":"ExecutionId","Label":"ExecutionId","Category":"","Description":"","Attributes":1,"ValueType":"System.Guid"},"Value":"00000000-0000-0000-0000-000000000000"},{"Key":{"Id":"ParentExecId","Label":"ParentExecId","Category":"","Description":"","Attributes":1,"ValueType":"System.Guid"},"Value":"00000000-0000-0000-0000-000000000000"},{"Key":{"Id":"InnerResultsCount","Label":"InnerResultsCount","Category":"","Description":"","Attributes":1,"ValueType":"System.Int32"},"Value":0}]},{"TestCase":{"Id":"d4777e44-ed3e-4635-3429-d0674ea1f4df","FullyQualifiedName":"eventRadarUnitTests.BlacklistedPageControllerTests.Get_ReturnsBlacklistedPageDto_WhenBlacklistedPageExists","DisplayName":"Get_ReturnsBlacklistedPageDto_WhenBlacklistedPageExists","ExecutorUri":"executor://MSTestAdapter/v2","Source":"C:\\Users\\p4t0s\\Desktop\\eventRadar\\eventRadarUnitTests\\bin\\Debug\\net7.0\\fine-code-coverage\\build-output\\eventRadarUnitTests.dll","CodeFilePath":null,"LineNumber":-1,"Properties":[{"Key":{"Id":"TestCase.ManagedType","Label":"ManagedType","Category":"","Description":"","Attributes":1,"ValueType":"System.String"},"Value":"eventRadarUnitTests.BlacklistedPageControllerTests"},{"Key":{"Id":"TestCase.ManagedMethod","Label":"ManagedMethod","Category":"","Description":"","Attributes":1,"ValueType":"System.String"},"Value":"Get_ReturnsBlacklistedPageDto_WhenBlacklistedPageExists"},{"Key":{"Id":"MSTestDiscoverer.TestClassName","Label":"ClassName","Category":"","Description":"","Attributes":1,"ValueType":"System.String"},"Value":"eventRadarUnitTests.BlacklistedPageControllerTests"},{"Key":{"Id":"TestCase.Hierarchy","Label":"Hierarchy","Category":"","Description":"","Attributes":2,"ValueType":"System.String[]"},"Value":["eventRadarUnitTests","BlacklistedPageControllerTests"]},{"Key":{"Id":"TestObject.Traits","Label":"Traits","Category":"","Description":"","Attributes":5,"ValueType":"System.Collections.Generic.KeyValuePair`2[[System.String],[System.String]][]"},"Value":[]}]},"Attachments":[],"Outcome":1,"ErrorMessage":null,"ErrorStackTrace":null,"DisplayName":"Get_ReturnsBlacklistedPageDto_WhenBlacklistedPageExists","Messages":[],"ComputerName":null,"Duration":"00:00:00.0015085","StartTime":"2023-05-12T02:23:36.980962+03:00","EndTime":"2023-05-12T02:23:36.9826222+03:00","Properties":[{"Key":{"Id":"ExecutionId","Label":"ExecutionId","Category":"","Description":"","Attributes":1,"ValueType":"System.Guid"},"Value":"00000000-0000-0000-0000-000000000000"},{"Key":{"Id":"ParentExecId","Label":"ParentExecId","Category":"","Description":"","Attributes":1,"ValueType":"System.Guid"},"Value":"00000000-0000-0000-0000-000000000000"},{"Key":{"Id":"InnerResultsCount","Label":"InnerResultsCount","Category":"","Description":"","Attributes":1,"ValueType":"System.Int32"},"Value":0}]},{"TestCase":{"Id":"e71eb5ca-9cd8-1166-e846-a68034d45794","FullyQualifiedName":"eventRadarUnitTests.BlacklistedPageControllerTests.Create_ReturnsCreatedAtActionResult_WhenBlacklistedPageIsCreated","DisplayName":"Create_ReturnsCreatedAtActionResult_WhenBlacklistedPageIsCreated","ExecutorUri":"executor://MSTestAdapter/v2","Source":"C:\\Users\\p4t0s\\Desktop\\eventRadar\\eventRadarUnitTests\\bin\\Debug\\net7.0\\fine-code-coverage\\build-output\\eventRadarUnitTests.dll","CodeFilePath":null,"LineNumber":-1,"Properties":[{"Key":{"Id":"TestCase.ManagedType","Label":"ManagedType","Category":"","Description":"","Attributes":1,"ValueType":"System.String"},"Value":"eventRadarUnitTests.BlacklistedPageControllerTests"},{"Key":{"Id":"TestCase.ManagedMethod","Label":"ManagedMethod","Category":"","Description":"","Attributes":1,"ValueType":"System.String"},"Value":"Create_ReturnsCreatedAtActionResult_WhenBlacklistedPageIsCreated"},{"Key":{"Id":"MSTestDiscoverer.TestClassName","Label":"ClassName","Category":"","Description":"","Attributes":1,"ValueType":"System.String"},"Value":"eventRadarUnitTests.BlacklistedPageControllerTests"},{"Key":{"Id":"TestCase.Hierarchy","Label":"Hierarchy","Category":"","Description":"","Attributes":2,"ValueType":"System.String[]"},"Value":["eventRadarUnitTests","BlacklistedPageControllerTests"]},{"Key":{"Id":"TestObject.Traits","Label":"Traits","Category":"","Description":"","Attributes":5,"ValueType":"System.Collections.Generic.KeyValuePair`2[[System.String],[System.String]][]"},"Value":[]}]},"Attachments":[],"Outcome":2,"ErrorMessage":"Assert.IsInstanceOfType failed.  Expected type:<Microsoft.AspNetCore.Mvc.CreatedAtActionResult>. Actual type:<Microsoft.AspNetCore.Mvc.ActionResult`1[eventRadar.Data.Dtos.BlacklistedPageDto]>.","ErrorStackTrace":"   at eventRadarUnitTests.BlacklistedPageControllerTests.Create_ReturnsCreatedAtActionResult_WhenBlacklistedPageIsCreated() in C:\\Users\\p4t0s\\Desktop\\eventRadar\\eventRadarUnitTests\\BlacklistedPageControllerTests.cs:line 89\r\n   at Microsoft.VisualStudio.TestPlatform.MSTestAdapter.PlatformServices.ThreadOperations.ExecuteWithAbortSafety(Action action)\r\n","DisplayName":"Create_ReturnsCreatedAtActionResult_WhenBlacklistedPageIsCreated","Messages":[],"ComputerName":null,"Duration":"00:00:00.0175065","StartTime":"2023-05-12T02:23:36.9843113+03:00","EndTime":"2023-05-12T02:23:37.0021862+03:00","Properties":[{"Key":{"Id":"ExecutionId","Label":"ExecutionId","Category":"","Description":"","Attributes":1,"ValueType":"System.Guid"},"Value":"00000000-0000-0000-0000-000000000000"},{"Key":{"Id":"ParentExecId","Label":"ParentExecId","Category":"","Description":"","Attributes":1,"ValueType":"System.Guid"},"Value":"00000000-0000-0000-0000-000000000000"},{"Key":{"Id":"InnerResultsCount","Label":"InnerResultsCount","Category":"","Description":"","Attributes":1,"ValueType":"System.Int32"},"Value":0}]},{"TestCase":{"Id":"8cc4d91a-c2a8-9a1a-4e8d-5828b9d63de7","FullyQualifiedName":"eventRadarUnitTests.BlacklistedPageControllerTests.Updated_ReturnsNotFoundResult_WhenBlacklistedPageDoesNotExist","DisplayName":"Updated_ReturnsNotFoundResult_WhenBlacklistedPageDoesNotExist","ExecutorUri":"executor://MSTestAdapter/v2","Source":"C:\\Users\\p4t0s\\Desktop\\eventRadar\\eventRadarUnitTests\\bin\\Debug\\net7.0\\fine-code-coverage\\build-output\\eventRadarUnitTests.dll","CodeFilePath":null,"LineNumber":-1,"Properties":[{"Key":{"Id":"TestCase.ManagedType","Label":"ManagedType","Category":"","Description":"","Attributes":1,"ValueType":"System.String"},"Value":"eventRadarUnitTests.BlacklistedPageControllerTests"},{"Key":{"Id":"TestCase.ManagedMethod","Label":"ManagedMethod","Category":"","Description":"","Attributes":1,"ValueType":"System.String"},"Value":"Updated_ReturnsNotFoundResult_WhenBlacklistedPageDoesNotExist"},{"Key":{"Id":"MSTestDiscoverer.TestClassName","Label":"ClassName","Category":"","Description":"","Attributes":1,"ValueType":"System.String"},"Value":"eventRadarUnitTests.BlacklistedPageControllerTests"},{"Key":{"Id":"TestCase.Hierarchy","Label":"Hierarchy","Category":"","Description":"","Attributes":2,"ValueType":"System.String[]"},"Value":["eventRadarUnitTests","BlacklistedPageControllerTests"]},{"Key":{"Id":"TestObject.Traits","Label":"Traits","Category":"","Description":"","Attributes":5,"ValueType":"System.Collections.Generic.KeyValuePair`2[[System.String],[System.String]][]"},"Value":[]}]},"Attachments":[],"Outcome":2,"ErrorMessage":"Assert.IsInstanceOfType failed.  Expected type:<Microsoft.AspNetCore.Mvc.NotFoundResult>. Actual type:<Microsoft.AspNetCore.Mvc.ActionResult`1[eventRadar.Data.Dtos.BlacklistedPageDto]>.","ErrorStackTrace":"   at eventRadarUnitTests.BlacklistedPageControllerTests.Updated_ReturnsNotFoundResult_WhenBlacklistedPageDoesNotExist() in C:\\Users\\p4t0s\\Desktop\\eventRadar\\eventRadarUnitTests\\BlacklistedPageControllerTests.cs:line 104\r\n   at Microsoft.VisualStudio.TestPlatform.MSTestAdapter.PlatformServices.ThreadOperations.ExecuteWithAbortSafety(Action action)\r\n","DisplayName":"Updated_ReturnsNotFoundResult_WhenBlacklistedPageDoesNotExist","Messages":[],"ComputerName":null,"Duration":"00:00:00.0017326","StartTime":"2023-05-12T02:23:37.0045888+03:00","EndTime":"2023-05-12T02:23:37.0064944+03:00","Properties":[{"Key":{"Id":"ExecutionId","Label":"ExecutionId","Category":"","Description":"","Attributes":1,"ValueType":"System.Guid"},"Value":"00000000-0000-0000-0000-000000000000"},{"Key":{"Id":"ParentExecId","Label":"ParentExecId","Category":"","Description":"","Attributes":1,"ValueType":"System.Guid"},"Value":"00000000-0000-0000-0000-000000000000"},{"Key":{"Id":"InnerResultsCount","Label":"InnerResultsCount","Category":"","Description":"","Attributes":1,"ValueType":"System.Int32"},"Value":0}]},{"TestCase":{"Id":"e7b5604a-1683-2e48-877b-5a1603e2f99f","FullyQualifiedName":"eventRadarUnitTests.BlacklistedPageControllerTests.Updated_ReturnsOkObjectResult_WhenBlacklistedPageIsUpdated","DisplayName":"Updated_ReturnsOkObjectResult_WhenBlacklistedPageIsUpdated","ExecutorUri":"executor://MSTestAdapter/v2","Source":"C:\\Users\\p4t0s\\Desktop\\eventRadar\\eventRadarUnitTests\\bin\\Debug\\net7.0\\fine-code-coverage\\build-output\\eventRadarUnitTests.dll","CodeFilePath":null,"LineNumber":-1,"Properties":[{"Key":{"Id":"TestCase.ManagedType","Label":"ManagedType","Category":"","Description":"","Attributes":1,"ValueType":"System.String"},"Value":"eventRadarUnitTests.BlacklistedPageControllerTests"},{"Key":{"Id":"TestCase.ManagedMethod","Label":"ManagedMethod","Category":"","Description":"","Attributes":1,"ValueType":"System.String"},"Value":"Updated_ReturnsOkObjectResult_WhenBlacklistedPageIsUpdated"},{"Key":{"Id":"MSTestDiscoverer.TestClassName","Label":"ClassName","Category":"","Description":"","Attributes":1,"ValueType":"System.String"},"Value":"eventRadarUnitTests.BlacklistedPageControllerTests"},{"Key":{"Id":"TestCase.Hierarchy","Label":"Hierarchy","Category":"","Description":"","Attributes":2,"ValueType":"System.String[]"},"Value":["eventRadarUnitTests","BlacklistedPageControllerTests"]},{"Key":{"Id":"TestObject.Traits","Label":"Traits","Category":"","Description":"","Attributes":5,"ValueType":"System.Collections.Generic.KeyValuePair`2[[System.String],[System.String]][]"},"Value":[]}]},"Attachments":[],"Outcome":2,"ErrorMessage":"Assert.IsInstanceOfType failed.  Expected type:<Microsoft.AspNetCore.Mvc.OkObjectResult>. Actual type:<Microsoft.AspNetCore.Mvc.ActionResult`1[eventRadar.Data.Dtos.BlacklistedPageDto]>.","ErrorStackTrace":"   at eventRadarUnitTests.BlacklistedPageControllerTests.Updated_ReturnsOkObjectResult_WhenBlacklistedPageIsUpdated() in C:\\Users\\p4t0s\\Desktop\\eventRadar\\eventRadarUnitTests\\BlacklistedPageControllerTests.cs:line 123\r\n   at Microsoft.VisualStudio.TestPlatform.MSTestAdapter.PlatformServices.ThreadOperations.ExecuteWithAbortSafety(Action action)\r\n","DisplayName":"Updated_ReturnsOkObjectResult_WhenBlacklistedPageIsUpdated","Messages":[],"ComputerName":null,"Duration":"00:00:00.0016772","StartTime":"2023-05-12T02:23:37.0081776+03:00","EndTime":"2023-05-12T02:23:37.0100212+03:00","Properties":[{"Key":{"Id":"ExecutionId","Label":"ExecutionId","Category":"","Description":"","Attributes":1,"ValueType":"System.Guid"},"Value":"00000000-0000-0000-0000-000000000000"},{"Key":{"Id":"ParentExecId","Label":"ParentExecId","Category":"","Description":"","Attributes":1,"ValueType":"System.Guid"},"Value":"00000000-0000-0000-0000-000000000000"},{"Key":{"Id":"InnerResultsCount","Label":"InnerResultsCount","Category":"","Description":"","Attributes":1,"ValueType":"System.Int32"},"Value":0}]},{"TestCase":{"Id":"f1bb3222-479c-dfcd-939a-b23ea02d27e4","FullyQualifiedName":"eventRadarUnitTests.BlacklistedPageControllerTests.Remove_ReturnsNoContentResult_WhenBlacklistedPageIsDeleted","DisplayName":"Remove_ReturnsNoContentResult_WhenBlacklistedPageIsDeleted","ExecutorUri":"executor://MSTestAdapter/v2","Source":"C:\\Users\\p4t0s\\Desktop\\eventRadar\\eventRadarUnitTests\\bin\\Debug\\net7.0\\fine-code-coverage\\build-output\\eventRadarUnitTests.dll","CodeFilePath":null,"LineNumber":-1,"Properties":[{"Key":{"Id":"TestCase.ManagedType","Label":"ManagedType","Category":"","Description":"","Attributes":1,"ValueType":"System.String"},"Value":"eventRadarUnitTests.BlacklistedPageControllerTests"},{"Key":{"Id":"TestCase.ManagedMethod","Label":"ManagedMethod","Category":"","Description":"","Attributes":1,"ValueType":"System.String"},"Value":"Remove_ReturnsNoContentResult_WhenBlacklistedPageIsDeleted"},{"Key":{"Id":"MSTestDiscoverer.TestClassName","Label":"ClassName","Category":"","Description":"","Attributes":1,"ValueType":"System.String"},"Value":"eventRadarUnitTests.BlacklistedPageControllerTests"},{"Key":{"Id":"TestCase.Hierarchy","Label":"Hierarchy","Category":"","Description":"","Attributes":2,"ValueType":"System.String[]"},"Value":["eventRadarUnitTests","BlacklistedPageControllerTests"]},{"Key":{"Id":"TestObject.Traits","Label":"Traits","Category":"","Description":"","Attributes":5,"ValueType":"System.Collections.Generic.KeyValuePair`2[[System.String],[System.String]][]"},"Value":[]}]},"Attachments":[],"Outcome":1,"ErrorMessage":null,"ErrorStackTrace":null,"DisplayName":"Remove_ReturnsNoContentResult_WhenBlacklistedPageIsDeleted","Messages":[],"ComputerName":null,"Duration":"00:00:00.0019106","StartTime":"2023-05-12T02:23:37.011855+03:00","EndTime":"2023-05-12T02:23:37.013995+03:00","Properties":[{"Key":{"Id":"ExecutionId","Label":"ExecutionId","Category":"","Description":"","Attributes":1,"ValueType":"System.Guid"},"Value":"00000000-0000-0000-0000-000000000000"},{"Key":{"Id":"ParentExecId","Label":"ParentExecId","Category":"","Description":"","Attributes":1,"ValueType":"System.Guid"},"Value":"00000000-0000-0000-0000-000000000000"},{"Key":{"Id":"InnerResultsCount","Label":"InnerResultsCount","Category":"","Description":"","Attributes":1,"ValueType":"System.Int32"},"Value":0}]},{"TestCase":{"Id":"550bdbfb-ba26-d6db-1295-5f3ff6f005c0","FullyQualifiedName":"eventRadar.Tests.AuthControllerTests.Register_SuccessfulRegistration_ReturnsCreatedAtActionResult","DisplayName":"Register_SuccessfulRegistration_ReturnsCreatedAtActionResult","ExecutorUri":"executor://MSTestAdapter/v2","Source":"C:\\Users\\p4t0s\\Desktop\\eventRadar\\eventRadarUnitTests\\bin\\Debug\\net7.0\\fine-code-coverage\\build-output\\eventRadarUnitTests.dll","CodeFilePath":null,"LineNumber":-1,"Properties":[{"Key":{"Id":"TestCase.ManagedType","Label":"ManagedType","Category":"","Description":"","Attributes":1,"ValueType":"System.String"},"Value":"eventRadar.Tests.AuthControllerTests"},{"Key":{"Id":"TestCase.ManagedMethod","Label":"ManagedMethod","Category":"","Description":"","Attributes":1,"ValueType":"System.String"},"Value":"Register_SuccessfulRegistration_ReturnsCreatedAtActionResult"},{"Key":{"Id":"MSTestDiscoverer.TestClassName","Label":"ClassName","Category":"","Description":"","Attributes":1,"ValueType":"System.String"},"Value":"eventRadar.Tests.AuthControllerTests"},{"Key":{"Id":"TestCase.Hierarchy","Label":"Hierarchy","Category":"","Description":"","Attributes":2,"ValueType":"System.String[]"},"Value":["eventRadar.Tests","AuthControllerTests"]},{"Key":{"Id":"TestObject.Traits","Label":"Traits","Category":"","Description":"","Attributes":5,"ValueType":"System.Collections.Generic.KeyValuePair`2[[System.String],[System.String]][]"},"Value":[]}]},"Attachments":[],"Outcome":1,"ErrorMessage":null,"ErrorStackTrace":null,"DisplayName":"Register_SuccessfulRegistration_ReturnsCreatedAtActionResult","Messages":[],"ComputerName":null,"Duration":"00:00:00.0485456","StartTime":"2023-05-12T02:23:37.0155435+03:00","EndTime":"2023-05-12T02:23:37.0643434+03:00","Properties":[{"Key":{"Id":"ExecutionId","Label":"ExecutionId","Category":"","Description":"","Attributes":1,"ValueType":"System.Guid"},"Value":"00000000-0000-0000-0000-000000000000"},{"Key":{"Id":"ParentExecId","Label":"ParentExecId","Category":"","Description":"","Attributes":1,"ValueType":"System.Guid"},"Value":"00000000-0000-0000-0000-000000000000"},{"Key":{"Id":"InnerResultsCount","Label":"InnerResultsCount","Category":"","Description":"","Attributes":1,"ValueType":"System.Int32"},"Value":0}]},{"TestCase":{"Id":"6ea2976d-dd50-eaa1-d181-a0f6be0b6f39","FullyQualifiedName":"eventRadar.Tests.AuthControllerTests.Register_UserAlreadyExists_ReturnsBadRequest","DisplayName":"Register_UserAlreadyExists_ReturnsBadRequest","ExecutorUri":"executor://MSTestAdapter/v2","Source":"C:\\Users\\p4t0s\\Desktop\\eventRadar\\eventRadarUnitTests\\bin\\Debug\\net7.0\\fine-code-coverage\\build-output\\eventRadarUnitTests.dll","CodeFilePath":null,"LineNumber":-1,"Properties":[{"Key":{"Id":"TestCase.ManagedType","Label":"ManagedType","Category":"","Description":"","Attributes":1,"ValueType":"System.String"},"Value":"eventRadar.Tests.AuthControllerTests"},{"Key":{"Id":"TestCase.ManagedMethod","Label":"ManagedMethod","Category":"","Description":"","Attributes":1,"ValueType":"System.String"},"Value":"Register_UserAlreadyExists_ReturnsBadRequest"},{"Key":{"Id":"MSTestDiscoverer.TestClassName","Label":"ClassName","Category":"","Description":"","Attributes":1,"ValueType":"System.String"},"Value":"eventRadar.Tests.AuthControllerTests"},{"Key":{"Id":"TestCase.Hierarchy","Label":"Hierarchy","Category":"","Description":"","Attributes":2,"ValueType":"System.String[]"},"Value":["eventRadar.Tests","AuthControllerTests"]},{"Key":{"Id":"TestObject.Traits","Label":"Traits","Category":"","Description":"","Attributes":5,"ValueType":"System.Collections.Generic.KeyValuePair`2[[System.String],[System.String]][]"},"Value":[]}]},"Attachments":[],"Outcome":1,"ErrorMessage":null,"ErrorStackTrace":null,"DisplayName":"Register_UserAlreadyExists_ReturnsBadRequest","Messages":[],"ComputerName":null,"Duration":"00:00:00.0013341","StartTime":"2023-05-12T02:23:37.0665877+03:00","EndTime":"2023-05-12T02:23:37.0680819+03:00","Properties":[{"Key":{"Id":"ExecutionId","Label":"ExecutionId","Category":"","Description":"","Attributes":1,"ValueType":"System.Guid"},"Value":"00000000-0000-0000-0000-000000000000"},{"Key":{"Id":"ParentExecId","Label":"ParentExecId","Category":"","Description":"","Attributes":1,"ValueType":"System.Guid"},"Value":"00000000-0000-0000-0000-000000000000"},{"Key":{"Id":"InnerResultsCount","Label":"InnerResultsCount","Category":"","Description":"","Attributes":1,"ValueType":"System.Int32"},"Value":0}]}],"TestRunStatistics":{"ExecutedTests":9,"Stats":{"Passed":6,"Failed":3}},"ActiveTests":[{"Id":"fe2cf616-34db-4ea8-61df-1922219bfa6e","FullyQualifiedName":"eventRadar.Tests.AuthControllerTests.Register_CreateUserFails_ReturnsBadRequest","DisplayName":"Register_CreateUserFails_ReturnsBadRequest","ExecutorUri":"executor://MSTestAdapter/v2","Source":"C:\\Users\\p4t0s\\Desktop\\eventRadar\\eventRadarUnitTests\\bin\\Debug\\net7.0\\fine-code-coverage\\build-output\\eventRadarUnitTests.dll","CodeFilePath":null,"LineNumber":-1,"Properties":[{"Key":{"Id":"TestCase.ManagedType","Label":"ManagedType","Category":"","Description":"","Attributes":1,"ValueType":"System.String"},"Value":"eventRadar.Tests.AuthControllerTests"},{"Key":{"Id":"TestCase.ManagedMethod","Label":"ManagedMethod","Category":"","Description":"","Attributes":1,"ValueType":"System.String"},"Value":"Register_CreateUserFails_ReturnsBadRequest"},{"Key":{"Id":"MSTestDiscoverer.TestClassName","Label":"ClassName","Category":"","Description":"","Attributes":1,"ValueType":"System.String"},"Value":"eventRadar.Tests.AuthControllerTests"},{"Key":{"Id":"TestCase.Hierarchy","Label":"Hierarchy","Category":"","Description":"","Attributes":2,"ValueType":"System.String[]"},"Value":["eventRadar.Tests","AuthControllerTests"]},{"Key":{"Id":"TestObject.Traits","Label":"Traits","Category":"","Description":"","Attributes":5,"ValueType":"System.Collections.Generic.KeyValuePair`2[[System.String],[System.String]][]"},"Value":[]}]}]}}
TpTrace Verbose: 0 : 29888, 12, 2023/05/12, 02:23:37.116, 2618950085742, vstest.console.dll, TestRunRequest:SendTestRunStatsChange: Starting.
TpTrace Verbose: 0 : 29888, 12, 2023/05/12, 02:23:37.116, 2618950088467, vstest.console.dll, InProgress is Register_CreateUserFails_ReturnsBadRequest
TpTrace Verbose: 0 : 29888, 12, 2023/05/12, 02:23:37.116, 2618950091553, vstest.console.dll, MulticastDelegateUtilities.SafeInvoke: TestRun.RunStatsChanged: Invoking callbacks was skipped because there are no subscribers.
TpTrace Information: 0 : 29888, 12, 2023/05/12, 02:23:37.116, 2618950092053, vstest.console.dll, TestRunRequest:SendTestRunStatsChange: Completed.
TpTrace Verbose: 0 : 29888, 12, 2023/05/12, 02:23:37.116, 2618950092359, vstest.console.dll, MulticastDelegateUtilities.SafeInvoke: LengthPrefixCommunicationChannel: MessageReceived: Invoking callback 1/1 for Microsoft.VisualStudio.TestPlatform.CommunicationUtilities.TestRequestSender+<>c__DisplayClass34_0., took 30 ms.
TpTrace Verbose: 0 : 29888, 12, 2023/05/12, 02:23:37.116, 2618950092786, vstest.console.dll, TcpClientExtensions.MessageLoopAsync: Polling on remoteEndPoint: 127.0.0.1:63774 localEndPoint: 127.0.0.1:63773
TpTrace Verbose: 0 : 29888, 4, 2023/05/12, 02:23:37.118, 2618950109878, vstest.console.dll, MulticastDelegateUtilities.SafeInvoke: InternalTestLoggerEvents.SendTestResult: Invoking callback 1/1 for Microsoft.VisualStudio.TestPlatform.CommandLine.Internal.ConsoleLogger., took 1 ms.
TpTrace Verbose: 0 : 29888, 4, 2023/05/12, 02:23:37.118, 2618950111874, vstest.console.dll, MulticastDelegateUtilities.SafeInvoke: InternalTestLoggerEvents.SendTestResult: Invoking callback 1/1 for Microsoft.VisualStudio.TestPlatform.CommandLine.Internal.ConsoleLogger., took 0 ms.
TpTrace Verbose: 0 : 29888, 4, 2023/05/12, 02:23:37.118, 2618950112427, vstest.console.dll, MulticastDelegateUtilities.SafeInvoke: InternalTestLoggerEvents.SendTestResult: Invoking callback 1/1 for Microsoft.VisualStudio.TestPlatform.CommandLine.Internal.ConsoleLogger., took 0 ms.
TpTrace Verbose: 0 : 29888, 4, 2023/05/12, 02:23:37.119, 2618950117262, vstest.console.dll, MulticastDelegateUtilities.SafeInvoke: InternalTestLoggerEvents.SendTestResult: Invoking callback 1/1 for Microsoft.VisualStudio.TestPlatform.CommandLine.Internal.ConsoleLogger., took 0 ms.
TpTrace Verbose: 0 : 29888, 4, 2023/05/12, 02:23:37.119, 2618950119125, vstest.console.dll, MulticastDelegateUtilities.SafeInvoke: InternalTestLoggerEvents.SendTestResult: Invoking callback 1/1 for Microsoft.VisualStudio.TestPlatform.CommandLine.Internal.ConsoleLogger., took 0 ms.
TpTrace Verbose: 0 : 29888, 4, 2023/05/12, 02:23:37.119, 2618950121150, vstest.console.dll, MulticastDelegateUtilities.SafeInvoke: InternalTestLoggerEvents.SendTestResult: Invoking callback 1/1 for Microsoft.VisualStudio.TestPlatform.CommandLine.Internal.ConsoleLogger., took 0 ms.
TpTrace Verbose: 0 : 29888, 4, 2023/05/12, 02:23:37.120, 2618950127649, vstest.console.dll, MulticastDelegateUtilities.SafeInvoke: InternalTestLoggerEvents.SendTestResult: Invoking callback 1/1 for Microsoft.VisualStudio.TestPlatform.CommandLine.Internal.ConsoleLogger., took 0 ms.
TpTrace Verbose: 0 : 29888, 4, 2023/05/12, 02:23:37.120, 2618950128290, vstest.console.dll, MulticastDelegateUtilities.SafeInvoke: InternalTestLoggerEvents.SendTestResult: Invoking callback 1/1 for Microsoft.VisualStudio.TestPlatform.CommandLine.Internal.ConsoleLogger., took 0 ms.
TpTrace Verbose: 0 : 29888, 4, 2023/05/12, 02:23:37.120, 2618950128596, vstest.console.dll, MulticastDelegateUtilities.SafeInvoke: InternalTestLoggerEvents.SendTestResult: Invoking callback 1/1 for Microsoft.VisualStudio.TestPlatform.CommandLine.Internal.ConsoleLogger., took 0 ms.
TpTrace Verbose: 0 : 29888, 12, 2023/05/12, 02:23:37.127, 2618950200043, vstest.console.dll, TcpClientExtensions.MessageLoopAsync: NotifyDataAvailable remoteEndPoint: 127.0.0.1:63774 localEndPoint: 127.0.0.1:63773
TpTrace Verbose: 0 : 29888, 12, 2023/05/12, 02:23:37.127, 2618950202708, vstest.console.dll, TestRequestSender.OnExecutionMessageReceived: Received message: {"Version":7,"MessageType":"TestExecution.StatsChange","Payload":{"NewTestResults":[{"TestCase":{"Id":"fe2cf616-34db-4ea8-61df-1922219bfa6e","FullyQualifiedName":"eventRadar.Tests.AuthControllerTests.Register_CreateUserFails_ReturnsBadRequest","DisplayName":"Register_CreateUserFails_ReturnsBadRequest","ExecutorUri":"executor://MSTestAdapter/v2","Source":"C:\\Users\\p4t0s\\Desktop\\eventRadar\\eventRadarUnitTests\\bin\\Debug\\net7.0\\fine-code-coverage\\build-output\\eventRadarUnitTests.dll","CodeFilePath":null,"LineNumber":-1,"Properties":[{"Key":{"Id":"TestCase.ManagedType","Label":"ManagedType","Category":"","Description":"","Attributes":1,"ValueType":"System.String"},"Value":"eventRadar.Tests.AuthControllerTests"},{"Key":{"Id":"TestCase.ManagedMethod","Label":"ManagedMethod","Category":"","Description":"","Attributes":1,"ValueType":"System.String"},"Value":"Register_CreateUserFails_ReturnsBadRequest"},{"Key":{"Id":"MSTestDiscoverer.TestClassName","Label":"ClassName","Category":"","Description":"","Attributes":1,"ValueType":"System.String"},"Value":"eventRadar.Tests.AuthControllerTests"},{"Key":{"Id":"TestCase.Hierarchy","Label":"Hierarchy","Category":"","Description":"","Attributes":2,"ValueType":"System.String[]"},"Value":["eventRadar.Tests","AuthControllerTests"]},{"Key":{"Id":"TestObject.Traits","Label":"Traits","Category":"","Description":"","Attributes":5,"ValueType":"System.Collections.Generic.KeyValuePair`2[[System.String],[System.String]][]"},"Value":[]}]},"Attachments":[],"Outcome":1,"ErrorMessage":null,"ErrorStackTrace":null,"DisplayName":"Register_CreateUserFails_ReturnsBadRequest","Messages":[],"ComputerName":null,"Duration":"00:00:00.0015571","StartTime":"2023-05-12T02:23:37.0867445+03:00","EndTime":"2023-05-12T02:23:37.0884636+03:00","Properties":[{"Key":{"Id":"ExecutionId","Label":"ExecutionId","Category":"","Description":"","Attributes":1,"ValueType":"System.Guid"},"Value":"00000000-0000-0000-0000-000000000000"},{"Key":{"Id":"ParentExecId","Label":"ParentExecId","Category":"","Description":"","Attributes":1,"ValueType":"System.Guid"},"Value":"00000000-0000-0000-0000-000000000000"},{"Key":{"Id":"InnerResultsCount","Label":"InnerResultsCount","Category":"","Description":"","Attributes":1,"ValueType":"System.Int32"},"Value":0}]},{"TestCase":{"Id":"4fa0a1d4-f89d-9f34-63f4-32dfc1d5eaa7","FullyQualifiedName":"eventRadar.Tests.AuthControllerTests.Login_InvalidUsername_ReturnsBadRequest","DisplayName":"Login_InvalidUsername_ReturnsBadRequest","ExecutorUri":"executor://MSTestAdapter/v2","Source":"C:\\Users\\p4t0s\\Desktop\\eventRadar\\eventRadarUnitTests\\bin\\Debug\\net7.0\\fine-code-coverage\\build-output\\eventRadarUnitTests.dll","CodeFilePath":null,"LineNumber":-1,"Properties":[{"Key":{"Id":"TestCase.ManagedType","Label":"ManagedType","Category":"","Description":"","Attributes":1,"ValueType":"System.String"},"Value":"eventRadar.Tests.AuthControllerTests"},{"Key":{"Id":"TestCase.ManagedMethod","Label":"ManagedMethod","Category":"","Description":"","Attributes":1,"ValueType":"System.String"},"Value":"Login_InvalidUsername_ReturnsBadRequest"},{"Key":{"Id":"MSTestDiscoverer.TestClassName","Label":"ClassName","Category":"","Description":"","Attributes":1,"ValueType":"System.String"},"Value":"eventRadar.Tests.AuthControllerTests"},{"Key":{"Id":"TestCase.Hierarchy","Label":"Hierarchy","Category":"","Description":"","Attributes":2,"ValueType":"System.String[]"},"Value":["eventRadar.Tests","AuthControllerTests"]},{"Key":{"Id":"TestObject.Traits","Label":"Traits","Category":"","Description":"","Attributes":5,"ValueType":"System.Collections.Generic.KeyValuePair`2[[System.String],[System.String]][]"},"Value":[]}]},"Attachments":[],"Outcome":1,"ErrorMessage":null,"ErrorStackTrace":null,"DisplayName":"Login_InvalidUsername_ReturnsBadRequest","Messages":[],"ComputerName":null,"Duration":"00:00:00.0016243","StartTime":"2023-05-12T02:23:37.090094+03:00","EndTime":"2023-05-12T02:23:37.0918432+03:00","Properties":[{"Key":{"Id":"ExecutionId","Label":"ExecutionId","Category":"","Description":"","Attributes":1,"ValueType":"System.Guid"},"Value":"00000000-0000-0000-0000-000000000000"},{"Key":{"Id":"ParentExecId","Label":"ParentExecId","Category":"","Description":"","Attributes":1,"ValueType":"System.Guid"},"Value":"00000000-0000-0000-0000-000000000000"},{"Key":{"Id":"InnerResultsCount","Label":"InnerResultsCount","Category":"","Description":"","Attributes":1,"ValueType":"System.Int32"},"Value":0}]},{"TestCase":{"Id":"d08a11a1-55f3-5ad7-0a3c-4c3578a8a8e5","FullyQualifiedName":"eventRadar.Tests.AuthControllerTests.Login_InvalidPassword_ReturnsBadRequest","DisplayName":"Login_InvalidPassword_ReturnsBadRequest","ExecutorUri":"executor://MSTestAdapter/v2","Source":"C:\\Users\\p4t0s\\Desktop\\eventRadar\\eventRadarUnitTests\\bin\\Debug\\net7.0\\fine-code-coverage\\build-output\\eventRadarUnitTests.dll","CodeFilePath":null,"LineNumber":-1,"Properties":[{"Key":{"Id":"TestCase.ManagedType","Label":"ManagedType","Category":"","Description":"","Attributes":1,"ValueType":"System.String"},"Value":"eventRadar.Tests.AuthControllerTests"},{"Key":{"Id":"TestCase.ManagedMethod","Label":"ManagedMethod","Category":"","Description":"","Attributes":1,"ValueType":"System.String"},"Value":"Login_InvalidPassword_ReturnsBadRequest"},{"Key":{"Id":"MSTestDiscoverer.TestClassName","Label":"ClassName","Category":"","Description":"","Attributes":1,"ValueType":"System.String"},"Value":"eventRadar.Tests.AuthControllerTests"},{"Key":{"Id":"TestCase.Hierarchy","Label":"Hierarchy","Category":"","Description":"","Attributes":2,"ValueType":"System.String[]"},"Value":["eventRadar.Tests","AuthControllerTests"]},{"Key":{"Id":"TestObject.Traits","Label":"Traits","Category":"","Description":"","Attributes":5,"ValueType":"System.Collections.Generic.KeyValuePair`2[[System.String],[System.String]][]"},"Value":[]}]},"Attachments":[],"Outcome":1,"ErrorMessage":null,"ErrorStackTrace":null,"DisplayName":"Login_InvalidPassword_ReturnsBadRequest","Messages":[],"ComputerName":null,"Duration":"00:00:00.0025999","StartTime":"2023-05-12T02:23:37.0934201+03:00","EndTime":"2023-05-12T02:23:37.096146+03:00","Properties":[{"Key":{"Id":"ExecutionId","Label":"ExecutionId","Category":"","Description":"","Attributes":1,"ValueType":"System.Guid"},"Value":"00000000-0000-0000-0000-000000000000"},{"Key":{"Id":"ParentExecId","Label":"ParentExecId","Category":"","Description":"","Attributes":1,"ValueType":"System.Guid"},"Value":"00000000-0000-0000-0000-000000000000"},{"Key":{"Id":"InnerResultsCount","Label":"InnerResultsCount","Category":"","Description":"","Attributes":1,"ValueType":"System.Int32"},"Value":0}]},{"TestCase":{"Id":"4f1abe5f-bc5a-674d-1840-099cc8c75ec5","FullyQualifiedName":"eventRadar.Tests.AuthControllerTests.Login_UserLockedOut_ReturnsBadRequest","DisplayName":"Login_UserLockedOut_ReturnsBadRequest","ExecutorUri":"executor://MSTestAdapter/v2","Source":"C:\\Users\\p4t0s\\Desktop\\eventRadar\\eventRadarUnitTests\\bin\\Debug\\net7.0\\fine-code-coverage\\build-output\\eventRadarUnitTests.dll","CodeFilePath":null,"LineNumber":-1,"Properties":[{"Key":{"Id":"TestCase.ManagedType","Label":"ManagedType","Category":"","Description":"","Attributes":1,"ValueType":"System.String"},"Value":"eventRadar.Tests.AuthControllerTests"},{"Key":{"Id":"TestCase.ManagedMethod","Label":"ManagedMethod","Category":"","Description":"","Attributes":1,"ValueType":"System.String"},"Value":"Login_UserLockedOut_ReturnsBadRequest"},{"Key":{"Id":"MSTestDiscoverer.TestClassName","Label":"ClassName","Category":"","Description":"","Attributes":1,"ValueType":"System.String"},"Value":"eventRadar.Tests.AuthControllerTests"},{"Key":{"Id":"TestCase.Hierarchy","Label":"Hierarchy","Category":"","Description":"","Attributes":2,"ValueType":"System.String[]"},"Value":["eventRadar.Tests","AuthControllerTests"]},{"Key":{"Id":"TestObject.Traits","Label":"Traits","Category":"","Description":"","Attributes":5,"ValueType":"System.Collections.Generic.KeyValuePair`2[[System.String],[System.String]][]"},"Value":[]}]},"Attachments":[],"Outcome":1,"ErrorMessage":null,"ErrorStackTrace":null,"DisplayName":"Login_UserLockedOut_ReturnsBadRequest","Messages":[],"ComputerName":null,"Duration":"00:00:00.0012114","StartTime":"2023-05-12T02:23:37.0977985+03:00","EndTime":"2023-05-12T02:23:37.0991401+03:00","Properties":[{"Key":{"Id":"ExecutionId","Label":"ExecutionId","Category":"","Description":"","Attributes":1,"ValueType":"System.Guid"},"Value":"00000000-0000-0000-0000-000000000000"},{"Key":{"Id":"ParentExecId","Label":"ParentExecId","Category":"","Description":"","Attributes":1,"ValueType":"System.Guid"},"Value":"00000000-0000-0000-0000-000000000000"},{"Key":{"Id":"InnerResultsCount","Label":"InnerResultsCount","Category":"","Description":"","Attributes":1,"ValueType":"System.Int32"},"Value":0}]},{"TestCase":{"Id":"67cf0629-9679-ee63-0a44-cfcc892ce4cf","FullyQualifiedName":"eventRadar.Tests.AuthControllerTests.Login_SuccessfulLogin_ReturnsOkObjectResult","DisplayName":"Login_SuccessfulLogin_ReturnsOkObjectResult","ExecutorUri":"executor://MSTestAdapter/v2","Source":"C:\\Users\\p4t0s\\Desktop\\eventRadar\\eventRadarUnitTests\\bin\\Debug\\net7.0\\fine-code-coverage\\build-output\\eventRadarUnitTests.dll","CodeFilePath":null,"LineNumber":-1,"Properties":[{"Key":{"Id":"TestCase.ManagedType","Label":"ManagedType","Category":"","Description":"","Attributes":1,"ValueType":"System.String"},"Value":"eventRadar.Tests.AuthControllerTests"},{"Key":{"Id":"TestCase.ManagedMethod","Label":"ManagedMethod","Category":"","Description":"","Attributes":1,"ValueType":"System.String"},"Value":"Login_SuccessfulLogin_ReturnsOkObjectResult"},{"Key":{"Id":"MSTestDiscoverer.TestClassName","Label":"ClassName","Category":"","Description":"","Attributes":1,"ValueType":"System.String"},"Value":"eventRadar.Tests.AuthControllerTests"},{"Key":{"Id":"TestCase.Hierarchy","Label":"Hierarchy","Category":"","Description":"","Attributes":2,"ValueType":"System.String[]"},"Value":["eventRadar.Tests","AuthControllerTests"]},{"Key":{"Id":"TestObject.Traits","Label":"Traits","Category":"","Description":"","Attributes":5,"ValueType":"System.Collections.Generic.KeyValuePair`2[[System.String],[System.String]][]"},"Value":[]}]},"Attachments":[],"Outcome":1,"ErrorMessage":null,"ErrorStackTrace":null,"DisplayName":"Login_SuccessfulLogin_ReturnsOkObjectResult","Messages":[],"ComputerName":null,"Duration":"00:00:00.0038544","StartTime":"2023-05-12T02:23:37.1006297+03:00","EndTime":"2023-05-12T02:23:37.1046087+03:00","Properties":[{"Key":{"Id":"ExecutionId","Label":"ExecutionId","Category":"","Description":"","Attributes":1,"ValueType":"System.Guid"},"Value":"00000000-0000-0000-0000-000000000000"},{"Key":{"Id":"ParentExecId","Label":"ParentExecId","Category":"","Description":"","Attributes":1,"ValueType":"System.Guid"},"Value":"00000000-0000-0000-0000-000000000000"},{"Key":{"Id":"InnerResultsCount","Label":"InnerResultsCount","Category":"","Description":"","Attributes":1,"ValueType":"System.Int32"},"Value":0}]},{"TestCase":{"Id":"bce046d5-7045-5538-1f28-ecc1a475033f","FullyQualifiedName":"eventRadar.Tests.AuthControllerTests.BlockUser_UserNotFound_ReturnsNotFound","DisplayName":"BlockUser_UserNotFound_ReturnsNotFound","ExecutorUri":"executor://MSTestAdapter/v2","Source":"C:\\Users\\p4t0s\\Desktop\\eventRadar\\eventRadarUnitTests\\bin\\Debug\\net7.0\\fine-code-coverage\\build-output\\eventRadarUnitTests.dll","CodeFilePath":null,"LineNumber":-1,"Properties":[{"Key":{"Id":"TestCase.ManagedType","Label":"ManagedType","Category":"","Description":"","Attributes":1,"ValueType":"System.String"},"Value":"eventRadar.Tests.AuthControllerTests"},{"Key":{"Id":"TestCase.ManagedMethod","Label":"ManagedMethod","Category":"","Description":"","Attributes":1,"ValueType":"System.String"},"Value":"BlockUser_UserNotFound_ReturnsNotFound"},{"Key":{"Id":"MSTestDiscoverer.TestClassName","Label":"ClassName","Category":"","Description":"","Attributes":1,"ValueType":"System.String"},"Value":"eventRadar.Tests.AuthControllerTests"},{"Key":{"Id":"TestCase.Hierarchy","Label":"Hierarchy","Category":"","Description":"","Attributes":2,"ValueType":"System.String[]"},"Value":["eventRadar.Tests","AuthControllerTests"]},{"Key":{"Id":"TestObject.Traits","Label":"Traits","Category":"","Description":"","Attributes":5,"ValueType":"System.Collections.Generic.KeyValuePair`2[[System.String],[System.String]][]"},"Value":[]}]},"Attachments":[],"Outcome":1,"ErrorMessage":null,"ErrorStackTrace":null,"DisplayName":"BlockUser_UserNotFound_ReturnsNotFound","Messages":[],"ComputerName":null,"Duration":"00:00:00.0014019","StartTime":"2023-05-12T02:23:37.106276+03:00","EndTime":"2023-05-12T02:23:37.1078007+03:00","Properties":[{"Key":{"Id":"ExecutionId","Label":"ExecutionId","Category":"","Description":"","Attributes":1,"ValueType":"System.Guid"},"Value":"00000000-0000-0000-0000-000000000000"},{"Key":{"Id":"ParentExecId","Label":"ParentExecId","Category":"","Description":"","Attributes":1,"ValueType":"System.Guid"},"Value":"00000000-0000-0000-0000-000000000000"},{"Key":{"Id":"InnerResultsCount","Label":"InnerResultsCount","Category":"","Description":"","Attributes":1,"ValueType":"System.Int32"},"Value":0}]},{"TestCase":{"Id":"34d74c2a-26c0-3a89-1c08-ccf82db0d62a","FullyQualifiedName":"eventRadar.Tests.AuthControllerTests.BlockUser_SuccessfulBlocking_ReturnsOkObjectResult","DisplayName":"BlockUser_SuccessfulBlocking_ReturnsOkObjectResult","ExecutorUri":"executor://MSTestAdapter/v2","Source":"C:\\Users\\p4t0s\\Desktop\\eventRadar\\eventRadarUnitTests\\bin\\Debug\\net7.0\\fine-code-coverage\\build-output\\eventRadarUnitTests.dll","CodeFilePath":null,"LineNumber":-1,"Properties":[{"Key":{"Id":"TestCase.ManagedType","Label":"ManagedType","Category":"","Description":"","Attributes":1,"ValueType":"System.String"},"Value":"eventRadar.Tests.AuthControllerTests"},{"Key":{"Id":"TestCase.ManagedMethod","Label":"ManagedMethod","Category":"","Description":"","Attributes":1,"ValueType":"System.String"},"Value":"BlockUser_SuccessfulBlocking_ReturnsOkObjectResult"},{"Key":{"Id":"MSTestDiscoverer.TestClassName","Label":"ClassName","Category":"","Description":"","Attributes":1,"ValueType":"System.String"},"Value":"eventRadar.Tests.AuthControllerTests"},{"Key":{"Id":"TestCase.Hierarchy","Label":"Hierarchy","Category":"","Description":"","Attributes":2,"ValueType":"System.String[]"},"Value":["eventRadar.Tests","AuthControllerTests"]},{"Key":{"Id":"TestObject.Traits","Label":"Traits","Category":"","Description":"","Attributes":5,"ValueType":"System.Collections.Generic.KeyValuePair`2[[System.String],[System.String]][]"},"Value":[]}]},"Attachments":[],"Outcome":1,"ErrorMessage":null,"ErrorStackTrace":null,"DisplayName":"BlockUser_SuccessfulBlocking_ReturnsOkObjectResult","Messages":[],"ComputerName":null,"Duration":"00:00:00.0015922","StartTime":"2023-05-12T02:23:37.1093956+03:00","EndTime":"2023-05-12T02:23:37.1111062+03:00","Properties":[{"Key":{"Id":"ExecutionId","Label":"ExecutionId","Category":"","Description":"","Attributes":1,"ValueType":"System.Guid"},"Value":"00000000-0000-0000-0000-000000000000"},{"Key":{"Id":"ParentExecId","Label":"ParentExecId","Category":"","Description":"","Attributes":1,"ValueType":"System.Guid"},"Value":"00000000-0000-0000-0000-000000000000"},{"Key":{"Id":"InnerResultsCount","Label":"InnerResultsCount","Category":"","Description":"","Attributes":1,"ValueType":"System.Int32"},"Value":0}]},{"TestCase":{"Id":"3bb1bb55-acb0-e0c4-7b9d-876bd89e0dc7","FullyQualifiedName":"eventRadar.Tests.AuthControllerTests.BlockUser_UnauthorizedAccess_ReturnsUnauthorizedResult","DisplayName":"BlockUser_UnauthorizedAccess_ReturnsUnauthorizedResult","ExecutorUri":"executor://MSTestAdapter/v2","Source":"C:\\Users\\p4t0s\\Desktop\\eventRadar\\eventRadarUnitTests\\bin\\Debug\\net7.0\\fine-code-coverage\\build-output\\eventRadarUnitTests.dll","CodeFilePath":null,"LineNumber":-1,"Properties":[{"Key":{"Id":"TestCase.ManagedType","Label":"ManagedType","Category":"","Description":"","Attributes":1,"ValueType":"System.String"},"Value":"eventRadar.Tests.AuthControllerTests"},{"Key":{"Id":"TestCase.ManagedMethod","Label":"ManagedMethod","Category":"","Description":"","Attributes":1,"ValueType":"System.String"},"Value":"BlockUser_UnauthorizedAccess_ReturnsUnauthorizedResult"},{"Key":{"Id":"MSTestDiscoverer.TestClassName","Label":"ClassName","Category":"","Description":"","Attributes":1,"ValueType":"System.String"},"Value":"eventRadar.Tests.AuthControllerTests"},{"Key":{"Id":"TestCase.Hierarchy","Label":"Hierarchy","Category":"","Description":"","Attributes":2,"ValueType":"System.String[]"},"Value":["eventRadar.Tests","AuthControllerTests"]},{"Key":{"Id":"TestObject.Traits","Label":"Traits","Category":"","Description":"","Attributes":5,"ValueType":"System.Collections.Generic.KeyValuePair`2[[System.String],[System.String]][]"},"Value":[]}]},"Attachments":[],"Outcome":2,"ErrorMessage":"Assert.IsInstanceOfType failed.  Expected type:<Microsoft.AspNetCore.Mvc.UnauthorizedResult>. Actual type:<Microsoft.AspNetCore.Mvc.NotFoundResult>.","ErrorStackTrace":"   at eventRadar.Tests.AuthControllerTests.BlockUser_UnauthorizedAccess_ReturnsUnauthorizedResult() in C:\\Users\\p4t0s\\Desktop\\eventRadar\\eventRadarUnitTests\\AuthControllerTests.cs:line 216\r\n   at Microsoft.VisualStudio.TestPlatform.MSTestAdapter.PlatformServices.ThreadOperations.ExecuteWithAbortSafety(Action action)\r\n","DisplayName":"BlockUser_UnauthorizedAccess_ReturnsUnauthorizedResult","Messages":[],"ComputerName":null,"Duration":"00:00:00.0056528","StartTime":"2023-05-12T02:23:37.1135675+03:00","EndTime":"2023-05-12T02:23:37.1195275+03:00","Properties":[{"Key":{"Id":"ExecutionId","Label":"ExecutionId","Category":"","Description":"","Attributes":1,"ValueType":"System.Guid"},"Value":"00000000-0000-0000-0000-000000000000"},{"Key":{"Id":"ParentExecId","Label":"ParentExecId","Category":"","Description":"","Attributes":1,"ValueType":"System.Guid"},"Value":"00000000-0000-0000-0000-000000000000"},{"Key":{"Id":"InnerResultsCount","Label":"InnerResultsCount","Category":"","Description":"","Attributes":1,"ValueType":"System.Int32"},"Value":0}]},{"TestCase":{"Id":"4b57052f-e890-0a98-f75d-ad21e9c96c57","FullyQualifiedName":"eventRadar.Tests.BlacklistedCategoryNameControllerTests.GetMany_ReturnsListOfBlacklistedCategoryNameDtos","DisplayName":"GetMany_ReturnsListOfBlacklistedCategoryNameDtos","ExecutorUri":"executor://MSTestAdapter/v2","Source":"C:\\Users\\p4t0s\\Desktop\\eventRadar\\eventRadarUnitTests\\bin\\Debug\\net7.0\\fine-code-coverage\\build-output\\eventRadarUnitTests.dll","CodeFilePath":null,"LineNumber":-1,"Properties":[{"Key":{"Id":"TestCase.ManagedType","Label":"ManagedType","Category":"","Description":"","Attributes":1,"ValueType":"System.String"},"Value":"eventRadar.Tests.BlacklistedCategoryNameControllerTests"},{"Key":{"Id":"TestCase.ManagedMethod","Label":"ManagedMethod","Category":"","Description":"","Attributes":1,"ValueType":"System.String"},"Value":"GetMany_ReturnsListOfBlacklistedCategoryNameDtos"},{"Key":{"Id":"MSTestDiscoverer.TestClassName","Label":"ClassName","Category":"","Description":"","Attributes":1,"ValueType":"System.String"},"Value":"eventRadar.Tests.BlacklistedCategoryNameControllerTests"},{"Key":{"Id":"TestCase.Hierarchy","Label":"Hierarchy","Category":"","Description":"","Attributes":2,"ValueType":"System.String[]"},"Value":["eventRadar.Tests","BlacklistedCategoryNameControllerTests"]},{"Key":{"Id":"TestObject.Traits","Label":"Traits","Category":"","Description":"","Attributes":5,"ValueType":"System.Collections.Generic.KeyValuePair`2[[System.String],[System.String]][]"},"Value":[]}]},"Attachments":[],"Outcome":1,"ErrorMessage":null,"ErrorStackTrace":null,"DisplayName":"GetMany_ReturnsListOfBlacklistedCategoryNameDtos","Messages":[],"ComputerName":null,"Duration":"00:00:00.0035222","StartTime":"2023-05-12T02:23:37.1216476+03:00","EndTime":"2023-05-12T02:23:37.1253941+03:00","Properties":[{"Key":{"Id":"ExecutionId","Label":"ExecutionId","Category":"","Description":"","Attributes":1,"ValueType":"System.Guid"},"Value":"00000000-0000-0000-0000-000000000000"},{"Key":{"Id":"ParentExecId","Label":"ParentExecId","Category":"","Description":"","Attributes":1,"ValueType":"System.Guid"},"Value":"00000000-0000-0000-0000-000000000000"},{"Key":{"Id":"InnerResultsCount","Label":"InnerResultsCount","Category":"","Description":"","Attributes":1,"ValueType":"System.Int32"},"Value":0}]}],"TestRunStatistics":{"ExecutedTests":18,"Stats":{"Passed":14,"Failed":4}},"ActiveTests":[{"Id":"5d014f32-dc59-8124-3fde-931b15c35fbe","FullyQualifiedName":"eventRadar.Tests.BlacklistedCategoryNameControllerTests.Get_ReturnsNotFoundResult_WhenBlacklistedCategoryNameDoesNotExist","DisplayName":"Get_ReturnsNotFoundResult_WhenBlacklistedCategoryNameDoesNotExist","ExecutorUri":"executor://MSTestAdapter/v2","Source":"C:\\Users\\p4t0s\\Desktop\\eventRadar\\eventRadarUnitTests\\bin\\Debug\\net7.0\\fine-code-coverage\\build-output\\eventRadarUnitTests.dll","CodeFilePath":null,"LineNumber":-1,"Properties":[{"Key":{"Id":"TestCase.ManagedType","Label":"ManagedType","Category":"","Description":"","Attributes":1,"ValueType":"System.String"},"Value":"eventRadar.Tests.BlacklistedCategoryNameControllerTests"},{"Key":{"Id":"TestCase.ManagedMethod","Label":"ManagedMethod","Category":"","Description":"","Attributes":1,"ValueType":"System.String"},"Value":"Get_ReturnsNotFoundResult_WhenBlacklistedCategoryNameDoesNotExist"},{"Key":{"Id":"MSTestDiscoverer.TestClassName","Label":"ClassName","Category":"","Description":"","Attributes":1,"ValueType":"System.String"},"Value":"eventRadar.Tests.BlacklistedCategoryNameControllerTests"},{"Key":{"Id":"TestCase.Hierarchy","Label":"Hierarchy","Category":"","Description":"","Attributes":2,"ValueType":"System.String[]"},"Value":["eventRadar.Tests","BlacklistedCategoryNameControllerTests"]},{"Key":{"Id":"TestObject.Traits","Label":"Traits","Category":"","Description":"","Attributes":5,"ValueType":"System.Collections.Generic.KeyValuePair`2[[System.String],[System.String]][]"},"Value":[]}]}]}}
TpTrace Verbose: 0 : 29888, 12, 2023/05/12, 02:23:37.130, 2618950227778, vstest.console.dll, TestRunRequest:SendTestRunStatsChange: Starting.
TpTrace Verbose: 0 : 29888, 12, 2023/05/12, 02:23:37.130, 2618950228356, vstest.console.dll, InProgress is Get_ReturnsNotFoundResult_WhenBlacklistedCategoryNameDoesNotExist
TpTrace Verbose: 0 : 29888, 12, 2023/05/12, 02:23:37.130, 2618950229015, vstest.console.dll, MulticastDelegateUtilities.SafeInvoke: TestRun.RunStatsChanged: Invoking callbacks was skipped because there are no subscribers.
TpTrace Information: 0 : 29888, 12, 2023/05/12, 02:23:37.130, 2618950229256, vstest.console.dll, TestRunRequest:SendTestRunStatsChange: Completed.
TpTrace Verbose: 0 : 29888, 12, 2023/05/12, 02:23:37.130, 2618950229442, vstest.console.dll, MulticastDelegateUtilities.SafeInvoke: LengthPrefixCommunicationChannel: MessageReceived: Invoking callback 1/1 for Microsoft.VisualStudio.TestPlatform.CommunicationUtilities.TestRequestSender+<>c__DisplayClass34_0., took 2 ms.
TpTrace Verbose: 0 : 29888, 12, 2023/05/12, 02:23:37.130, 2618950229696, vstest.console.dll, TcpClientExtensions.MessageLoopAsync: Polling on remoteEndPoint: 127.0.0.1:63774 localEndPoint: 127.0.0.1:63773
TpTrace Verbose: 0 : 29888, 4, 2023/05/12, 02:23:37.130, 2618950229748, vstest.console.dll, MulticastDelegateUtilities.SafeInvoke: InternalTestLoggerEvents.SendTestResult: Invoking callback 1/1 for Microsoft.VisualStudio.TestPlatform.CommandLine.Internal.ConsoleLogger., took 0 ms.
TpTrace Verbose: 0 : 29888, 4, 2023/05/12, 02:23:37.130, 2618950230310, vstest.console.dll, MulticastDelegateUtilities.SafeInvoke: InternalTestLoggerEvents.SendTestResult: Invoking callback 1/1 for Microsoft.VisualStudio.TestPlatform.CommandLine.Internal.ConsoleLogger., took 0 ms.
TpTrace Verbose: 0 : 29888, 4, 2023/05/12, 02:23:37.130, 2618950231001, vstest.console.dll, MulticastDelegateUtilities.SafeInvoke: InternalTestLoggerEvents.SendTestResult: Invoking callback 1/1 for Microsoft.VisualStudio.TestPlatform.CommandLine.Internal.ConsoleLogger., took 0 ms.
TpTrace Verbose: 0 : 29888, 4, 2023/05/12, 02:23:37.130, 2618950231391, vstest.console.dll, MulticastDelegateUtilities.SafeInvoke: InternalTestLoggerEvents.SendTestResult: Invoking callback 1/1 for Microsoft.VisualStudio.TestPlatform.CommandLine.Internal.ConsoleLogger., took 0 ms.
TpTrace Verbose: 0 : 29888, 4, 2023/05/12, 02:23:37.130, 2618950231723, vstest.console.dll, MulticastDelegateUtilities.SafeInvoke: InternalTestLoggerEvents.SendTestResult: Invoking callback 1/1 for Microsoft.VisualStudio.TestPlatform.CommandLine.Internal.ConsoleLogger., took 0 ms.
TpTrace Verbose: 0 : 29888, 4, 2023/05/12, 02:23:37.130, 2618950232187, vstest.console.dll, MulticastDelegateUtilities.SafeInvoke: InternalTestLoggerEvents.SendTestResult: Invoking callback 1/1 for Microsoft.VisualStudio.TestPlatform.CommandLine.Internal.ConsoleLogger., took 0 ms.
TpTrace Verbose: 0 : 29888, 4, 2023/05/12, 02:23:37.130, 2618950232512, vstest.console.dll, MulticastDelegateUtilities.SafeInvoke: InternalTestLoggerEvents.SendTestResult: Invoking callback 1/1 for Microsoft.VisualStudio.TestPlatform.CommandLine.Internal.ConsoleLogger., took 0 ms.
TpTrace Verbose: 0 : 29888, 4, 2023/05/12, 02:23:37.130, 2618950233892, vstest.console.dll, MulticastDelegateUtilities.SafeInvoke: InternalTestLoggerEvents.SendTestResult: Invoking callback 1/1 for Microsoft.VisualStudio.TestPlatform.CommandLine.Internal.ConsoleLogger., took 0 ms.
TpTrace Verbose: 0 : 29888, 4, 2023/05/12, 02:23:37.130, 2618950234267, vstest.console.dll, MulticastDelegateUtilities.SafeInvoke: InternalTestLoggerEvents.SendTestResult: Invoking callback 1/1 for Microsoft.VisualStudio.TestPlatform.CommandLine.Internal.ConsoleLogger., took 0 ms.
TpTrace Verbose: 0 : 29888, 12, 2023/05/12, 02:23:37.157, 2618950500374, vstest.console.dll, TcpClientExtensions.MessageLoopAsync: NotifyDataAvailable remoteEndPoint: 127.0.0.1:63774 localEndPoint: 127.0.0.1:63773
TpTrace Verbose: 0 : 29888, 12, 2023/05/12, 02:23:37.157, 2618950503467, vstest.console.dll, TestRequestSender.OnExecutionMessageReceived: Received message: {"Version":7,"MessageType":"TestExecution.StatsChange","Payload":{"NewTestResults":[{"TestCase":{"Id":"5d014f32-dc59-8124-3fde-931b15c35fbe","FullyQualifiedName":"eventRadar.Tests.BlacklistedCategoryNameControllerTests.Get_ReturnsNotFoundResult_WhenBlacklistedCategoryNameDoesNotExist","DisplayName":"Get_ReturnsNotFoundResult_WhenBlacklistedCategoryNameDoesNotExist","ExecutorUri":"executor://MSTestAdapter/v2","Source":"C:\\Users\\p4t0s\\Desktop\\eventRadar\\eventRadarUnitTests\\bin\\Debug\\net7.0\\fine-code-coverage\\build-output\\eventRadarUnitTests.dll","CodeFilePath":null,"LineNumber":-1,"Properties":[{"Key":{"Id":"TestCase.ManagedType","Label":"ManagedType","Category":"","Description":"","Attributes":1,"ValueType":"System.String"},"Value":"eventRadar.Tests.BlacklistedCategoryNameControllerTests"},{"Key":{"Id":"TestCase.ManagedMethod","Label":"ManagedMethod","Category":"","Description":"","Attributes":1,"ValueType":"System.String"},"Value":"Get_ReturnsNotFoundResult_WhenBlacklistedCategoryNameDoesNotExist"},{"Key":{"Id":"MSTestDiscoverer.TestClassName","Label":"ClassName","Category":"","Description":"","Attributes":1,"ValueType":"System.String"},"Value":"eventRadar.Tests.BlacklistedCategoryNameControllerTests"},{"Key":{"Id":"TestCase.Hierarchy","Label":"Hierarchy","Category":"","Description":"","Attributes":2,"ValueType":"System.String[]"},"Value":["eventRadar.Tests","BlacklistedCategoryNameControllerTests"]},{"Key":{"Id":"TestObject.Traits","Label":"Traits","Category":"","Description":"","Attributes":5,"ValueType":"System.Collections.Generic.KeyValuePair`2[[System.String],[System.String]][]"},"Value":[]}]},"Attachments":[],"Outcome":1,"ErrorMessage":null,"ErrorStackTrace":null,"DisplayName":"Get_ReturnsNotFoundResult_WhenBlacklistedCategoryNameDoesNotExist","Messages":[],"ComputerName":null,"Duration":"00:00:00.0019094","StartTime":"2023-05-12T02:23:37.128384+03:00","EndTime":"2023-05-12T02:23:37.1304673+03:00","Properties":[{"Key":{"Id":"ExecutionId","Label":"ExecutionId","Category":"","Description":"","Attributes":1,"ValueType":"System.Guid"},"Value":"00000000-0000-0000-0000-000000000000"},{"Key":{"Id":"ParentExecId","Label":"ParentExecId","Category":"","Description":"","Attributes":1,"ValueType":"System.Guid"},"Value":"00000000-0000-0000-0000-000000000000"},{"Key":{"Id":"InnerResultsCount","Label":"InnerResultsCount","Category":"","Description":"","Attributes":1,"ValueType":"System.Int32"},"Value":0}]},{"TestCase":{"Id":"9944b4c6-27de-6372-788b-88b529e3b589","FullyQualifiedName":"eventRadar.Tests.BlacklistedCategoryNameControllerTests.Get_ReturnsBlacklistedCategoryNameDto_WhenBlacklistedCategoryNameExists","DisplayName":"Get_ReturnsBlacklistedCategoryNameDto_WhenBlacklistedCategoryNameExists","ExecutorUri":"executor://MSTestAdapter/v2","Source":"C:\\Users\\p4t0s\\Desktop\\eventRadar\\eventRadarUnitTests\\bin\\Debug\\net7.0\\fine-code-coverage\\build-output\\eventRadarUnitTests.dll","CodeFilePath":null,"LineNumber":-1,"Properties":[{"Key":{"Id":"TestCase.ManagedType","Label":"ManagedType","Category":"","Description":"","Attributes":1,"ValueType":"System.String"},"Value":"eventRadar.Tests.BlacklistedCategoryNameControllerTests"},{"Key":{"Id":"TestCase.ManagedMethod","Label":"ManagedMethod","Category":"","Description":"","Attributes":1,"ValueType":"System.String"},"Value":"Get_ReturnsBlacklistedCategoryNameDto_WhenBlacklistedCategoryNameExists"},{"Key":{"Id":"MSTestDiscoverer.TestClassName","Label":"ClassName","Category":"","Description":"","Attributes":1,"ValueType":"System.String"},"Value":"eventRadar.Tests.BlacklistedCategoryNameControllerTests"},{"Key":{"Id":"TestCase.Hierarchy","Label":"Hierarchy","Category":"","Description":"","Attributes":2,"ValueType":"System.String[]"},"Value":["eventRadar.Tests","BlacklistedCategoryNameControllerTests"]},{"Key":{"Id":"TestObject.Traits","Label":"Traits","Category":"","Description":"","Attributes":5,"ValueType":"System.Collections.Generic.KeyValuePair`2[[System.String],[System.String]][]"},"Value":[]}]},"Attachments":[],"Outcome":1,"ErrorMessage":null,"ErrorStackTrace":null,"DisplayName":"Get_ReturnsBlacklistedCategoryNameDto_WhenBlacklistedCategoryNameExists","Messages":[],"ComputerName":null,"Duration":"00:00:00.0010436","StartTime":"2023-05-12T02:23:37.1322991+03:00","EndTime":"2023-05-12T02:23:37.1334851+03:00","Properties":[{"Key":{"Id":"ExecutionId","Label":"ExecutionId","Category":"","Description":"","Attributes":1,"ValueType":"System.Guid"},"Value":"00000000-0000-0000-0000-000000000000"},{"Key":{"Id":"ParentExecId","Label":"ParentExecId","Category":"","Description":"","Attributes":1,"ValueType":"System.Guid"},"Value":"00000000-0000-0000-0000-000000000000"},{"Key":{"Id":"InnerResultsCount","Label":"InnerResultsCount","Category":"","Description":"","Attributes":1,"ValueType":"System.Int32"},"Value":0}]},{"TestCase":{"Id":"a5feee25-9e74-43ce-2e03-bed6df3cc7eb","FullyQualifiedName":"eventRadar.Tests.BlacklistedCategoryNameControllerTests.Create_ReturnsCreatedAtActionResult_WhenBlacklistedCategoryNameIsCreated","DisplayName":"Create_ReturnsCreatedAtActionResult_WhenBlacklistedCategoryNameIsCreated","ExecutorUri":"executor://MSTestAdapter/v2","Source":"C:\\Users\\p4t0s\\Desktop\\eventRadar\\eventRadarUnitTests\\bin\\Debug\\net7.0\\fine-code-coverage\\build-output\\eventRadarUnitTests.dll","CodeFilePath":null,"LineNumber":-1,"Properties":[{"Key":{"Id":"TestCase.ManagedType","Label":"ManagedType","Category":"","Description":"","Attributes":1,"ValueType":"System.String"},"Value":"eventRadar.Tests.BlacklistedCategoryNameControllerTests"},{"Key":{"Id":"TestCase.ManagedMethod","Label":"ManagedMethod","Category":"","Description":"","Attributes":1,"ValueType":"System.String"},"Value":"Create_ReturnsCreatedAtActionResult_WhenBlacklistedCategoryNameIsCreated"},{"Key":{"Id":"MSTestDiscoverer.TestClassName","Label":"ClassName","Category":"","Description":"","Attributes":1,"ValueType":"System.String"},"Value":"eventRadar.Tests.BlacklistedCategoryNameControllerTests"},{"Key":{"Id":"TestCase.Hierarchy","Label":"Hierarchy","Category":"","Description":"","Attributes":2,"ValueType":"System.String[]"},"Value":["eventRadar.Tests","BlacklistedCategoryNameControllerTests"]},{"Key":{"Id":"TestObject.Traits","Label":"Traits","Category":"","Description":"","Attributes":5,"ValueType":"System.Collections.Generic.KeyValuePair`2[[System.String],[System.String]][]"},"Value":[]}]},"Attachments":[],"Outcome":1,"ErrorMessage":null,"ErrorStackTrace":null,"DisplayName":"Create_ReturnsCreatedAtActionResult_WhenBlacklistedCategoryNameIsCreated","Messages":[],"ComputerName":null,"Duration":"00:00:00.0016051","StartTime":"2023-05-12T02:23:37.1350016+03:00","EndTime":"2023-05-12T02:23:37.1367201+03:00","Properties":[{"Key":{"Id":"ExecutionId","Label":"ExecutionId","Category":"","Description":"","Attributes":1,"ValueType":"System.Guid"},"Value":"00000000-0000-0000-0000-000000000000"},{"Key":{"Id":"ParentExecId","Label":"ParentExecId","Category":"","Description":"","Attributes":1,"ValueType":"System.Guid"},"Value":"00000000-0000-0000-0000-000000000000"},{"Key":{"Id":"InnerResultsCount","Label":"InnerResultsCount","Category":"","Description":"","Attributes":1,"ValueType":"System.Int32"},"Value":0}]},{"TestCase":{"Id":"2567c7f4-7de1-8960-11d6-a74742fe681a","FullyQualifiedName":"eventRadar.Tests.BlacklistedCategoryNameControllerTests.Updated_ReturnsNotFoundResult_WhenBlacklistedCategoryNameDoesNotExist","DisplayName":"Updated_ReturnsNotFoundResult_WhenBlacklistedCategoryNameDoesNotExist","ExecutorUri":"executor://MSTestAdapter/v2","Source":"C:\\Users\\p4t0s\\Desktop\\eventRadar\\eventRadarUnitTests\\bin\\Debug\\net7.0\\fine-code-coverage\\build-output\\eventRadarUnitTests.dll","CodeFilePath":null,"LineNumber":-1,"Properties":[{"Key":{"Id":"TestCase.ManagedType","Label":"ManagedType","Category":"","Description":"","Attributes":1,"ValueType":"System.String"},"Value":"eventRadar.Tests.BlacklistedCategoryNameControllerTests"},{"Key":{"Id":"TestCase.ManagedMethod","Label":"ManagedMethod","Category":"","Description":"","Attributes":1,"ValueType":"System.String"},"Value":"Updated_ReturnsNotFoundResult_WhenBlacklistedCategoryNameDoesNotExist"},{"Key":{"Id":"MSTestDiscoverer.TestClassName","Label":"ClassName","Category":"","Description":"","Attributes":1,"ValueType":"System.String"},"Value":"eventRadar.Tests.BlacklistedCategoryNameControllerTests"},{"Key":{"Id":"TestCase.Hierarchy","Label":"Hierarchy","Category":"","Description":"","Attributes":2,"ValueType":"System.String[]"},"Value":["eventRadar.Tests","BlacklistedCategoryNameControllerTests"]},{"Key":{"Id":"TestObject.Traits","Label":"Traits","Category":"","Description":"","Attributes":5,"ValueType":"System.Collections.Generic.KeyValuePair`2[[System.String],[System.String]][]"},"Value":[]}]},"Attachments":[],"Outcome":1,"ErrorMessage":null,"ErrorStackTrace":null,"DisplayName":"Updated_ReturnsNotFoundResult_WhenBlacklistedCategoryNameDoesNotExist","Messages":[],"ComputerName":null,"Duration":"00:00:00.0012596","StartTime":"2023-05-12T02:23:37.1384319+03:00","EndTime":"2023-05-12T02:23:37.1398361+03:00","Properties":[{"Key":{"Id":"ExecutionId","Label":"ExecutionId","Category":"","Description":"","Attributes":1,"ValueType":"System.Guid"},"Value":"00000000-0000-0000-0000-000000000000"},{"Key":{"Id":"ParentExecId","Label":"ParentExecId","Category":"","Description":"","Attributes":1,"ValueType":"System.Guid"},"Value":"00000000-0000-0000-0000-000000000000"},{"Key":{"Id":"InnerResultsCount","Label":"InnerResultsCount","Category":"","Description":"","Attributes":1,"ValueType":"System.Int32"},"Value":0}]},{"TestCase":{"Id":"2fcd272d-163a-486f-33cb-89e8a9e7be90","FullyQualifiedName":"eventRadar.Tests.BlacklistedCategoryNameControllerTests.Updated_ReturnsOkObjectResult_WhenBlacklistedCategoryNameIsUpdated","DisplayName":"Updated_ReturnsOkObjectResult_WhenBlacklistedCategoryNameIsUpdated","ExecutorUri":"executor://MSTestAdapter/v2","Source":"C:\\Users\\p4t0s\\Desktop\\eventRadar\\eventRadarUnitTests\\bin\\Debug\\net7.0\\fine-code-coverage\\build-output\\eventRadarUnitTests.dll","CodeFilePath":null,"LineNumber":-1,"Properties":[{"Key":{"Id":"TestCase.ManagedType","Label":"ManagedType","Category":"","Description":"","Attributes":1,"ValueType":"System.String"},"Value":"eventRadar.Tests.BlacklistedCategoryNameControllerTests"},{"Key":{"Id":"TestCase.ManagedMethod","Label":"ManagedMethod","Category":"","Description":"","Attributes":1,"ValueType":"System.String"},"Value":"Updated_ReturnsOkObjectResult_WhenBlacklistedCategoryNameIsUpdated"},{"Key":{"Id":"MSTestDiscoverer.TestClassName","Label":"ClassName","Category":"","Description":"","Attributes":1,"ValueType":"System.String"},"Value":"eventRadar.Tests.BlacklistedCategoryNameControllerTests"},{"Key":{"Id":"TestCase.Hierarchy","Label":"Hierarchy","Category":"","Description":"","Attributes":2,"ValueType":"System.String[]"},"Value":["eventRadar.Tests","BlacklistedCategoryNameControllerTests"]},{"Key":{"Id":"TestObject.Traits","Label":"Traits","Category":"","Description":"","Attributes":5,"ValueType":"System.Collections.Generic.KeyValuePair`2[[System.String],[System.String]][]"},"Value":[]}]},"Attachments":[],"Outcome":1,"ErrorMessage":null,"ErrorStackTrace":null,"DisplayName":"Updated_ReturnsOkObjectResult_WhenBlacklistedCategoryNameIsUpdated","Messages":[],"ComputerName":null,"Duration":"00:00:00.0010035","StartTime":"2023-05-12T02:23:37.1413578+03:00","EndTime":"2023-05-12T02:23:37.1424823+03:00","Properties":[{"Key":{"Id":"ExecutionId","Label":"ExecutionId","Category":"","Description":"","Attributes":1,"ValueType":"System.Guid"},"Value":"00000000-0000-0000-0000-000000000000"},{"Key":{"Id":"ParentExecId","Label":"ParentExecId","Category":"","Description":"","Attributes":1,"ValueType":"System.Guid"},"Value":"00000000-0000-0000-0000-000000000000"},{"Key":{"Id":"InnerResultsCount","Label":"InnerResultsCount","Category":"","Description":"","Attributes":1,"ValueType":"System.Int32"},"Value":0}]},{"TestCase":{"Id":"77f15142-a9e7-c610-39eb-1f458da5e087","FullyQualifiedName":"eventRadar.Tests.BlacklistedCategoryNameControllerTests.Remove_ReturnsNotFoundResult_WhenBlacklistedCategoryNameDoesNotExist","DisplayName":"Remove_ReturnsNotFoundResult_WhenBlacklistedCategoryNameDoesNotExist","ExecutorUri":"executor://MSTestAdapter/v2","Source":"C:\\Users\\p4t0s\\Desktop\\eventRadar\\eventRadarUnitTests\\bin\\Debug\\net7.0\\fine-code-coverage\\build-output\\eventRadarUnitTests.dll","CodeFilePath":null,"LineNumber":-1,"Properties":[{"Key":{"Id":"TestCase.ManagedType","Label":"ManagedType","Category":"","Description":"","Attributes":1,"ValueType":"System.String"},"Value":"eventRadar.Tests.BlacklistedCategoryNameControllerTests"},{"Key":{"Id":"TestCase.ManagedMethod","Label":"ManagedMethod","Category":"","Description":"","Attributes":1,"ValueType":"System.String"},"Value":"Remove_ReturnsNotFoundResult_WhenBlacklistedCategoryNameDoesNotExist"},{"Key":{"Id":"MSTestDiscoverer.TestClassName","Label":"ClassName","Category":"","Description":"","Attributes":1,"ValueType":"System.String"},"Value":"eventRadar.Tests.BlacklistedCategoryNameControllerTests"},{"Key":{"Id":"TestCase.Hierarchy","Label":"Hierarchy","Category":"","Description":"","Attributes":2,"ValueType":"System.String[]"},"Value":["eventRadar.Tests","BlacklistedCategoryNameControllerTests"]},{"Key":{"Id":"TestObject.Traits","Label":"Traits","Category":"","Description":"","Attributes":5,"ValueType":"System.Collections.Generic.KeyValuePair`2[[System.String],[System.String]][]"},"Value":[]}]},"Attachments":[],"Outcome":1,"ErrorMessage":null,"ErrorStackTrace":null,"DisplayName":"Remove_ReturnsNotFoundResult_WhenBlacklistedCategoryNameDoesNotExist","Messages":[],"ComputerName":null,"Duration":"00:00:00.0013466","StartTime":"2023-05-12T02:23:37.1443677+03:00","EndTime":"2023-05-12T02:23:37.1458442+03:00","Properties":[{"Key":{"Id":"ExecutionId","Label":"ExecutionId","Category":"","Description":"","Attributes":1,"ValueType":"System.Guid"},"Value":"00000000-0000-0000-0000-000000000000"},{"Key":{"Id":"ParentExecId","Label":"ParentExecId","Category":"","Description":"","Attributes":1,"ValueType":"System.Guid"},"Value":"00000000-0000-0000-0000-000000000000"},{"Key":{"Id":"InnerResultsCount","Label":"InnerResultsCount","Category":"","Description":"","Attributes":1,"ValueType":"System.Int32"},"Value":0}]},{"TestCase":{"Id":"0c3d2975-e55b-7124-43eb-c20e63fcead4","FullyQualifiedName":"eventRadar.Tests.BlacklistedCategoryNameControllerTests.Remove_ReturnsNoContentResult_WhenBlacklistedCategoryNameIsDeleted","DisplayName":"Remove_ReturnsNoContentResult_WhenBlacklistedCategoryNameIsDeleted","ExecutorUri":"executor://MSTestAdapter/v2","Source":"C:\\Users\\p4t0s\\Desktop\\eventRadar\\eventRadarUnitTests\\bin\\Debug\\net7.0\\fine-code-coverage\\build-output\\eventRadarUnitTests.dll","CodeFilePath":null,"LineNumber":-1,"Properties":[{"Key":{"Id":"TestCase.ManagedType","Label":"ManagedType","Category":"","Description":"","Attributes":1,"ValueType":"System.String"},"Value":"eventRadar.Tests.BlacklistedCategoryNameControllerTests"},{"Key":{"Id":"TestCase.ManagedMethod","Label":"ManagedMethod","Category":"","Description":"","Attributes":1,"ValueType":"System.String"},"Value":"Remove_ReturnsNoContentResult_WhenBlacklistedCategoryNameIsDeleted"},{"Key":{"Id":"MSTestDiscoverer.TestClassName","Label":"ClassName","Category":"","Description":"","Attributes":1,"ValueType":"System.String"},"Value":"eventRadar.Tests.BlacklistedCategoryNameControllerTests"},{"Key":{"Id":"TestCase.Hierarchy","Label":"Hierarchy","Category":"","Description":"","Attributes":2,"ValueType":"System.String[]"},"Value":["eventRadar.Tests","BlacklistedCategoryNameControllerTests"]},{"Key":{"Id":"TestObject.Traits","Label":"Traits","Category":"","Description":"","Attributes":5,"ValueType":"System.Collections.Generic.KeyValuePair`2[[System.String],[System.String]][]"},"Value":[]}]},"Attachments":[],"Outcome":1,"ErrorMessage":null,"ErrorStackTrace":null,"DisplayName":"Remove_ReturnsNoContentResult_WhenBlacklistedCategoryNameIsDeleted","Messages":[],"ComputerName":null,"Duration":"00:00:00.0009710","StartTime":"2023-05-12T02:23:37.1473824+03:00","EndTime":"2023-05-12T02:23:37.1484735+03:00","Properties":[{"Key":{"Id":"ExecutionId","Label":"ExecutionId","Category":"","Description":"","Attributes":1,"ValueType":"System.Guid"},"Value":"00000000-0000-0000-0000-000000000000"},{"Key":{"Id":"ParentExecId","Label":"ParentExecId","Category":"","Description":"","Attributes":1,"ValueType":"System.Guid"},"Value":"00000000-0000-0000-0000-000000000000"},{"Key":{"Id":"InnerResultsCount","Label":"InnerResultsCount","Category":"","Description":"","Attributes":1,"ValueType":"System.Int32"},"Value":0}]},{"TestCase":{"Id":"3fc9cbe2-d0ed-4593-4206-2b7988914b75","FullyQualifiedName":"eventRadar.Tests.UserControllerTests.GetMany_ReturnsEmptyList_WhenNoUsersExist","DisplayName":"GetMany_ReturnsEmptyList_WhenNoUsersExist","ExecutorUri":"executor://MSTestAdapter/v2","Source":"C:\\Users\\p4t0s\\Desktop\\eventRadar\\eventRadarUnitTests\\bin\\Debug\\net7.0\\fine-code-coverage\\build-output\\eventRadarUnitTests.dll","CodeFilePath":null,"LineNumber":-1,"Properties":[{"Key":{"Id":"TestCase.ManagedType","Label":"ManagedType","Category":"","Description":"","Attributes":1,"ValueType":"System.String"},"Value":"eventRadar.Tests.UserControllerTests"},{"Key":{"Id":"TestCase.ManagedMethod","Label":"ManagedMethod","Category":"","Description":"","Attributes":1,"ValueType":"System.String"},"Value":"GetMany_ReturnsEmptyList_WhenNoUsersExist"},{"Key":{"Id":"MSTestDiscoverer.TestClassName","Label":"ClassName","Category":"","Description":"","Attributes":1,"ValueType":"System.String"},"Value":"eventRadar.Tests.UserControllerTests"},{"Key":{"Id":"TestCase.Hierarchy","Label":"Hierarchy","Category":"","Description":"","Attributes":2,"ValueType":"System.String[]"},"Value":["eventRadar.Tests","UserControllerTests"]},{"Key":{"Id":"TestObject.Traits","Label":"Traits","Category":"","Description":"","Attributes":5,"ValueType":"System.Collections.Generic.KeyValuePair`2[[System.String],[System.String]][]"},"Value":[]}]},"Attachments":[],"Outcome":1,"ErrorMessage":null,"ErrorStackTrace":null,"DisplayName":"GetMany_ReturnsEmptyList_WhenNoUsersExist","Messages":[],"ComputerName":null,"Duration":"00:00:00.0024940","StartTime":"2023-05-12T02:23:37.1499458+03:00","EndTime":"2023-05-12T02:23:37.1526204+03:00","Properties":[{"Key":{"Id":"ExecutionId","Label":"ExecutionId","Category":"","Description":"","Attributes":1,"ValueType":"System.Guid"},"Value":"00000000-0000-0000-0000-000000000000"},{"Key":{"Id":"ParentExecId","Label":"ParentExecId","Category":"","Description":"","Attributes":1,"ValueType":"System.Guid"},"Value":"00000000-0000-0000-0000-000000000000"},{"Key":{"Id":"InnerResultsCount","Label":"InnerResultsCount","Category":"","Description":"","Attributes":1,"ValueType":"System.Int32"},"Value":0}]},{"TestCase":{"Id":"87801ffd-f1c6-a3bd-3b2d-9635b08f965b","FullyQualifiedName":"eventRadar.Tests.UserControllerTests.GetMany_ReturnsUserDtoList_WhenUsersExist","DisplayName":"GetMany_ReturnsUserDtoList_WhenUsersExist","ExecutorUri":"executor://MSTestAdapter/v2","Source":"C:\\Users\\p4t0s\\Desktop\\eventRadar\\eventRadarUnitTests\\bin\\Debug\\net7.0\\fine-code-coverage\\build-output\\eventRadarUnitTests.dll","CodeFilePath":null,"LineNumber":-1,"Properties":[{"Key":{"Id":"TestCase.ManagedType","Label":"ManagedType","Category":"","Description":"","Attributes":1,"ValueType":"System.String"},"Value":"eventRadar.Tests.UserControllerTests"},{"Key":{"Id":"TestCase.ManagedMethod","Label":"ManagedMethod","Category":"","Description":"","Attributes":1,"ValueType":"System.String"},"Value":"GetMany_ReturnsUserDtoList_WhenUsersExist"},{"Key":{"Id":"MSTestDiscoverer.TestClassName","Label":"ClassName","Category":"","Description":"","Attributes":1,"ValueType":"System.String"},"Value":"eventRadar.Tests.UserControllerTests"},{"Key":{"Id":"TestCase.Hierarchy","Label":"Hierarchy","Category":"","Description":"","Attributes":2,"ValueType":"System.String[]"},"Value":["eventRadar.Tests","UserControllerTests"]},{"Key":{"Id":"TestObject.Traits","Label":"Traits","Category":"","Description":"","Attributes":5,"ValueType":"System.Collections.Generic.KeyValuePair`2[[System.String],[System.String]][]"},"Value":[]}]},"Attachments":[],"Outcome":1,"ErrorMessage":null,"ErrorStackTrace":null,"DisplayName":"GetMany_ReturnsUserDtoList_WhenUsersExist","Messages":[],"ComputerName":null,"Duration":"00:00:00.0013368","StartTime":"2023-05-12T02:23:37.1542189+03:00","EndTime":"2023-05-12T02:23:37.1557326+03:00","Properties":[{"Key":{"Id":"ExecutionId","Label":"ExecutionId","Category":"","Description":"","Attributes":1,"ValueType":"System.Guid"},"Value":"00000000-0000-0000-0000-000000000000"},{"Key":{"Id":"ParentExecId","Label":"ParentExecId","Category":"","Description":"","Attributes":1,"ValueType":"System.Guid"},"Value":"00000000-0000-0000-0000-000000000000"},{"Key":{"Id":"InnerResultsCount","Label":"InnerResultsCount","Category":"","Description":"","Attributes":1,"ValueType":"System.Int32"},"Value":0}]}],"TestRunStatistics":{"ExecutedTests":27,"Stats":{"Passed":23,"Failed":4}},"ActiveTests":[{"Id":"b37c71cb-ffb6-aa3e-05d7-ee7ca31a8aed","FullyQualifiedName":"eventRadar.Tests.UserControllerTests.Get_ReturnsNotFoundResult_WhenUserDoesNotExist","DisplayName":"Get_ReturnsNotFoundResult_WhenUserDoesNotExist","ExecutorUri":"executor://MSTestAdapter/v2","Source":"C:\\Users\\p4t0s\\Desktop\\eventRadar\\eventRadarUnitTests\\bin\\Debug\\net7.0\\fine-code-coverage\\build-output\\eventRadarUnitTests.dll","CodeFilePath":null,"LineNumber":-1,"Properties":[{"Key":{"Id":"TestCase.ManagedType","Label":"ManagedType","Category":"","Description":"","Attributes":1,"ValueType":"System.String"},"Value":"eventRadar.Tests.UserControllerTests"},{"Key":{"Id":"TestCase.ManagedMethod","Label":"ManagedMethod","Category":"","Description":"","Attributes":1,"ValueType":"System.String"},"Value":"Get_ReturnsNotFoundResult_WhenUserDoesNotExist"},{"Key":{"Id":"MSTestDiscoverer.TestClassName","Label":"ClassName","Category":"","Description":"","Attributes":1,"ValueType":"System.String"},"Value":"eventRadar.Tests.UserControllerTests"},{"Key":{"Id":"TestCase.Hierarchy","Label":"Hierarchy","Category":"","Description":"","Attributes":2,"ValueType":"System.String[]"},"Value":["eventRadar.Tests","UserControllerTests"]},{"Key":{"Id":"TestObject.Traits","Label":"Traits","Category":"","Description":"","Attributes":5,"ValueType":"System.Collections.Generic.KeyValuePair`2[[System.String],[System.String]][]"},"Value":[]}]}]}}
TpTrace Verbose: 0 : 29888, 12, 2023/05/12, 02:23:37.160, 2618950528926, vstest.console.dll, TestRunRequest:SendTestRunStatsChange: Starting.
TpTrace Verbose: 0 : 29888, 12, 2023/05/12, 02:23:37.160, 2618950529503, vstest.console.dll, InProgress is Get_ReturnsNotFoundResult_WhenUserDoesNotExist
TpTrace Verbose: 0 : 29888, 12, 2023/05/12, 02:23:37.160, 2618950530066, vstest.console.dll, MulticastDelegateUtilities.SafeInvoke: TestRun.RunStatsChanged: Invoking callbacks was skipped because there are no subscribers.
TpTrace Information: 0 : 29888, 12, 2023/05/12, 02:23:37.160, 2618950530320, vstest.console.dll, TestRunRequest:SendTestRunStatsChange: Completed.
TpTrace Verbose: 0 : 29888, 12, 2023/05/12, 02:23:37.160, 2618950530559, vstest.console.dll, MulticastDelegateUtilities.SafeInvoke: LengthPrefixCommunicationChannel: MessageReceived: Invoking callback 1/1 for Microsoft.VisualStudio.TestPlatform.CommunicationUtilities.TestRequestSender+<>c__DisplayClass34_0., took 2 ms.
TpTrace Verbose: 0 : 29888, 4, 2023/05/12, 02:23:37.160, 2618950530645, vstest.console.dll, MulticastDelegateUtilities.SafeInvoke: InternalTestLoggerEvents.SendTestResult: Invoking callback 1/1 for Microsoft.VisualStudio.TestPlatform.CommandLine.Internal.ConsoleLogger., took 0 ms.
TpTrace Verbose: 0 : 29888, 12, 2023/05/12, 02:23:37.160, 2618950530843, vstest.console.dll, TcpClientExtensions.MessageLoopAsync: Polling on remoteEndPoint: 127.0.0.1:63774 localEndPoint: 127.0.0.1:63773
TpTrace Verbose: 0 : 29888, 4, 2023/05/12, 02:23:37.160, 2618950531581, vstest.console.dll, MulticastDelegateUtilities.SafeInvoke: InternalTestLoggerEvents.SendTestResult: Invoking callback 1/1 for Microsoft.VisualStudio.TestPlatform.CommandLine.Internal.ConsoleLogger., took 0 ms.
TpTrace Verbose: 0 : 29888, 4, 2023/05/12, 02:23:37.160, 2618950532001, vstest.console.dll, MulticastDelegateUtilities.SafeInvoke: InternalTestLoggerEvents.SendTestResult: Invoking callback 1/1 for Microsoft.VisualStudio.TestPlatform.CommandLine.Internal.ConsoleLogger., took 0 ms.
TpTrace Verbose: 0 : 29888, 4, 2023/05/12, 02:23:37.160, 2618950532362, vstest.console.dll, MulticastDelegateUtilities.SafeInvoke: InternalTestLoggerEvents.SendTestResult: Invoking callback 1/1 for Microsoft.VisualStudio.TestPlatform.CommandLine.Internal.ConsoleLogger., took 0 ms.
TpTrace Verbose: 0 : 29888, 4, 2023/05/12, 02:23:37.160, 2618950532705, vstest.console.dll, MulticastDelegateUtilities.SafeInvoke: InternalTestLoggerEvents.SendTestResult: Invoking callback 1/1 for Microsoft.VisualStudio.TestPlatform.CommandLine.Internal.ConsoleLogger., took 0 ms.
TpTrace Verbose: 0 : 29888, 4, 2023/05/12, 02:23:37.160, 2618950533022, vstest.console.dll, MulticastDelegateUtilities.SafeInvoke: InternalTestLoggerEvents.SendTestResult: Invoking callback 1/1 for Microsoft.VisualStudio.TestPlatform.CommandLine.Internal.ConsoleLogger., took 0 ms.
TpTrace Verbose: 0 : 29888, 4, 2023/05/12, 02:23:37.160, 2618950533691, vstest.console.dll, MulticastDelegateUtilities.SafeInvoke: InternalTestLoggerEvents.SendTestResult: Invoking callback 1/1 for Microsoft.VisualStudio.TestPlatform.CommandLine.Internal.ConsoleLogger., took 0 ms.
TpTrace Verbose: 0 : 29888, 4, 2023/05/12, 02:23:37.160, 2618950534034, vstest.console.dll, MulticastDelegateUtilities.SafeInvoke: InternalTestLoggerEvents.SendTestResult: Invoking callback 1/1 for Microsoft.VisualStudio.TestPlatform.CommandLine.Internal.ConsoleLogger., took 0 ms.
TpTrace Verbose: 0 : 29888, 4, 2023/05/12, 02:23:37.160, 2618950534767, vstest.console.dll, MulticastDelegateUtilities.SafeInvoke: InternalTestLoggerEvents.SendTestResult: Invoking callback 1/1 for Microsoft.VisualStudio.TestPlatform.CommandLine.Internal.ConsoleLogger., took 0 ms.
TpTrace Verbose: 0 : 29888, 12, 2023/05/12, 02:23:37.176, 2618950687148, vstest.console.dll, TcpClientExtensions.MessageLoopAsync: NotifyDataAvailable remoteEndPoint: 127.0.0.1:63774 localEndPoint: 127.0.0.1:63773
TpTrace Verbose: 0 : 29888, 12, 2023/05/12, 02:23:37.176, 2618950689007, vstest.console.dll, TestRequestSender.OnExecutionMessageReceived: Received message: {"Version":7,"MessageType":"TestExecution.Completed","Payload":{"TestRunCompleteArgs":{"TestRunStatistics":{"ExecutedTests":29,"Stats":{"Passed":24,"Failed":5}},"IsCanceled":false,"IsAborted":false,"Error":null,"AttachmentSets":[],"InvokedDataCollectors":[],"ElapsedTimeInRunningTests":"00:00:00.3722546","Metrics":{},"DiscoveredExtensions":{"TestDiscoverers":["Microsoft.VisualStudio.TestPlatform.MSTest.TestAdapter.MSTestDiscoverer, Microsoft.VisualStudio.TestPlatform.MSTest.TestAdapter, Version=14.0.0.0, Culture=neutral, PublicKeyToken=b03f5f7f11d50a3a"],"TestExecutors":["executor://MSTestAdapter/v2"],"TestExecutors2":[],"TestSettingsProviders":[]}},"LastRunTests":{"NewTestResults":[{"TestCase":{"Id":"b37c71cb-ffb6-aa3e-05d7-ee7ca31a8aed","FullyQualifiedName":"eventRadar.Tests.UserControllerTests.Get_ReturnsNotFoundResult_WhenUserDoesNotExist","DisplayName":"Get_ReturnsNotFoundResult_WhenUserDoesNotExist","ExecutorUri":"executor://MSTestAdapter/v2","Source":"C:\\Users\\p4t0s\\Desktop\\eventRadar\\eventRadarUnitTests\\bin\\Debug\\net7.0\\fine-code-coverage\\build-output\\eventRadarUnitTests.dll","CodeFilePath":null,"LineNumber":-1,"Properties":[{"Key":{"Id":"TestCase.ManagedType","Label":"ManagedType","Category":"","Description":"","Attributes":1,"ValueType":"System.String"},"Value":"eventRadar.Tests.UserControllerTests"},{"Key":{"Id":"TestCase.ManagedMethod","Label":"ManagedMethod","Category":"","Description":"","Attributes":1,"ValueType":"System.String"},"Value":"Get_ReturnsNotFoundResult_WhenUserDoesNotExist"},{"Key":{"Id":"MSTestDiscoverer.TestClassName","Label":"ClassName","Category":"","Description":"","Attributes":1,"ValueType":"System.String"},"Value":"eventRadar.Tests.UserControllerTests"},{"Key":{"Id":"TestCase.Hierarchy","Label":"Hierarchy","Category":"","Description":"","Attributes":2,"ValueType":"System.String[]"},"Value":["eventRadar.Tests","UserControllerTests"]},{"Key":{"Id":"TestObject.Traits","Label":"Traits","Category":"","Description":"","Attributes":5,"ValueType":"System.Collections.Generic.KeyValuePair`2[[System.String],[System.String]][]"},"Value":[]}]},"Attachments":[],"Outcome":1,"ErrorMessage":null,"ErrorStackTrace":null,"DisplayName":"Get_ReturnsNotFoundResult_WhenUserDoesNotExist","Messages":[],"ComputerName":null,"Duration":"00:00:00.0011365","StartTime":"2023-05-12T02:23:37.1583349+03:00","EndTime":"2023-05-12T02:23:37.1596535+03:00","Properties":[{"Key":{"Id":"ExecutionId","Label":"ExecutionId","Category":"","Description":"","Attributes":1,"ValueType":"System.Guid"},"Value":"00000000-0000-0000-0000-000000000000"},{"Key":{"Id":"ParentExecId","Label":"ParentExecId","Category":"","Description":"","Attributes":1,"ValueType":"System.Guid"},"Value":"00000000-0000-0000-0000-000000000000"},{"Key":{"Id":"InnerResultsCount","Label":"InnerResultsCount","Category":"","Description":"","Attributes":1,"ValueType":"System.Int32"},"Value":0}]},{"TestCase":{"Id":"7f3095fa-8c02-98e3-e382-4e02be608bfb","FullyQualifiedName":"eventRadar.Tests.UserControllerTests.Get_ReturnsOkObjectResult_WhenUserExists","DisplayName":"Get_ReturnsOkObjectResult_WhenUserExists","ExecutorUri":"executor://MSTestAdapter/v2","Source":"C:\\Users\\p4t0s\\Desktop\\eventRadar\\eventRadarUnitTests\\bin\\Debug\\net7.0\\fine-code-coverage\\build-output\\eventRadarUnitTests.dll","CodeFilePath":null,"LineNumber":-1,"Properties":[{"Key":{"Id":"TestCase.ManagedType","Label":"ManagedType","Category":"","Description":"","Attributes":1,"ValueType":"System.String"},"Value":"eventRadar.Tests.UserControllerTests"},{"Key":{"Id":"TestCase.ManagedMethod","Label":"ManagedMethod","Category":"","Description":"","Attributes":1,"ValueType":"System.String"},"Value":"Get_ReturnsOkObjectResult_WhenUserExists"},{"Key":{"Id":"MSTestDiscoverer.TestClassName","Label":"ClassName","Category":"","Description":"","Attributes":1,"ValueType":"System.String"},"Value":"eventRadar.Tests.UserControllerTests"},{"Key":{"Id":"TestCase.Hierarchy","Label":"Hierarchy","Category":"","Description":"","Attributes":2,"ValueType":"System.String[]"},"Value":["eventRadar.Tests","UserControllerTests"]},{"Key":{"Id":"TestObject.Traits","Label":"Traits","Category":"","Description":"","Attributes":5,"ValueType":"System.Collections.Generic.KeyValuePair`2[[System.String],[System.String]][]"},"Value":[]}]},"Attachments":[],"Outcome":2,"ErrorMessage":"Assert.IsInstanceOfType failed. ","ErrorStackTrace":"   at eventRadar.Tests.UserControllerTests.Get_ReturnsOkObjectResult_WhenUserExists() in C:\\Users\\p4t0s\\Desktop\\eventRadar\\eventRadarUnitTests\\UserControllerTests.cs:line 93\r\n   at Microsoft.VisualStudio.TestPlatform.MSTestAdapter.PlatformServices.ThreadOperations.ExecuteWithAbortSafety(Action action)\r\n","DisplayName":"Get_ReturnsOkObjectResult_WhenUserExists","Messages":[],"ComputerName":null,"Duration":"00:00:00.0015207","StartTime":"2023-05-12T02:23:37.161327+03:00","EndTime":"2023-05-12T02:23:37.1629717+03:00","Properties":[{"Key":{"Id":"ExecutionId","Label":"ExecutionId","Category":"","Description":"","Attributes":1,"ValueType":"System.Guid"},"Value":"00000000-0000-0000-0000-000000000000"},{"Key":{"Id":"ParentExecId","Label":"ParentExecId","Category":"","Description":"","Attributes":1,"ValueType":"System.Guid"},"Value":"00000000-0000-0000-0000-000000000000"},{"Key":{"Id":"InnerResultsCount","Label":"InnerResultsCount","Category":"","Description":"","Attributes":1,"ValueType":"System.Int32"},"Value":0}]}],"TestRunStatistics":{"ExecutedTests":29,"Stats":{"Passed":24,"Failed":5}},"ActiveTests":[]},"RunAttachments":[],"ExecutorUris":["executor://mstestadapter/v2"]}}
TpTrace Verbose: 0 : 29888, 12, 2023/05/12, 02:23:37.176, 2618950690004, vstest.console.dll, TestRequestSender.EndSession: Sending end session.
TpTrace Verbose: 0 : 29888, 12, 2023/05/12, 02:23:37.176, 2618950691166, vstest.console.dll, ProxyOperationManager.Close: waiting for test host to exit for 100 ms
TpTrace Warning: 0 : 29888, 11, 2023/05/12, 02:23:37.190, 2618950829371, vstest.console.dll, TestHostManagerCallbacks.ErrorReceivedCallback Test host standard error line: 
TpTrace Verbose: 0 : 29888, 11, 2023/05/12, 02:23:37.195, 2618950885100, vstest.console.dll, TestHostProvider.ExitCallBack: Host exited starting callback.
TpTrace Information: 0 : 29888, 11, 2023/05/12, 02:23:37.196, 2618950886630, vstest.console.dll, TestHostManagerCallbacks.ExitCallBack: Testhost processId: 19540 exited with exitcode: 0 error: ''
TpTrace Verbose: 0 : 29888, 11, 2023/05/12, 02:23:37.196, 2618950887006, vstest.console.dll, DotnetTestHostManager.OnHostExited: invoking OnHostExited callback
TpTrace Verbose: 0 : 29888, 11, 2023/05/12, 02:23:37.196, 2618950887437, vstest.console.dll, CrossPlatEngine.TestHostManagerHostExited: calling on client process exit callback.
TpTrace Information: 0 : 29888, 11, 2023/05/12, 02:23:37.196, 2618950887865, vstest.console.dll, TestRequestSender.OnClientProcessExit: Test host process exited. Standard error: 
TpTrace Information: 0 : 29888, 11, 2023/05/12, 02:23:37.196, 2618950888160, vstest.console.dll, SocketServer.Stop: Stop server endPoint: 127.0.0.1:63773
TpTrace Information: 0 : 29888, 11, 2023/05/12, 02:23:37.196, 2618950888357, vstest.console.dll, SocketServer.Stop: Cancellation requested. Stopping message loop.
TpTrace Information: 0 : 29888, 12, 2023/05/12, 02:23:37.196, 2618950888549, vstest.console.dll, SocketServer.Stop: Stop server endPoint: 127.0.0.1:63773
TpTrace Information: 0 : 29888, 12, 2023/05/12, 02:23:37.196, 2618950888951, vstest.console.dll, SocketServer.Stop: Cancellation requested. Stopping message loop.
TpTrace Verbose: 0 : 29888, 11, 2023/05/12, 02:23:37.196, 2618950888953, vstest.console.dll, MulticastDelegateUtilities.SafeInvoke: HostProviderEvents.OnHostExited: Invoking callback 1/1 for Microsoft.VisualStudio.TestPlatform.CrossPlatEngine.Client.ProxyOperationManager., took 0 ms.
TpTrace Information: 0 : 29888, 12, 2023/05/12, 02:23:37.196, 2618950889225, vstest.console.dll, Closing the connection
TpTrace Verbose: 0 : 29888, 12, 2023/05/12, 02:23:37.196, 2618950890815, vstest.console.dll, ProxyDataCollectionManager.InvokeDataCollectionServiceAction: Starting.
TpTrace Information: 0 : 29888, 12, 2023/05/12, 02:23:37.196, 2618950891162, vstest.console.dll, ProxyDataCollectionManager.AfterTestRunEnd: Get attachment set and invoked data collectors processId: 30208 port: 63770
TpTrace Verbose: 0 : 29888, 12, 2023/05/12, 02:23:37.196, 2618950891519, vstest.console.dll, DataCollectionRequestSender.SendAfterTestRunStartAndGetResult: Send AfterTestRunEnd message with isCancelled: False
TpTrace Verbose: 0 : 29888, 12, 2023/05/12, 02:23:37.201, 2618950945081, vstest.console.dll, DataCollectionRequestSender.SendAfterTestRunStartAndGetResult: Received message: (DataCollection.AfterTestRunEndResult) -> {"MessageType":"DataCollection.AfterTestRunEndResult","Payload":{"AttachmentSets":[],"InvokedDataCollectors":[{"Uri":"datacollector://Microsoft/TestPlatform/Extensions/Blame/v1","FriendlyName":"Blame","AssemblyQualifiedName":"Microsoft.TestPlatform.Extensions.BlameDataCollector.BlameCollector, Microsoft.TestPlatform.Extensions.BlameDataCollector, Version=15.0.0.0, Culture=neutral, PublicKeyToken=b03f5f7f11d50a3a","FilePath":"C:\\Program Files\\dotnet\\sdk\\7.0.203\\Extensions\\Microsoft.TestPlatform.Extensions.BlameDataCollector.dll","HasAttachmentProcessor":false}],"Metrics":{}}}
TpTrace Warning: 0 : 29888, 9, 2023/05/12, 02:23:37.206, 2618950988421, vstest.console.dll, DataCollectionLauncher.ErrorReceivedCallback datacollector standard error line: 
TpTrace Information: 0 : 29888, 12, 2023/05/12, 02:23:37.206, 2618950989197, vstest.console.dll, ProxyDataCollectionManager.InvokeDataCollectionServiceAction: Completed.
TpTrace Information: 0 : 29888, 9, 2023/05/12, 02:23:37.210, 2618951028844, vstest.console.dll, DataCollectionLauncher.ExitCallBack: Data collector exited with exitcode: 0 error: ''
TpTrace Verbose: 0 : 29888, 12, 2023/05/12, 02:23:37.237, 2618951296661, vstest.console.dll, TestRunRequest:SendTestRunStatsChange: Starting.
TpTrace Verbose: 0 : 29888, 12, 2023/05/12, 02:23:37.237, 2618951297942, vstest.console.dll, MulticastDelegateUtilities.SafeInvoke: TestRun.RunStatsChanged: Invoking callbacks was skipped because there are no subscribers.
TpTrace Information: 0 : 29888, 12, 2023/05/12, 02:23:37.237, 2618951298171, vstest.console.dll, TestRunRequest:SendTestRunStatsChange: Completed.
TpTrace Verbose: 0 : 29888, 4, 2023/05/12, 02:23:37.237, 2618951298522, vstest.console.dll, MulticastDelegateUtilities.SafeInvoke: InternalTestLoggerEvents.SendTestResult: Invoking callback 1/1 for Microsoft.VisualStudio.TestPlatform.CommandLine.Internal.ConsoleLogger., took 0 ms.
TpTrace Verbose: 0 : 29888, 4, 2023/05/12, 02:23:37.237, 2618951300178, vstest.console.dll, MulticastDelegateUtilities.SafeInvoke: InternalTestLoggerEvents.SendTestResult: Invoking callback 1/1 for Microsoft.VisualStudio.TestPlatform.CommandLine.Internal.ConsoleLogger., took 0 ms.
TpTrace Verbose: 0 : 29888, 12, 2023/05/12, 02:23:37.237, 2618951301309, vstest.console.dll, ParallelProxyExecutionManager: HandlePartialRunComplete: Total completed clients = 1, Run complete = True, Run canceled: False.
TpTrace Verbose: 0 : 29888, 4, 2023/05/12, 02:23:37.243, 2618951364959, vstest.console.dll, MulticastDelegateUtilities.SafeInvoke: InternalTestLoggerEvents.SendTestRunComplete: Invoking callback 1/2 for Microsoft.TestPlatform.Extensions.BlameDataCollector.BlameLogger., took 0 ms.
TpTrace Verbose: 0 : 29888, 4, 2023/05/12, 02:23:37.247, 2618951401640, vstest.console.dll, MulticastDelegateUtilities.SafeInvoke: InternalTestLoggerEvents.SendTestRunComplete: Invoking callback 2/2 for Microsoft.VisualStudio.TestPlatform.CommandLine.Internal.ConsoleLogger., took 3 ms.
TpTrace Verbose: 0 : 29888, 12, 2023/05/12, 02:23:37.247, 2618951403665, vstest.console.dll, TestRunRequest:TestRunComplete: Starting. IsAborted:False IsCanceled:False.
TpTrace Verbose: 0 : 29888, 12, 2023/05/12, 02:23:37.248, 2618951415213, vstest.console.dll, TestLoggerManager.HandleTestRunComplete: Ignoring as the object is disposed.
TpTrace Verbose: 0 : 29888, 12, 2023/05/12, 02:23:37.249, 2618951416606, vstest.console.dll, MulticastDelegateUtilities.SafeInvoke: TestRun.TestRunComplete: Invoking callback 1/2 for Microsoft.VisualStudio.TestPlatform.CommandLine.TestRunResultAggregator., took 0 ms.
TpTrace Verbose: 0 : 29888, 12, 2023/05/12, 02:23:37.249, 2618951417963, vstest.console.dll, MulticastDelegateUtilities.SafeInvoke: TestRun.TestRunComplete: Invoking callback 2/2 for Microsoft.VisualStudio.TestPlatform.CommandLine.Processors.RunTestsArgumentExecutor+TestRunRequestEventsRegistrar., took 0 ms.
TpTrace Information: 0 : 29888, 12, 2023/05/12, 02:23:37.249, 2618951418703, vstest.console.dll, TestRunRequest:TestRunComplete: Completed.
TpTrace Verbose: 0 : 29888, 12, 2023/05/12, 02:23:37.249, 2618951419117, vstest.console.dll, TestRequestSender.SetOperationComplete: Setting operation complete.
TpTrace Verbose: 0 : 29888, 1, 2023/05/12, 02:23:37.249, 2618951419195, vstest.console.dll, TestRunRequest.Dispose: Starting.
TpTrace Information: 0 : 29888, 12, 2023/05/12, 02:23:37.249, 2618951419479, vstest.console.dll, SocketServer.Stop: Stop server endPoint: 127.0.0.1:63773
TpTrace Information: 0 : 29888, 1, 2023/05/12, 02:23:37.249, 2618951420057, vstest.console.dll, TestRunRequest.Dispose: Completed.
TpTrace Information: 0 : 29888, 12, 2023/05/12, 02:23:37.249, 2618951420492, vstest.console.dll, SocketServer.Stop: Cancellation requested. Stopping message loop.
TpTrace Information: 0 : 29888, 1, 2023/05/12, 02:23:37.249, 2618951421102, vstest.console.dll, TestRequestManager.RunTests: run tests completed.
TpTrace Verbose: 0 : 29888, 12, 2023/05/12, 02:23:37.249, 2618951421316, vstest.console.dll, MulticastDelegateUtilities.SafeInvoke: LengthPrefixCommunicationChannel: MessageReceived: Invoking callback 1/1 for Microsoft.VisualStudio.TestPlatform.CommunicationUtilities.TestRequestSender+<>c__DisplayClass34_0., took 73 ms.
TpTrace Information: 0 : 29888, 12, 2023/05/12, 02:23:37.249, 2618951422028, vstest.console.dll, SocketServer.PrivateStop: Stopping server endPoint: 127.0.0.1:63773 error: 
TpTrace Information: 0 : 29888, 1, 2023/05/12, 02:23:37.249, 2618951422250, vstest.console.dll, RunTestsArgumentProcessor:Execute: Test run is completed.
TpTrace Verbose: 0 : 29888, 1, 2023/05/12, 02:23:37.249, 2618951423781, vstest.console.dll, Executor.Execute: Exiting with exit code of 1
TpTrace Verbose: 0 : 29888, 12, 2023/05/12, 02:23:37.249, 2618951425408, vstest.console.dll, LengthPrefixCommunicationChannel.Dispose: Dispose reader and writer.
TpTrace Information: 0 : 29888, 12, 2023/05/12, 02:23:37.250, 2618951425975, vstest.console.dll, SocketServer.Stop: Raise disconnected event endPoint: 127.0.0.1:63773 error: 
TpTrace Verbose: 0 : 29888, 12, 2023/05/12, 02:23:37.250, 2618951426472, vstest.console.dll, TestRequestSender: OnTestRunAbort: Operation is already complete. Skip error message.
TpTrace Verbose: 0 : 29888, 12, 2023/05/12, 02:23:37.250, 2618951426755, vstest.console.dll, MulticastDelegateUtilities.SafeInvoke: SocketServer: ClientDisconnected: Invoking callback 1/1 for Microsoft.VisualStudio.TestPlatform.CommunicationUtilities.TestRequestSender., took 0 ms.
TpTrace Verbose: 0 : 29888, 12, 2023/05/12, 02:23:37.250, 2618951426938, vstest.console.dll, TcpClientExtensions.MessageLoopAsync: exiting MessageLoopAsync remoteEndPoint: 127.0.0.1:63774 localEndPoint: 127.0.0.1:63773
